CRITICAL - 2021-03-24 17:42:52 --> Illegal string offset 'login_pass'
#0 E:\Project\CI\MLM\mlm\panel\Modules\Common\Libraries\Joshua_auth.php(106): CodeIgniter\Debug\Exceptions->errorHandler(2, 'Illegal string ...', 'E:\\Project\\CI\\M...', 106, Array)
#1 E:\Project\CI\MLM\mlm\panel\Modules\Auth\Controllers\Auth.php(221): Modules\Common\Libraries\Joshua_auth->member_login('test1', 'test1')
#2 E:\Project\CI\MLM\mlm\panel\vendor\codeigniter4\framework\system\CodeIgniter.php(935): Modules\Auth\Controllers\Auth->member_index()
#3 E:\Project\CI\MLM\mlm\panel\vendor\codeigniter4\framework\system\CodeIgniter.php(431): CodeIgniter\CodeIgniter->runController(Object(Modules\Auth\Controllers\Auth))
#4 E:\Project\CI\MLM\mlm\panel\vendor\codeigniter4\framework\system\CodeIgniter.php(332): CodeIgniter\CodeIgniter->handleRequest(NULL, Object(Config\Cache), false)
#5 E:\Project\CI\MLM\mlm\public\index.php(44): CodeIgniter\CodeIgniter->run()
#6 {main}
CRITICAL - 2021-03-24 17:43:07 --> Illegal string offset 'login_pass'
#0 E:\Project\CI\MLM\mlm\panel\Modules\Common\Libraries\Joshua_auth.php(106): CodeIgniter\Debug\Exceptions->errorHandler(2, 'Illegal string ...', 'E:\\Project\\CI\\M...', 106, Array)
#1 E:\Project\CI\MLM\mlm\panel\Modules\Auth\Controllers\Auth.php(221): Modules\Common\Libraries\Joshua_auth->member_login('test1', 'test1')
#2 E:\Project\CI\MLM\mlm\panel\vendor\codeigniter4\framework\system\CodeIgniter.php(935): Modules\Auth\Controllers\Auth->member_index()
#3 E:\Project\CI\MLM\mlm\panel\vendor\codeigniter4\framework\system\CodeIgniter.php(431): CodeIgniter\CodeIgniter->runController(Object(Modules\Auth\Controllers\Auth))
#4 E:\Project\CI\MLM\mlm\panel\vendor\codeigniter4\framework\system\CodeIgniter.php(332): CodeIgniter\CodeIgniter->handleRequest(NULL, Object(Config\Cache), false)
#5 E:\Project\CI\MLM\mlm\public\index.php(44): CodeIgniter\CodeIgniter->run()
#6 {main}
CRITICAL - 2021-03-24 17:44:28 --> sizeof(): Parameter must be an array or an object that implements Countable
#0 [internal function]: CodeIgniter\Debug\Exceptions->errorHandler(2, 'sizeof(): Param...', 'E:\\Project\\CI\\M...', 232, Array)
#1 E:\Project\CI\MLM\mlm\panel\Modules\Auth\Controllers\Auth.php(232): sizeof(NULL)
#2 E:\Project\CI\MLM\mlm\panel\vendor\codeigniter4\framework\system\CodeIgniter.php(935): Modules\Auth\Controllers\Auth->member_index()
#3 E:\Project\CI\MLM\mlm\panel\vendor\codeigniter4\framework\system\CodeIgniter.php(431): CodeIgniter\CodeIgniter->runController(Object(Modules\Auth\Controllers\Auth))
#4 E:\Project\CI\MLM\mlm\panel\vendor\codeigniter4\framework\system\CodeIgniter.php(332): CodeIgniter\CodeIgniter->handleRequest(NULL, Object(Config\Cache), false)
#5 E:\Project\CI\MLM\mlm\public\index.php(44): CodeIgniter\CodeIgniter->run()
#6 {main}
CRITICAL - 2021-03-24 17:46:03 --> sizeof(): Parameter must be an array or an object that implements Countable
#0 [internal function]: CodeIgniter\Debug\Exceptions->errorHandler(2, 'sizeof(): Param...', 'E:\\Project\\CI\\M...', 232, Array)
#1 E:\Project\CI\MLM\mlm\panel\Modules\Auth\Controllers\Auth.php(232): sizeof(NULL)
#2 E:\Project\CI\MLM\mlm\panel\vendor\codeigniter4\framework\system\CodeIgniter.php(935): Modules\Auth\Controllers\Auth->member_index()
#3 E:\Project\CI\MLM\mlm\panel\vendor\codeigniter4\framework\system\CodeIgniter.php(431): CodeIgniter\CodeIgniter->runController(Object(Modules\Auth\Controllers\Auth))
#4 E:\Project\CI\MLM\mlm\panel\vendor\codeigniter4\framework\system\CodeIgniter.php(332): CodeIgniter\CodeIgniter->handleRequest(NULL, Object(Config\Cache), false)
#5 E:\Project\CI\MLM\mlm\public\index.php(44): CodeIgniter\CodeIgniter->run()
#6 {main}
CRITICAL - 2021-03-24 21:48:25 --> Undefined index: reftotal
#0 E:\Project\CI\MLM\mlm\panel\Modules\Member\Controllers\Genealogy.php(48): CodeIgniter\Debug\Exceptions->errorHandler(8, 'Undefined index...', 'E:\\Project\\CI\\M...', 48, Array)
#1 E:\Project\CI\MLM\mlm\panel\vendor\codeigniter4\framework\system\CodeIgniter.php(935): Modules\Member\Controllers\Genealogy->index()
#2 E:\Project\CI\MLM\mlm\panel\vendor\codeigniter4\framework\system\CodeIgniter.php(431): CodeIgniter\CodeIgniter->runController(Object(Modules\Member\Controllers\Genealogy))
#3 E:\Project\CI\MLM\mlm\panel\vendor\codeigniter4\framework\system\CodeIgniter.php(332): CodeIgniter\CodeIgniter->handleRequest(NULL, Object(Config\Cache), false)
#4 E:\Project\CI\MLM\mlm\public\index.php(44): CodeIgniter\CodeIgniter->run()
#5 {main}
