ERROR - 2021-03-30 16:47:04 --> mysqli_sql_exception: Unknown column 'vw_product_codes.activation_code_id' in 'where clause' in E:\Project\CI\MLM\mlm\panel\vendor\codeigniter4\framework\system\Database\MySQLi\Connection.php:314
Stack trace:
#0 E:\Project\CI\MLM\mlm\panel\vendor\codeigniter4\framework\system\Database\MySQLi\Connection.php(314): mysqli->query('SELECT *\nFROM `...')
#1 E:\Project\CI\MLM\mlm\panel\vendor\codeigniter4\framework\system\Database\BaseConnection.php(715): CodeIgniter\Database\MySQLi\Connection->execute('SELECT *\nFROM `...')
#2 E:\Project\CI\MLM\mlm\panel\vendor\codeigniter4\framework\system\Database\BaseConnection.php(643): CodeIgniter\Database\BaseConnection->simpleQuery('SELECT *\nFROM `...')
#3 E:\Project\CI\MLM\mlm\panel\vendor\codeigniter4\framework\system\Database\BaseBuilder.php(1866): CodeIgniter\Database\BaseConnection->query('SELECT *\nFROM `...', Array, false)
#4 E:\Project\CI\MLM\mlm\panel\vendor\codeigniter4\framework\system\Model.php(169): CodeIgniter\Database\BaseBuilder->get()
#5 E:\Project\CI\MLM\mlm\panel\vendor\codeigniter4\framework\system\BaseModel.php(518): CodeIgniter\Model->doFind(true, 'prod-ISjQDRXX')
#6 E:\Project\CI\MLM\mlm\panel\Modules\API\Controllers\Api_product_codes.php(58): CodeIgniter\BaseModel->find('prod-ISjQDRXX')
#7 E:\Project\CI\MLM\mlm\panel\vendor\codeigniter4\framework\system\CodeIgniter.php(935): Modules\API\Controllers\Api_product_codes->show('prod-ISjQDRXX')
#8 E:\Project\CI\MLM\mlm\panel\vendor\codeigniter4\framework\system\CodeIgniter.php(431): CodeIgniter\CodeIgniter->runController(Object(Modules\API\Controllers\Api_product_codes))
#9 E:\Project\CI\MLM\mlm\panel\vendor\codeigniter4\framework\system\CodeIgniter.php(332): CodeIgniter\CodeIgniter->handleRequest(NULL, Object(Config\Cache), false)
#10 E:\Project\CI\MLM\mlm\public\index.php(44): CodeIgniter\CodeIgniter->run()
#11 {main}
CRITICAL - 2021-03-30 16:47:04 --> Unknown column 'vw_product_codes.activation_code_id' in 'where clause'
#0 E:\Project\CI\MLM\mlm\panel\vendor\codeigniter4\framework\system\Database\MySQLi\Connection.php(314): mysqli->query('SELECT *\nFROM `...')
#1 E:\Project\CI\MLM\mlm\panel\vendor\codeigniter4\framework\system\Database\BaseConnection.php(715): CodeIgniter\Database\MySQLi\Connection->execute('SELECT *\nFROM `...')
#2 E:\Project\CI\MLM\mlm\panel\vendor\codeigniter4\framework\system\Database\BaseConnection.php(643): CodeIgniter\Database\BaseConnection->simpleQuery('SELECT *\nFROM `...')
#3 E:\Project\CI\MLM\mlm\panel\vendor\codeigniter4\framework\system\Database\BaseBuilder.php(1866): CodeIgniter\Database\BaseConnection->query('SELECT *\nFROM `...', Array, false)
#4 E:\Project\CI\MLM\mlm\panel\vendor\codeigniter4\framework\system\Model.php(169): CodeIgniter\Database\BaseBuilder->get()
#5 E:\Project\CI\MLM\mlm\panel\vendor\codeigniter4\framework\system\BaseModel.php(518): CodeIgniter\Model->doFind(true, 'prod-ISjQDRXX')
#6 E:\Project\CI\MLM\mlm\panel\Modules\API\Controllers\Api_product_codes.php(58): CodeIgniter\BaseModel->find('prod-ISjQDRXX')
#7 E:\Project\CI\MLM\mlm\panel\vendor\codeigniter4\framework\system\CodeIgniter.php(935): Modules\API\Controllers\Api_product_codes->show('prod-ISjQDRXX')
#8 E:\Project\CI\MLM\mlm\panel\vendor\codeigniter4\framework\system\CodeIgniter.php(431): CodeIgniter\CodeIgniter->runController(Object(Modules\API\Controllers\Api_product_codes))
#9 E:\Project\CI\MLM\mlm\panel\vendor\codeigniter4\framework\system\CodeIgniter.php(332): CodeIgniter\CodeIgniter->handleRequest(NULL, Object(Config\Cache), false)
#10 E:\Project\CI\MLM\mlm\public\index.php(44): CodeIgniter\CodeIgniter->run()
#11 {main}
ERROR - 2021-03-30 16:47:11 --> mysqli_sql_exception: Unknown column 'vw_product_codes.activation_code_id' in 'where clause' in E:\Project\CI\MLM\mlm\panel\vendor\codeigniter4\framework\system\Database\MySQLi\Connection.php:314
Stack trace:
#0 E:\Project\CI\MLM\mlm\panel\vendor\codeigniter4\framework\system\Database\MySQLi\Connection.php(314): mysqli->query('SELECT *\nFROM `...')
#1 E:\Project\CI\MLM\mlm\panel\vendor\codeigniter4\framework\system\Database\BaseConnection.php(715): CodeIgniter\Database\MySQLi\Connection->execute('SELECT *\nFROM `...')
#2 E:\Project\CI\MLM\mlm\panel\vendor\codeigniter4\framework\system\Database\BaseConnection.php(643): CodeIgniter\Database\BaseConnection->simpleQuery('SELECT *\nFROM `...')
#3 E:\Project\CI\MLM\mlm\panel\vendor\codeigniter4\framework\system\Database\BaseBuilder.php(1866): CodeIgniter\Database\BaseConnection->query('SELECT *\nFROM `...', Array, false)
#4 E:\Project\CI\MLM\mlm\panel\vendor\codeigniter4\framework\system\Model.php(169): CodeIgniter\Database\BaseBuilder->get()
#5 E:\Project\CI\MLM\mlm\panel\vendor\codeigniter4\framework\system\BaseModel.php(518): CodeIgniter\Model->doFind(true, 'prod-ISjQDRXX')
#6 E:\Project\CI\MLM\mlm\panel\Modules\API\Controllers\Api_product_codes.php(58): CodeIgniter\BaseModel->find('prod-ISjQDRXX')
#7 E:\Project\CI\MLM\mlm\panel\vendor\codeigniter4\framework\system\CodeIgniter.php(935): Modules\API\Controllers\Api_product_codes->show('prod-ISjQDRXX')
#8 E:\Project\CI\MLM\mlm\panel\vendor\codeigniter4\framework\system\CodeIgniter.php(431): CodeIgniter\CodeIgniter->runController(Object(Modules\API\Controllers\Api_product_codes))
#9 E:\Project\CI\MLM\mlm\panel\vendor\codeigniter4\framework\system\CodeIgniter.php(332): CodeIgniter\CodeIgniter->handleRequest(NULL, Object(Config\Cache), false)
#10 E:\Project\CI\MLM\mlm\public\index.php(44): CodeIgniter\CodeIgniter->run()
#11 {main}
CRITICAL - 2021-03-30 16:47:11 --> Unknown column 'vw_product_codes.activation_code_id' in 'where clause'
#0 E:\Project\CI\MLM\mlm\panel\vendor\codeigniter4\framework\system\Database\MySQLi\Connection.php(314): mysqli->query('SELECT *\nFROM `...')
#1 E:\Project\CI\MLM\mlm\panel\vendor\codeigniter4\framework\system\Database\BaseConnection.php(715): CodeIgniter\Database\MySQLi\Connection->execute('SELECT *\nFROM `...')
#2 E:\Project\CI\MLM\mlm\panel\vendor\codeigniter4\framework\system\Database\BaseConnection.php(643): CodeIgniter\Database\BaseConnection->simpleQuery('SELECT *\nFROM `...')
#3 E:\Project\CI\MLM\mlm\panel\vendor\codeigniter4\framework\system\Database\BaseBuilder.php(1866): CodeIgniter\Database\BaseConnection->query('SELECT *\nFROM `...', Array, false)
#4 E:\Project\CI\MLM\mlm\panel\vendor\codeigniter4\framework\system\Model.php(169): CodeIgniter\Database\BaseBuilder->get()
#5 E:\Project\CI\MLM\mlm\panel\vendor\codeigniter4\framework\system\BaseModel.php(518): CodeIgniter\Model->doFind(true, 'prod-ISjQDRXX')
#6 E:\Project\CI\MLM\mlm\panel\Modules\API\Controllers\Api_product_codes.php(58): CodeIgniter\BaseModel->find('prod-ISjQDRXX')
#7 E:\Project\CI\MLM\mlm\panel\vendor\codeigniter4\framework\system\CodeIgniter.php(935): Modules\API\Controllers\Api_product_codes->show('prod-ISjQDRXX')
#8 E:\Project\CI\MLM\mlm\panel\vendor\codeigniter4\framework\system\CodeIgniter.php(431): CodeIgniter\CodeIgniter->runController(Object(Modules\API\Controllers\Api_product_codes))
#9 E:\Project\CI\MLM\mlm\panel\vendor\codeigniter4\framework\system\CodeIgniter.php(332): CodeIgniter\CodeIgniter->handleRequest(NULL, Object(Config\Cache), false)
#10 E:\Project\CI\MLM\mlm\public\index.php(44): CodeIgniter\CodeIgniter->run()
#11 {main}
CRITICAL - 2021-03-30 18:00:31 --> Call to a member function getCompiledSelect() on null
#0 E:\Project\CI\MLM\mlm\panel\vendor\codeigniter4\framework\system\CodeIgniter.php(935): Modules\API\Controllers\Api_product_codes->show('prod-ISjQDRXX')
#1 E:\Project\CI\MLM\mlm\panel\vendor\codeigniter4\framework\system\CodeIgniter.php(431): CodeIgniter\CodeIgniter->runController(Object(Modules\API\Controllers\Api_product_codes))
#2 E:\Project\CI\MLM\mlm\panel\vendor\codeigniter4\framework\system\CodeIgniter.php(332): CodeIgniter\CodeIgniter->handleRequest(NULL, Object(Config\Cache), false)
#3 E:\Project\CI\MLM\mlm\public\index.php(44): CodeIgniter\CodeIgniter->run()
#4 {main}
CRITICAL - 2021-03-30 18:32:52 --> Undefined variable: input
#0 E:\Project\CI\MLM\mlm\panel\Modules\API\Controllers\Api_product_codes.php(77): CodeIgniter\Debug\Exceptions->errorHandler(8, 'Undefined varia...', 'E:\\Project\\CI\\M...', 77, Array)
#1 E:\Project\CI\MLM\mlm\panel\vendor\codeigniter4\framework\system\CodeIgniter.php(935): Modules\API\Controllers\Api_product_codes->update('5')
#2 E:\Project\CI\MLM\mlm\panel\vendor\codeigniter4\framework\system\CodeIgniter.php(431): CodeIgniter\CodeIgniter->runController(Object(Modules\API\Controllers\Api_product_codes))
#3 E:\Project\CI\MLM\mlm\panel\vendor\codeigniter4\framework\system\CodeIgniter.php(332): CodeIgniter\CodeIgniter->handleRequest(NULL, Object(Config\Cache), false)
#4 E:\Project\CI\MLM\mlm\public\index.php(44): CodeIgniter\CodeIgniter->run()
#5 {main}
ERROR - 2021-03-30 18:35:05 --> mysqli_sql_exception: Duplicate entry '5' for key 'PRIMARY' in E:\Project\CI\MLM\mlm\panel\vendor\codeigniter4\framework\system\Database\MySQLi\Connection.php:314
Stack trace:
#0 E:\Project\CI\MLM\mlm\panel\vendor\codeigniter4\framework\system\Database\MySQLi\Connection.php(314): mysqli->query('INSERT INTO `vw...')
#1 E:\Project\CI\MLM\mlm\panel\vendor\codeigniter4\framework\system\Database\BaseConnection.php(715): CodeIgniter\Database\MySQLi\Connection->execute('INSERT INTO `vw...')
#2 E:\Project\CI\MLM\mlm\panel\vendor\codeigniter4\framework\system\Database\BaseConnection.php(643): CodeIgniter\Database\BaseConnection->simpleQuery('INSERT INTO `vw...')
#3 E:\Project\CI\MLM\mlm\panel\vendor\codeigniter4\framework\system\Database\BaseBuilder.php(2265): CodeIgniter\Database\BaseConnection->query('INSERT INTO `vw...', Array, false)
#4 E:\Project\CI\MLM\mlm\panel\vendor\codeigniter4\framework\system\Model.php(278): CodeIgniter\Database\BaseBuilder->insert()
#5 E:\Project\CI\MLM\mlm\panel\vendor\codeigniter4\framework\system\BaseModel.php(758): CodeIgniter\Model->doInsert(Array)
#6 E:\Project\CI\MLM\mlm\panel\vendor\codeigniter4\framework\system\Model.php(705): CodeIgniter\BaseModel->insert(Array, false)
#7 E:\Project\CI\MLM\mlm\panel\vendor\codeigniter4\framework\system\BaseModel.php(667): CodeIgniter\Model->insert(Array, false)
#8 E:\Project\CI\MLM\mlm\panel\Modules\API\Controllers\Api_product_codes.php(80): CodeIgniter\BaseModel->save(Array)
#9 E:\Project\CI\MLM\mlm\panel\vendor\codeigniter4\framework\system\CodeIgniter.php(935): Modules\API\Controllers\Api_product_codes->update('5')
#10 E:\Project\CI\MLM\mlm\panel\vendor\codeigniter4\framework\system\CodeIgniter.php(431): CodeIgniter\CodeIgniter->runController(Object(Modules\API\Controllers\Api_product_codes))
#11 E:\Project\CI\MLM\mlm\panel\vendor\codeigniter4\framework\system\CodeIgniter.php(332): CodeIgniter\CodeIgniter->handleRequest(NULL, Object(Config\Cache), false)
#12 E:\Project\CI\MLM\mlm\public\index.php(44): CodeIgniter\CodeIgniter->run()
#13 {main}
CRITICAL - 2021-03-30 18:35:06 --> Duplicate entry '5' for key 'PRIMARY'
#0 E:\Project\CI\MLM\mlm\panel\vendor\codeigniter4\framework\system\Database\MySQLi\Connection.php(314): mysqli->query('INSERT INTO `vw...')
#1 E:\Project\CI\MLM\mlm\panel\vendor\codeigniter4\framework\system\Database\BaseConnection.php(715): CodeIgniter\Database\MySQLi\Connection->execute('INSERT INTO `vw...')
#2 E:\Project\CI\MLM\mlm\panel\vendor\codeigniter4\framework\system\Database\BaseConnection.php(643): CodeIgniter\Database\BaseConnection->simpleQuery('INSERT INTO `vw...')
#3 E:\Project\CI\MLM\mlm\panel\vendor\codeigniter4\framework\system\Database\BaseBuilder.php(2265): CodeIgniter\Database\BaseConnection->query('INSERT INTO `vw...', Array, false)
#4 E:\Project\CI\MLM\mlm\panel\vendor\codeigniter4\framework\system\Model.php(278): CodeIgniter\Database\BaseBuilder->insert()
#5 E:\Project\CI\MLM\mlm\panel\vendor\codeigniter4\framework\system\BaseModel.php(758): CodeIgniter\Model->doInsert(Array)
#6 E:\Project\CI\MLM\mlm\panel\vendor\codeigniter4\framework\system\Model.php(705): CodeIgniter\BaseModel->insert(Array, false)
#7 E:\Project\CI\MLM\mlm\panel\vendor\codeigniter4\framework\system\BaseModel.php(667): CodeIgniter\Model->insert(Array, false)
#8 E:\Project\CI\MLM\mlm\panel\Modules\API\Controllers\Api_product_codes.php(80): CodeIgniter\BaseModel->save(Array)
#9 E:\Project\CI\MLM\mlm\panel\vendor\codeigniter4\framework\system\CodeIgniter.php(935): Modules\API\Controllers\Api_product_codes->update('5')
#10 E:\Project\CI\MLM\mlm\panel\vendor\codeigniter4\framework\system\CodeIgniter.php(431): CodeIgniter\CodeIgniter->runController(Object(Modules\API\Controllers\Api_product_codes))
#11 E:\Project\CI\MLM\mlm\panel\vendor\codeigniter4\framework\system\CodeIgniter.php(332): CodeIgniter\CodeIgniter->handleRequest(NULL, Object(Config\Cache), false)
#12 E:\Project\CI\MLM\mlm\public\index.php(44): CodeIgniter\CodeIgniter->run()
#13 {main}
CRITICAL - 2021-03-30 19:02:06 --> count(): Parameter must be an array or an object that implements Countable
#0 [internal function]: CodeIgniter\Debug\Exceptions->errorHandler(2, 'count(): Parame...', 'E:\\Project\\CI\\M...', 69, Array)
#1 E:\Project\CI\MLM\mlm\panel\Modules\API\Controllers\Api_product_codes.php(69): count(NULL)
#2 E:\Project\CI\MLM\mlm\panel\vendor\codeigniter4\framework\system\CodeIgniter.php(935): Modules\API\Controllers\Api_product_codes->show('prod-ISjQDRXX')
#3 E:\Project\CI\MLM\mlm\panel\vendor\codeigniter4\framework\system\CodeIgniter.php(431): CodeIgniter\CodeIgniter->runController(Object(Modules\API\Controllers\Api_product_codes))
#4 E:\Project\CI\MLM\mlm\panel\vendor\codeigniter4\framework\system\CodeIgniter.php(332): CodeIgniter\CodeIgniter->handleRequest(NULL, Object(Config\Cache), false)
#5 E:\Project\CI\MLM\mlm\public\index.php(44): CodeIgniter\CodeIgniter->run()
#6 {main}
