CRITICAL - 2021-03-25 13:19:40 --> A non-numeric value encountered
#0 E:\Project\CI\MLM\mlm\panel\Modules\Member\Controllers\Genealogy.php(42): CodeIgniter\Debug\Exceptions->errorHandler(2, 'A non-numeric v...', 'E:\\Project\\CI\\M...', 42, Array)
#1 E:\Project\CI\MLM\mlm\panel\vendor\codeigniter4\framework\system\CodeIgniter.php(935): Modules\Member\Controllers\Genealogy->index()
#2 E:\Project\CI\MLM\mlm\panel\vendor\codeigniter4\framework\system\CodeIgniter.php(431): CodeIgniter\CodeIgniter->runController(Object(Modules\Member\Controllers\Genealogy))
#3 E:\Project\CI\MLM\mlm\panel\vendor\codeigniter4\framework\system\CodeIgniter.php(332): CodeIgniter\CodeIgniter->handleRequest(NULL, Object(Config\Cache), false)
#4 E:\Project\CI\MLM\mlm\public\index.php(44): CodeIgniter\CodeIgniter->run()
#5 {main}
CRITICAL - 2021-03-25 14:52:33 --> Undefined index: product_id
#0 E:\Project\CI\MLM\mlm\panel\Modules\Common\Libraries\Json_format_datatable.php(24): CodeIgniter\Debug\Exceptions->errorHandler(8, 'Undefined index...', 'E:\\Project\\CI\\M...', 24, Array)
#1 E:\Project\CI\MLM\mlm\panel\Modules\API\Controllers\Api_direct_referral.php(22): Modules\Common\Libraries\Json_format_datatable->json_format(Array, Array)
#2 E:\Project\CI\MLM\mlm\panel\vendor\codeigniter4\framework\system\CodeIgniter.php(935): Modules\API\Controllers\Api_direct_referral->index()
#3 E:\Project\CI\MLM\mlm\panel\vendor\codeigniter4\framework\system\CodeIgniter.php(431): CodeIgniter\CodeIgniter->runController(Object(Modules\API\Controllers\Api_direct_referral))
#4 E:\Project\CI\MLM\mlm\panel\vendor\codeigniter4\framework\system\CodeIgniter.php(332): CodeIgniter\CodeIgniter->handleRequest(NULL, Object(Config\Cache), false)
#5 E:\Project\CI\MLM\mlm\public\index.php(44): CodeIgniter\CodeIgniter->run()
#6 {main}
CRITICAL - 2021-03-25 14:55:00 --> Undefined property: Modules\API\Controllers\Api_direct_referral::$session
#0 E:\Project\CI\MLM\mlm\panel\Modules\API\Controllers\Api_direct_referral.php(23): CodeIgniter\Debug\Exceptions->errorHandler(8, 'Undefined prope...', 'E:\\Project\\CI\\M...', 23, Array)
#1 E:\Project\CI\MLM\mlm\panel\vendor\codeigniter4\framework\system\CodeIgniter.php(935): Modules\API\Controllers\Api_direct_referral->index()
#2 E:\Project\CI\MLM\mlm\panel\vendor\codeigniter4\framework\system\CodeIgniter.php(431): CodeIgniter\CodeIgniter->runController(Object(Modules\API\Controllers\Api_direct_referral))
#3 E:\Project\CI\MLM\mlm\panel\vendor\codeigniter4\framework\system\CodeIgniter.php(332): CodeIgniter\CodeIgniter->handleRequest(NULL, Object(Config\Cache), false)
#4 E:\Project\CI\MLM\mlm\public\index.php(44): CodeIgniter\CodeIgniter->run()
#5 {main}
CRITICAL - 2021-03-25 14:55:44 --> Undefined property: Modules\API\Controllers\Api_direct_referral::$session
#0 E:\Project\CI\MLM\mlm\panel\Modules\API\Controllers\Api_direct_referral.php(23): CodeIgniter\Debug\Exceptions->errorHandler(8, 'Undefined prope...', 'E:\\Project\\CI\\M...', 23, Array)
#1 E:\Project\CI\MLM\mlm\panel\vendor\codeigniter4\framework\system\CodeIgniter.php(935): Modules\API\Controllers\Api_direct_referral->index()
#2 E:\Project\CI\MLM\mlm\panel\vendor\codeigniter4\framework\system\CodeIgniter.php(431): CodeIgniter\CodeIgniter->runController(Object(Modules\API\Controllers\Api_direct_referral))
#3 E:\Project\CI\MLM\mlm\panel\vendor\codeigniter4\framework\system\CodeIgniter.php(332): CodeIgniter\CodeIgniter->handleRequest(NULL, Object(Config\Cache), false)
#4 E:\Project\CI\MLM\mlm\public\index.php(44): CodeIgniter\CodeIgniter->run()
#5 {main}
CRITICAL - 2021-03-25 14:56:22 --> Undefined property: Modules\API\Controllers\Api_direct_referral::$session
#0 E:\Project\CI\MLM\mlm\panel\Modules\API\Controllers\Api_direct_referral.php(23): CodeIgniter\Debug\Exceptions->errorHandler(8, 'Undefined prope...', 'E:\\Project\\CI\\M...', 23, Array)
#1 E:\Project\CI\MLM\mlm\panel\vendor\codeigniter4\framework\system\CodeIgniter.php(935): Modules\API\Controllers\Api_direct_referral->index()
#2 E:\Project\CI\MLM\mlm\panel\vendor\codeigniter4\framework\system\CodeIgniter.php(431): CodeIgniter\CodeIgniter->runController(Object(Modules\API\Controllers\Api_direct_referral))
#3 E:\Project\CI\MLM\mlm\panel\vendor\codeigniter4\framework\system\CodeIgniter.php(332): CodeIgniter\CodeIgniter->handleRequest(NULL, Object(Config\Cache), false)
#4 E:\Project\CI\MLM\mlm\public\index.php(44): CodeIgniter\CodeIgniter->run()
#5 {main}
CRITICAL - 2021-03-25 07:48:12 --> Undefined variable: products
#0 E:\Project\CI\MLM\mlm\panel\Modules\API\Controllers\Api_nodes.php(38): CodeIgniter\Debug\Exceptions->errorHandler(8, 'Undefined varia...', 'E:\\Project\\CI\\M...', 38, Array)
#1 E:\Project\CI\MLM\mlm\panel\vendor\codeigniter4\framework\system\CodeIgniter.php(935): Modules\API\Controllers\Api_nodes->show('1001')
#2 E:\Project\CI\MLM\mlm\panel\vendor\codeigniter4\framework\system\CodeIgniter.php(431): CodeIgniter\CodeIgniter->runController(Object(Modules\API\Controllers\Api_nodes))
#3 E:\Project\CI\MLM\mlm\panel\vendor\codeigniter4\framework\system\CodeIgniter.php(332): CodeIgniter\CodeIgniter->handleRequest(NULL, Object(Config\Cache), false)
#4 E:\Project\CI\MLM\mlm\public\index.php(44): CodeIgniter\CodeIgniter->run()
#5 {main}
CRITICAL - 2021-03-25 07:49:39 --> Undefined variable: products
#0 E:\Project\CI\MLM\mlm\panel\Modules\API\Controllers\Api_nodes.php(38): CodeIgniter\Debug\Exceptions->errorHandler(8, 'Undefined varia...', 'E:\\Project\\CI\\M...', 38, Array)
#1 E:\Project\CI\MLM\mlm\panel\vendor\codeigniter4\framework\system\CodeIgniter.php(935): Modules\API\Controllers\Api_nodes->show('1001')
#2 E:\Project\CI\MLM\mlm\panel\vendor\codeigniter4\framework\system\CodeIgniter.php(431): CodeIgniter\CodeIgniter->runController(Object(Modules\API\Controllers\Api_nodes))
#3 E:\Project\CI\MLM\mlm\panel\vendor\codeigniter4\framework\system\CodeIgniter.php(332): CodeIgniter\CodeIgniter->handleRequest(NULL, Object(Config\Cache), false)
#4 E:\Project\CI\MLM\mlm\public\index.php(44): CodeIgniter\CodeIgniter->run()
#5 {main}
CRITICAL - 2021-03-25 07:49:51 --> Undefined variable: products
#0 E:\Project\CI\MLM\mlm\panel\Modules\API\Controllers\Api_nodes.php(38): CodeIgniter\Debug\Exceptions->errorHandler(8, 'Undefined varia...', 'E:\\Project\\CI\\M...', 38, Array)
#1 E:\Project\CI\MLM\mlm\panel\vendor\codeigniter4\framework\system\CodeIgniter.php(935): Modules\API\Controllers\Api_nodes->show('1001')
#2 E:\Project\CI\MLM\mlm\panel\vendor\codeigniter4\framework\system\CodeIgniter.php(431): CodeIgniter\CodeIgniter->runController(Object(Modules\API\Controllers\Api_nodes))
#3 E:\Project\CI\MLM\mlm\panel\vendor\codeigniter4\framework\system\CodeIgniter.php(332): CodeIgniter\CodeIgniter->handleRequest(NULL, Object(Config\Cache), false)
#4 E:\Project\CI\MLM\mlm\public\index.php(44): CodeIgniter\CodeIgniter->run()
#5 {main}
CRITICAL - 2021-03-25 07:50:11 --> Undefined variable: json_format
#0 E:\Project\CI\MLM\mlm\panel\Modules\API\Controllers\Api_nodes.php(40): CodeIgniter\Debug\Exceptions->errorHandler(8, 'Undefined varia...', 'E:\\Project\\CI\\M...', 40, Array)
#1 E:\Project\CI\MLM\mlm\panel\vendor\codeigniter4\framework\system\CodeIgniter.php(935): Modules\API\Controllers\Api_nodes->show('1001')
#2 E:\Project\CI\MLM\mlm\panel\vendor\codeigniter4\framework\system\CodeIgniter.php(431): CodeIgniter\CodeIgniter->runController(Object(Modules\API\Controllers\Api_nodes))
#3 E:\Project\CI\MLM\mlm\panel\vendor\codeigniter4\framework\system\CodeIgniter.php(332): CodeIgniter\CodeIgniter->handleRequest(NULL, Object(Config\Cache), false)
#4 E:\Project\CI\MLM\mlm\public\index.php(44): CodeIgniter\CodeIgniter->run()
#5 {main}
CRITICAL - 2021-03-25 07:50:30 --> Undefined variable: json_format
#0 E:\Project\CI\MLM\mlm\panel\Modules\API\Controllers\Api_nodes.php(40): CodeIgniter\Debug\Exceptions->errorHandler(8, 'Undefined varia...', 'E:\\Project\\CI\\M...', 40, Array)
#1 E:\Project\CI\MLM\mlm\panel\vendor\codeigniter4\framework\system\CodeIgniter.php(935): Modules\API\Controllers\Api_nodes->show('1001')
#2 E:\Project\CI\MLM\mlm\panel\vendor\codeigniter4\framework\system\CodeIgniter.php(431): CodeIgniter\CodeIgniter->runController(Object(Modules\API\Controllers\Api_nodes))
#3 E:\Project\CI\MLM\mlm\panel\vendor\codeigniter4\framework\system\CodeIgniter.php(332): CodeIgniter\CodeIgniter->handleRequest(NULL, Object(Config\Cache), false)
#4 E:\Project\CI\MLM\mlm\public\index.php(44): CodeIgniter\CodeIgniter->run()
#5 {main}
CRITICAL - 2021-03-25 07:53:45 --> Undefined variable: json_format
#0 E:\Project\CI\MLM\mlm\panel\Modules\API\Controllers\Api_nodes.php(40): CodeIgniter\Debug\Exceptions->errorHandler(8, 'Undefined varia...', 'E:\\Project\\CI\\M...', 40, Array)
#1 E:\Project\CI\MLM\mlm\panel\vendor\codeigniter4\framework\system\CodeIgniter.php(935): Modules\API\Controllers\Api_nodes->show('1001')
#2 E:\Project\CI\MLM\mlm\panel\vendor\codeigniter4\framework\system\CodeIgniter.php(431): CodeIgniter\CodeIgniter->runController(Object(Modules\API\Controllers\Api_nodes))
#3 E:\Project\CI\MLM\mlm\panel\vendor\codeigniter4\framework\system\CodeIgniter.php(332): CodeIgniter\CodeIgniter->handleRequest(NULL, Object(Config\Cache), false)
#4 E:\Project\CI\MLM\mlm\public\index.php(44): CodeIgniter\CodeIgniter->run()
#5 {main}
CRITICAL - 2021-03-25 07:54:06 --> Too few arguments to function Modules\Common\Libraries\Json_format_datatable::json_format_node(), 2 passed in E:\Project\CI\MLM\mlm\panel\Modules\API\Controllers\Api_nodes.php on line 41 and exactly 3 expected
#0 E:\Project\CI\MLM\mlm\panel\Modules\API\Controllers\Api_nodes.php(41): Modules\Common\Libraries\Json_format_datatable->json_format_node(Array, Array)
#1 E:\Project\CI\MLM\mlm\panel\vendor\codeigniter4\framework\system\CodeIgniter.php(935): Modules\API\Controllers\Api_nodes->show('1001')
#2 E:\Project\CI\MLM\mlm\panel\vendor\codeigniter4\framework\system\CodeIgniter.php(431): CodeIgniter\CodeIgniter->runController(Object(Modules\API\Controllers\Api_nodes))
#3 E:\Project\CI\MLM\mlm\panel\vendor\codeigniter4\framework\system\CodeIgniter.php(332): CodeIgniter\CodeIgniter->handleRequest(NULL, Object(Config\Cache), false)
#4 E:\Project\CI\MLM\mlm\public\index.php(44): CodeIgniter\CodeIgniter->run()
#5 {main}
CRITICAL - 2021-03-25 07:54:49 --> Array to string conversion
#0 E:\Project\CI\MLM\mlm\panel\Modules\Common\Libraries\Json_format_datatable.php(76): CodeIgniter\Debug\Exceptions->errorHandler(8, 'Array to string...', 'E:\\Project\\CI\\M...', 76, Array)
#1 E:\Project\CI\MLM\mlm\panel\Modules\API\Controllers\Api_nodes.php(41): Modules\Common\Libraries\Json_format_datatable->json_format_node(Array, Array)
#2 E:\Project\CI\MLM\mlm\panel\vendor\codeigniter4\framework\system\CodeIgniter.php(935): Modules\API\Controllers\Api_nodes->show('1001')
#3 E:\Project\CI\MLM\mlm\panel\vendor\codeigniter4\framework\system\CodeIgniter.php(431): CodeIgniter\CodeIgniter->runController(Object(Modules\API\Controllers\Api_nodes))
#4 E:\Project\CI\MLM\mlm\panel\vendor\codeigniter4\framework\system\CodeIgniter.php(332): CodeIgniter\CodeIgniter->handleRequest(NULL, Object(Config\Cache), false)
#5 E:\Project\CI\MLM\mlm\public\index.php(44): CodeIgniter\CodeIgniter->run()
#6 {main}
CRITICAL - 2021-03-25 07:56:19 --> Array to string conversion
#0 E:\Project\CI\MLM\mlm\panel\Modules\Common\Libraries\Json_format_datatable.php(76): CodeIgniter\Debug\Exceptions->errorHandler(8, 'Array to string...', 'E:\\Project\\CI\\M...', 76, Array)
#1 E:\Project\CI\MLM\mlm\panel\Modules\API\Controllers\Api_nodes.php(42): Modules\Common\Libraries\Json_format_datatable->json_format_node(Array, Array)
#2 E:\Project\CI\MLM\mlm\panel\vendor\codeigniter4\framework\system\CodeIgniter.php(935): Modules\API\Controllers\Api_nodes->show('1001')
#3 E:\Project\CI\MLM\mlm\panel\vendor\codeigniter4\framework\system\CodeIgniter.php(431): CodeIgniter\CodeIgniter->runController(Object(Modules\API\Controllers\Api_nodes))
#4 E:\Project\CI\MLM\mlm\panel\vendor\codeigniter4\framework\system\CodeIgniter.php(332): CodeIgniter\CodeIgniter->handleRequest(NULL, Object(Config\Cache), false)
#5 E:\Project\CI\MLM\mlm\public\index.php(44): CodeIgniter\CodeIgniter->run()
#6 {main}
CRITICAL - 2021-03-25 07:56:51 --> Array to string conversion
#0 E:\Project\CI\MLM\mlm\panel\Modules\Common\Libraries\Json_format_datatable.php(76): CodeIgniter\Debug\Exceptions->errorHandler(8, 'Array to string...', 'E:\\Project\\CI\\M...', 76, Array)
#1 E:\Project\CI\MLM\mlm\panel\Modules\API\Controllers\Api_nodes.php(42): Modules\Common\Libraries\Json_format_datatable->json_format_node(Array, Array)
#2 E:\Project\CI\MLM\mlm\panel\vendor\codeigniter4\framework\system\CodeIgniter.php(935): Modules\API\Controllers\Api_nodes->show('1001')
#3 E:\Project\CI\MLM\mlm\panel\vendor\codeigniter4\framework\system\CodeIgniter.php(431): CodeIgniter\CodeIgniter->runController(Object(Modules\API\Controllers\Api_nodes))
#4 E:\Project\CI\MLM\mlm\panel\vendor\codeigniter4\framework\system\CodeIgniter.php(332): CodeIgniter\CodeIgniter->handleRequest(NULL, Object(Config\Cache), false)
#5 E:\Project\CI\MLM\mlm\public\index.php(44): CodeIgniter\CodeIgniter->run()
#6 {main}
CRITICAL - 2021-03-25 07:57:53 --> Array to string conversion
#0 E:\Project\CI\MLM\mlm\panel\Modules\Common\Libraries\Json_format_datatable.php(76): CodeIgniter\Debug\Exceptions->errorHandler(8, 'Array to string...', 'E:\\Project\\CI\\M...', 76, Array)
#1 E:\Project\CI\MLM\mlm\panel\Modules\API\Controllers\Api_nodes.php(42): Modules\Common\Libraries\Json_format_datatable->json_format_node(Array, Array)
#2 E:\Project\CI\MLM\mlm\panel\vendor\codeigniter4\framework\system\CodeIgniter.php(935): Modules\API\Controllers\Api_nodes->show('1001')
#3 E:\Project\CI\MLM\mlm\panel\vendor\codeigniter4\framework\system\CodeIgniter.php(431): CodeIgniter\CodeIgniter->runController(Object(Modules\API\Controllers\Api_nodes))
#4 E:\Project\CI\MLM\mlm\panel\vendor\codeigniter4\framework\system\CodeIgniter.php(332): CodeIgniter\CodeIgniter->handleRequest(NULL, Object(Config\Cache), false)
#5 E:\Project\CI\MLM\mlm\public\index.php(44): CodeIgniter\CodeIgniter->run()
#6 {main}
CRITICAL - 2021-03-25 07:58:06 --> Array to string conversion
#0 E:\Project\CI\MLM\mlm\panel\Modules\Common\Libraries\Json_format_datatable.php(76): CodeIgniter\Debug\Exceptions->errorHandler(8, 'Array to string...', 'E:\\Project\\CI\\M...', 76, Array)
#1 E:\Project\CI\MLM\mlm\panel\Modules\API\Controllers\Api_nodes.php(42): Modules\Common\Libraries\Json_format_datatable->json_format_node(Array, Array)
#2 E:\Project\CI\MLM\mlm\panel\vendor\codeigniter4\framework\system\CodeIgniter.php(935): Modules\API\Controllers\Api_nodes->show('1001')
#3 E:\Project\CI\MLM\mlm\panel\vendor\codeigniter4\framework\system\CodeIgniter.php(431): CodeIgniter\CodeIgniter->runController(Object(Modules\API\Controllers\Api_nodes))
#4 E:\Project\CI\MLM\mlm\panel\vendor\codeigniter4\framework\system\CodeIgniter.php(332): CodeIgniter\CodeIgniter->handleRequest(NULL, Object(Config\Cache), false)
#5 E:\Project\CI\MLM\mlm\public\index.php(44): CodeIgniter\CodeIgniter->run()
#6 {main}
CRITICAL - 2021-03-25 07:59:14 --> Trying to get property 'node_id' of non-object
#0 E:\Project\CI\MLM\mlm\panel\Modules\Common\Libraries\Json_format_datatable.php(76): CodeIgniter\Debug\Exceptions->errorHandler(8, 'Trying to get p...', 'E:\\Project\\CI\\M...', 76, Array)
#1 E:\Project\CI\MLM\mlm\panel\Modules\API\Controllers\Api_nodes.php(42): Modules\Common\Libraries\Json_format_datatable->json_format_node(Array, Array)
#2 E:\Project\CI\MLM\mlm\panel\vendor\codeigniter4\framework\system\CodeIgniter.php(935): Modules\API\Controllers\Api_nodes->show('1001')
#3 E:\Project\CI\MLM\mlm\panel\vendor\codeigniter4\framework\system\CodeIgniter.php(431): CodeIgniter\CodeIgniter->runController(Object(Modules\API\Controllers\Api_nodes))
#4 E:\Project\CI\MLM\mlm\panel\vendor\codeigniter4\framework\system\CodeIgniter.php(332): CodeIgniter\CodeIgniter->handleRequest(NULL, Object(Config\Cache), false)
#5 E:\Project\CI\MLM\mlm\public\index.php(44): CodeIgniter\CodeIgniter->run()
#6 {main}
CRITICAL - 2021-03-25 07:59:40 --> Undefined index: node_id
#0 E:\Project\CI\MLM\mlm\panel\Modules\Common\Libraries\Json_format_datatable.php(76): CodeIgniter\Debug\Exceptions->errorHandler(8, 'Undefined index...', 'E:\\Project\\CI\\M...', 76, Array)
#1 E:\Project\CI\MLM\mlm\panel\Modules\API\Controllers\Api_nodes.php(42): Modules\Common\Libraries\Json_format_datatable->json_format_node(Array, Array)
#2 E:\Project\CI\MLM\mlm\panel\vendor\codeigniter4\framework\system\CodeIgniter.php(935): Modules\API\Controllers\Api_nodes->show('1001')
#3 E:\Project\CI\MLM\mlm\panel\vendor\codeigniter4\framework\system\CodeIgniter.php(431): CodeIgniter\CodeIgniter->runController(Object(Modules\API\Controllers\Api_nodes))
#4 E:\Project\CI\MLM\mlm\panel\vendor\codeigniter4\framework\system\CodeIgniter.php(332): CodeIgniter\CodeIgniter->handleRequest(NULL, Object(Config\Cache), false)
#5 E:\Project\CI\MLM\mlm\public\index.php(44): CodeIgniter\CodeIgniter->run()
#6 {main}
CRITICAL - 2021-03-25 07:59:50 --> Cannot use object of type stdClass as array
#0 E:\Project\CI\MLM\mlm\panel\Modules\API\Controllers\Api_nodes.php(42): Modules\Common\Libraries\Json_format_datatable->json_format_node(Array, Array)
#1 E:\Project\CI\MLM\mlm\panel\vendor\codeigniter4\framework\system\CodeIgniter.php(935): Modules\API\Controllers\Api_nodes->show('1001')
#2 E:\Project\CI\MLM\mlm\panel\vendor\codeigniter4\framework\system\CodeIgniter.php(431): CodeIgniter\CodeIgniter->runController(Object(Modules\API\Controllers\Api_nodes))
#3 E:\Project\CI\MLM\mlm\panel\vendor\codeigniter4\framework\system\CodeIgniter.php(332): CodeIgniter\CodeIgniter->handleRequest(NULL, Object(Config\Cache), false)
#4 E:\Project\CI\MLM\mlm\public\index.php(44): CodeIgniter\CodeIgniter->run()
#5 {main}
ERROR - 2021-03-25 22:18:37 --> mysqli_sql_exception: Unknown column 'tbl_referral_bonus.downline_id' in 'where clause' in E:\Project\CI\MLM\mlm\panel\vendor\codeigniter4\framework\system\Database\MySQLi\Connection.php:314
Stack trace:
#0 E:\Project\CI\MLM\mlm\panel\vendor\codeigniter4\framework\system\Database\MySQLi\Connection.php(314): mysqli->query('SELECT *\nFROM `...')
#1 E:\Project\CI\MLM\mlm\panel\vendor\codeigniter4\framework\system\Database\BaseConnection.php(715): CodeIgniter\Database\MySQLi\Connection->execute('SELECT *\nFROM `...')
#2 E:\Project\CI\MLM\mlm\panel\vendor\codeigniter4\framework\system\Database\BaseConnection.php(643): CodeIgniter\Database\BaseConnection->simpleQuery('SELECT *\nFROM `...')
#3 E:\Project\CI\MLM\mlm\panel\vendor\codeigniter4\framework\system\Database\BaseBuilder.php(1866): CodeIgniter\Database\BaseConnection->query('SELECT *\nFROM `...', Array, false)
#4 E:\Project\CI\MLM\mlm\panel\vendor\codeigniter4\framework\system\Model.php(174): CodeIgniter\Database\BaseBuilder->get()
#5 E:\Project\CI\MLM\mlm\panel\vendor\codeigniter4\framework\system\BaseModel.php(518): CodeIgniter\Model->doFind(false, NULL)
#6 E:\Project\CI\MLM\mlm\panel\Modules\API\Controllers\Api_nodes.php(31): CodeIgniter\BaseModel->find()
#7 E:\Project\CI\MLM\mlm\panel\vendor\codeigniter4\framework\system\CodeIgniter.php(935): Modules\API\Controllers\Api_nodes->index()
#8 E:\Project\CI\MLM\mlm\panel\vendor\codeigniter4\framework\system\CodeIgniter.php(431): CodeIgniter\CodeIgniter->runController(Object(Modules\API\Controllers\Api_nodes))
#9 E:\Project\CI\MLM\mlm\panel\vendor\codeigniter4\framework\system\CodeIgniter.php(332): CodeIgniter\CodeIgniter->handleRequest(NULL, Object(Config\Cache), false)
#10 E:\Project\CI\MLM\mlm\public\index.php(44): CodeIgniter\CodeIgniter->run()
#11 {main}
CRITICAL - 2021-03-25 22:18:37 --> Unknown column 'tbl_referral_bonus.downline_id' in 'where clause'
#0 E:\Project\CI\MLM\mlm\panel\vendor\codeigniter4\framework\system\Database\MySQLi\Connection.php(314): mysqli->query('SELECT *\nFROM `...')
#1 E:\Project\CI\MLM\mlm\panel\vendor\codeigniter4\framework\system\Database\BaseConnection.php(715): CodeIgniter\Database\MySQLi\Connection->execute('SELECT *\nFROM `...')
#2 E:\Project\CI\MLM\mlm\panel\vendor\codeigniter4\framework\system\Database\BaseConnection.php(643): CodeIgniter\Database\BaseConnection->simpleQuery('SELECT *\nFROM `...')
#3 E:\Project\CI\MLM\mlm\panel\vendor\codeigniter4\framework\system\Database\BaseBuilder.php(1866): CodeIgniter\Database\BaseConnection->query('SELECT *\nFROM `...', Array, false)
#4 E:\Project\CI\MLM\mlm\panel\vendor\codeigniter4\framework\system\Model.php(174): CodeIgniter\Database\BaseBuilder->get()
#5 E:\Project\CI\MLM\mlm\panel\vendor\codeigniter4\framework\system\BaseModel.php(518): CodeIgniter\Model->doFind(false, NULL)
#6 E:\Project\CI\MLM\mlm\panel\Modules\API\Controllers\Api_nodes.php(31): CodeIgniter\BaseModel->find()
#7 E:\Project\CI\MLM\mlm\panel\vendor\codeigniter4\framework\system\CodeIgniter.php(935): Modules\API\Controllers\Api_nodes->index()
#8 E:\Project\CI\MLM\mlm\panel\vendor\codeigniter4\framework\system\CodeIgniter.php(431): CodeIgniter\CodeIgniter->runController(Object(Modules\API\Controllers\Api_nodes))
#9 E:\Project\CI\MLM\mlm\panel\vendor\codeigniter4\framework\system\CodeIgniter.php(332): CodeIgniter\CodeIgniter->handleRequest(NULL, Object(Config\Cache), false)
#10 E:\Project\CI\MLM\mlm\public\index.php(44): CodeIgniter\CodeIgniter->run()
#11 {main}
