CRITICAL - 2021-03-10 00:29:40 --> Class 'Modules\API\Controllers\MembersModel' not found
#0 G:\Project\CI\MLM\mlm\vendor\codeigniter4\framework\system\CodeIgniter.php(935): Modules\API\Controllers\Api_package->create()
#1 G:\Project\CI\MLM\mlm\vendor\codeigniter4\framework\system\CodeIgniter.php(431): CodeIgniter\CodeIgniter->runController(Object(Modules\API\Controllers\Api_package))
#2 G:\Project\CI\MLM\mlm\vendor\codeigniter4\framework\system\CodeIgniter.php(332): CodeIgniter\CodeIgniter->handleRequest(NULL, Object(Config\Cache), false)
#3 G:\Project\CI\MLM\mlm\public\index.php(44): CodeIgniter\CodeIgniter->run()
#4 {main}
CRITICAL - 2021-03-10 00:47:01 --> There is no data to insert.
#0 G:\Project\CI\MLM\mlm\vendor\codeigniter4\framework\system\BaseModel.php(1682): CodeIgniter\Database\Exceptions\DataException::forEmptyDataset('insert')
#1 G:\Project\CI\MLM\mlm\vendor\codeigniter4\framework\system\BaseModel.php(719): CodeIgniter\BaseModel->transformDataToArray(Array, 'insert')
#2 G:\Project\CI\MLM\mlm\vendor\codeigniter4\framework\system\Model.php(705): CodeIgniter\BaseModel->insert(Array, true)
#3 G:\Project\CI\MLM\mlm\Modules\API\Controllers\Api_package.php(41): CodeIgniter\Model->insert(Array)
#4 G:\Project\CI\MLM\mlm\vendor\codeigniter4\framework\system\CodeIgniter.php(935): Modules\API\Controllers\Api_package->update('2')
#5 G:\Project\CI\MLM\mlm\vendor\codeigniter4\framework\system\CodeIgniter.php(431): CodeIgniter\CodeIgniter->runController(Object(Modules\API\Controllers\Api_package))
#6 G:\Project\CI\MLM\mlm\vendor\codeigniter4\framework\system\CodeIgniter.php(332): CodeIgniter\CodeIgniter->handleRequest(NULL, Object(Config\Cache), false)
#7 G:\Project\CI\MLM\mlm\public\index.php(44): CodeIgniter\CodeIgniter->run()
#8 {main}
CRITICAL - 2021-03-10 00:47:21 --> There is no data to insert.
#0 G:\Project\CI\MLM\mlm\vendor\codeigniter4\framework\system\BaseModel.php(1682): CodeIgniter\Database\Exceptions\DataException::forEmptyDataset('insert')
#1 G:\Project\CI\MLM\mlm\vendor\codeigniter4\framework\system\BaseModel.php(719): CodeIgniter\BaseModel->transformDataToArray(Array, 'insert')
#2 G:\Project\CI\MLM\mlm\vendor\codeigniter4\framework\system\Model.php(705): CodeIgniter\BaseModel->insert(Array, true)
#3 G:\Project\CI\MLM\mlm\Modules\API\Controllers\Api_package.php(41): CodeIgniter\Model->insert(Array)
#4 G:\Project\CI\MLM\mlm\vendor\codeigniter4\framework\system\CodeIgniter.php(935): Modules\API\Controllers\Api_package->update('2')
#5 G:\Project\CI\MLM\mlm\vendor\codeigniter4\framework\system\CodeIgniter.php(431): CodeIgniter\CodeIgniter->runController(Object(Modules\API\Controllers\Api_package))
#6 G:\Project\CI\MLM\mlm\vendor\codeigniter4\framework\system\CodeIgniter.php(332): CodeIgniter\CodeIgniter->handleRequest(NULL, Object(Config\Cache), false)
#7 G:\Project\CI\MLM\mlm\public\index.php(44): CodeIgniter\CodeIgniter->run()
#8 {main}
CRITICAL - 2021-03-10 00:54:03 --> Undefined variable: response
#0 G:\Project\CI\MLM\mlm\Modules\API\Controllers\Api_package.php(56): CodeIgniter\Debug\Exceptions->errorHandler(8, 'Undefined varia...', 'G:\\Project\\CI\\M...', 56, Array)
#1 G:\Project\CI\MLM\mlm\vendor\codeigniter4\framework\system\CodeIgniter.php(935): Modules\API\Controllers\Api_package->update(NULL)
#2 G:\Project\CI\MLM\mlm\vendor\codeigniter4\framework\system\CodeIgniter.php(431): CodeIgniter\CodeIgniter->runController(Object(Modules\API\Controllers\Api_package))
#3 G:\Project\CI\MLM\mlm\vendor\codeigniter4\framework\system\CodeIgniter.php(332): CodeIgniter\CodeIgniter->handleRequest(NULL, Object(Config\Cache), false)
#4 G:\Project\CI\MLM\mlm\public\index.php(44): CodeIgniter\CodeIgniter->run()
#5 {main}
CRITICAL - 2021-03-10 00:54:34 --> Undefined variable: members
#0 G:\Project\CI\MLM\mlm\Modules\API\Controllers\Api_package.php(49): CodeIgniter\Debug\Exceptions->errorHandler(8, 'Undefined varia...', 'G:\\Project\\CI\\M...', 49, Array)
#1 G:\Project\CI\MLM\mlm\vendor\codeigniter4\framework\system\CodeIgniter.php(935): Modules\API\Controllers\Api_package->update(NULL)
#2 G:\Project\CI\MLM\mlm\vendor\codeigniter4\framework\system\CodeIgniter.php(431): CodeIgniter\CodeIgniter->runController(Object(Modules\API\Controllers\Api_package))
#3 G:\Project\CI\MLM\mlm\vendor\codeigniter4\framework\system\CodeIgniter.php(332): CodeIgniter\CodeIgniter->handleRequest(NULL, Object(Config\Cache), false)
#4 G:\Project\CI\MLM\mlm\public\index.php(44): CodeIgniter\CodeIgniter->run()
#5 {main}
CRITICAL - 2021-03-10 00:58:15 --> Return value of CodeIgniter\BaseModel::transformDataToArray() must be of the type array, string returned
#0 G:\Project\CI\MLM\mlm\vendor\codeigniter4\framework\system\BaseModel.php(864): CodeIgniter\BaseModel->transformDataToArray('package_id =', 'update')
#1 G:\Project\CI\MLM\mlm\vendor\codeigniter4\framework\system\Model.php(737): CodeIgniter\BaseModel->update(Array, 'package_id =')
#2 G:\Project\CI\MLM\mlm\Modules\API\Controllers\Api_package.php(48): CodeIgniter\Model->update(Array, 'package_id =')
#3 G:\Project\CI\MLM\mlm\vendor\codeigniter4\framework\system\CodeIgniter.php(935): Modules\API\Controllers\Api_package->update(NULL)
#4 G:\Project\CI\MLM\mlm\vendor\codeigniter4\framework\system\CodeIgniter.php(431): CodeIgniter\CodeIgniter->runController(Object(Modules\API\Controllers\Api_package))
#5 G:\Project\CI\MLM\mlm\vendor\codeigniter4\framework\system\CodeIgniter.php(332): CodeIgniter\CodeIgniter->handleRequest(NULL, Object(Config\Cache), false)
#6 G:\Project\CI\MLM\mlm\public\index.php(44): CodeIgniter\CodeIgniter->run()
#7 {main}
CRITICAL - 2021-03-10 00:59:23 --> Return value of CodeIgniter\BaseModel::transformDataToArray() must be of the type array, string returned
#0 G:\Project\CI\MLM\mlm\vendor\codeigniter4\framework\system\BaseModel.php(864): CodeIgniter\BaseModel->transformDataToArray('package_id =', 'update')
#1 G:\Project\CI\MLM\mlm\vendor\codeigniter4\framework\system\Model.php(737): CodeIgniter\BaseModel->update(Array, 'package_id =')
#2 G:\Project\CI\MLM\mlm\Modules\API\Controllers\Api_package.php(48): CodeIgniter\Model->update(Array, 'package_id =')
#3 G:\Project\CI\MLM\mlm\vendor\codeigniter4\framework\system\CodeIgniter.php(935): Modules\API\Controllers\Api_package->update(NULL)
#4 G:\Project\CI\MLM\mlm\vendor\codeigniter4\framework\system\CodeIgniter.php(431): CodeIgniter\CodeIgniter->runController(Object(Modules\API\Controllers\Api_package))
#5 G:\Project\CI\MLM\mlm\vendor\codeigniter4\framework\system\CodeIgniter.php(332): CodeIgniter\CodeIgniter->handleRequest(NULL, Object(Config\Cache), false)
#6 G:\Project\CI\MLM\mlm\public\index.php(44): CodeIgniter\CodeIgniter->run()
#7 {main}
CRITICAL - 2021-03-10 01:00:28 --> Return value of CodeIgniter\BaseModel::transformDataToArray() must be of the type array, string returned
#0 G:\Project\CI\MLM\mlm\vendor\codeigniter4\framework\system\BaseModel.php(864): CodeIgniter\BaseModel->transformDataToArray('package_id =', 'update')
#1 G:\Project\CI\MLM\mlm\vendor\codeigniter4\framework\system\Model.php(737): CodeIgniter\BaseModel->update(Array, 'package_id =')
#2 G:\Project\CI\MLM\mlm\Modules\API\Controllers\Api_package.php(49): CodeIgniter\Model->update(Array, 'package_id =')
#3 G:\Project\CI\MLM\mlm\vendor\codeigniter4\framework\system\CodeIgniter.php(935): Modules\API\Controllers\Api_package->update(NULL)
#4 G:\Project\CI\MLM\mlm\vendor\codeigniter4\framework\system\CodeIgniter.php(431): CodeIgniter\CodeIgniter->runController(Object(Modules\API\Controllers\Api_package))
#5 G:\Project\CI\MLM\mlm\vendor\codeigniter4\framework\system\CodeIgniter.php(332): CodeIgniter\CodeIgniter->handleRequest(NULL, Object(Config\Cache), false)
#6 G:\Project\CI\MLM\mlm\public\index.php(44): CodeIgniter\CodeIgniter->run()
#7 {main}
CRITICAL - 2021-03-10 01:51:16 --> Return value of CodeIgniter\BaseModel::transformDataToArray() must be of the type array, string returned
#0 G:\Project\CI\MLM\mlm\vendor\codeigniter4\framework\system\BaseModel.php(864): CodeIgniter\BaseModel->transformDataToArray('package_id =', 'update')
#1 G:\Project\CI\MLM\mlm\vendor\codeigniter4\framework\system\Model.php(737): CodeIgniter\BaseModel->update(Array, 'package_id =')
#2 G:\Project\CI\MLM\mlm\Modules\API\Controllers\Api_package.php(49): CodeIgniter\Model->update(Array, 'package_id =')
#3 G:\Project\CI\MLM\mlm\vendor\codeigniter4\framework\system\CodeIgniter.php(935): Modules\API\Controllers\Api_package->update(NULL)
#4 G:\Project\CI\MLM\mlm\vendor\codeigniter4\framework\system\CodeIgniter.php(431): CodeIgniter\CodeIgniter->runController(Object(Modules\API\Controllers\Api_package))
#5 G:\Project\CI\MLM\mlm\vendor\codeigniter4\framework\system\CodeIgniter.php(332): CodeIgniter\CodeIgniter->handleRequest(NULL, Object(Config\Cache), false)
#6 G:\Project\CI\MLM\mlm\public\index.php(44): CodeIgniter\CodeIgniter->run()
#7 {main}
CRITICAL - 2021-03-10 02:00:47 --> Return value of CodeIgniter\BaseModel::transformDataToArray() must be of the type array, string returned
#0 G:\Project\CI\MLM\mlm\vendor\codeigniter4\framework\system\BaseModel.php(864): CodeIgniter\BaseModel->transformDataToArray('package_id =', 'update')
#1 G:\Project\CI\MLM\mlm\vendor\codeigniter4\framework\system\Model.php(737): CodeIgniter\BaseModel->update(Array, 'package_id =')
#2 G:\Project\CI\MLM\mlm\Modules\API\Controllers\Api_package.php(62): CodeIgniter\Model->update(Array, 'package_id =')
#3 G:\Project\CI\MLM\mlm\vendor\codeigniter4\framework\system\CodeIgniter.php(935): Modules\API\Controllers\Api_package->update(NULL)
#4 G:\Project\CI\MLM\mlm\vendor\codeigniter4\framework\system\CodeIgniter.php(431): CodeIgniter\CodeIgniter->runController(Object(Modules\API\Controllers\Api_package))
#5 G:\Project\CI\MLM\mlm\vendor\codeigniter4\framework\system\CodeIgniter.php(332): CodeIgniter\CodeIgniter->handleRequest(NULL, Object(Config\Cache), false)
#6 G:\Project\CI\MLM\mlm\public\index.php(44): CodeIgniter\CodeIgniter->run()
#7 {main}
CRITICAL - 2021-03-10 02:01:57 --> There is no data to update.
#0 G:\Project\CI\MLM\mlm\vendor\codeigniter4\framework\system\BaseModel.php(1682): CodeIgniter\Database\Exceptions\DataException::forEmptyDataset('update')
#1 G:\Project\CI\MLM\mlm\vendor\codeigniter4\framework\system\BaseModel.php(864): CodeIgniter\BaseModel->transformDataToArray(NULL, 'update')
#2 G:\Project\CI\MLM\mlm\vendor\codeigniter4\framework\system\Model.php(737): CodeIgniter\BaseModel->update(Array, NULL)
#3 G:\Project\CI\MLM\mlm\Modules\API\Controllers\Api_package.php(62): CodeIgniter\Model->update(Array)
#4 G:\Project\CI\MLM\mlm\vendor\codeigniter4\framework\system\CodeIgniter.php(935): Modules\API\Controllers\Api_package->update(NULL)
#5 G:\Project\CI\MLM\mlm\vendor\codeigniter4\framework\system\CodeIgniter.php(431): CodeIgniter\CodeIgniter->runController(Object(Modules\API\Controllers\Api_package))
#6 G:\Project\CI\MLM\mlm\vendor\codeigniter4\framework\system\CodeIgniter.php(332): CodeIgniter\CodeIgniter->handleRequest(NULL, Object(Config\Cache), false)
#7 G:\Project\CI\MLM\mlm\public\index.php(44): CodeIgniter\CodeIgniter->run()
#8 {main}
CRITICAL - 2021-03-10 02:07:01 --> There is no data to update.
#0 G:\Project\CI\MLM\mlm\vendor\codeigniter4\framework\system\BaseModel.php(1682): CodeIgniter\Database\Exceptions\DataException::forEmptyDataset('update')
#1 G:\Project\CI\MLM\mlm\vendor\codeigniter4\framework\system\BaseModel.php(864): CodeIgniter\BaseModel->transformDataToArray(NULL, 'update')
#2 G:\Project\CI\MLM\mlm\vendor\codeigniter4\framework\system\Model.php(737): CodeIgniter\BaseModel->update(Array, NULL)
#3 G:\Project\CI\MLM\mlm\Modules\API\Controllers\Api_package.php(62): CodeIgniter\Model->update(Array)
#4 G:\Project\CI\MLM\mlm\vendor\codeigniter4\framework\system\CodeIgniter.php(935): Modules\API\Controllers\Api_package->update(NULL)
#5 G:\Project\CI\MLM\mlm\vendor\codeigniter4\framework\system\CodeIgniter.php(431): CodeIgniter\CodeIgniter->runController(Object(Modules\API\Controllers\Api_package))
#6 G:\Project\CI\MLM\mlm\vendor\codeigniter4\framework\system\CodeIgniter.php(332): CodeIgniter\CodeIgniter->handleRequest(NULL, Object(Config\Cache), false)
#7 G:\Project\CI\MLM\mlm\public\index.php(44): CodeIgniter\CodeIgniter->run()
#8 {main}
CRITICAL - 2021-03-10 02:07:51 --> There is no data to update.
#0 G:\Project\CI\MLM\mlm\vendor\codeigniter4\framework\system\BaseModel.php(1682): CodeIgniter\Database\Exceptions\DataException::forEmptyDataset('update')
#1 G:\Project\CI\MLM\mlm\vendor\codeigniter4\framework\system\BaseModel.php(864): CodeIgniter\BaseModel->transformDataToArray(NULL, 'update')
#2 G:\Project\CI\MLM\mlm\vendor\codeigniter4\framework\system\Model.php(737): CodeIgniter\BaseModel->update(Array, NULL)
#3 G:\Project\CI\MLM\mlm\Modules\API\Controllers\Api_package.php(62): CodeIgniter\Model->update(Array)
#4 G:\Project\CI\MLM\mlm\vendor\codeigniter4\framework\system\CodeIgniter.php(935): Modules\API\Controllers\Api_package->update(NULL)
#5 G:\Project\CI\MLM\mlm\vendor\codeigniter4\framework\system\CodeIgniter.php(431): CodeIgniter\CodeIgniter->runController(Object(Modules\API\Controllers\Api_package))
#6 G:\Project\CI\MLM\mlm\vendor\codeigniter4\framework\system\CodeIgniter.php(332): CodeIgniter\CodeIgniter->handleRequest(NULL, Object(Config\Cache), false)
#7 G:\Project\CI\MLM\mlm\public\index.php(44): CodeIgniter\CodeIgniter->run()
#8 {main}
CRITICAL - 2021-03-10 02:14:13 --> There is no data to update.
#0 G:\Project\CI\MLM\mlm\vendor\codeigniter4\framework\system\BaseModel.php(1682): CodeIgniter\Database\Exceptions\DataException::forEmptyDataset('update')
#1 G:\Project\CI\MLM\mlm\vendor\codeigniter4\framework\system\BaseModel.php(864): CodeIgniter\BaseModel->transformDataToArray(NULL, 'update')
#2 G:\Project\CI\MLM\mlm\vendor\codeigniter4\framework\system\Model.php(737): CodeIgniter\BaseModel->update(Array, NULL)
#3 G:\Project\CI\MLM\mlm\Modules\API\Controllers\Api_package.php(63): CodeIgniter\Model->update(Array)
#4 G:\Project\CI\MLM\mlm\vendor\codeigniter4\framework\system\CodeIgniter.php(935): Modules\API\Controllers\Api_package->update(NULL)
#5 G:\Project\CI\MLM\mlm\vendor\codeigniter4\framework\system\CodeIgniter.php(431): CodeIgniter\CodeIgniter->runController(Object(Modules\API\Controllers\Api_package))
#6 G:\Project\CI\MLM\mlm\vendor\codeigniter4\framework\system\CodeIgniter.php(332): CodeIgniter\CodeIgniter->handleRequest(NULL, Object(Config\Cache), false)
#7 G:\Project\CI\MLM\mlm\public\index.php(44): CodeIgniter\CodeIgniter->run()
#8 {main}
CRITICAL - 2021-03-10 02:15:57 --> There is no data to update.
#0 G:\Project\CI\MLM\mlm\vendor\codeigniter4\framework\system\BaseModel.php(1682): CodeIgniter\Database\Exceptions\DataException::forEmptyDataset('update')
#1 G:\Project\CI\MLM\mlm\vendor\codeigniter4\framework\system\BaseModel.php(864): CodeIgniter\BaseModel->transformDataToArray(NULL, 'update')
#2 G:\Project\CI\MLM\mlm\vendor\codeigniter4\framework\system\Model.php(737): CodeIgniter\BaseModel->update(Array, NULL)
#3 G:\Project\CI\MLM\mlm\Modules\API\Controllers\Api_package.php(63): CodeIgniter\Model->update(Array)
#4 G:\Project\CI\MLM\mlm\vendor\codeigniter4\framework\system\CodeIgniter.php(935): Modules\API\Controllers\Api_package->update(NULL)
#5 G:\Project\CI\MLM\mlm\vendor\codeigniter4\framework\system\CodeIgniter.php(431): CodeIgniter\CodeIgniter->runController(Object(Modules\API\Controllers\Api_package))
#6 G:\Project\CI\MLM\mlm\vendor\codeigniter4\framework\system\CodeIgniter.php(332): CodeIgniter\CodeIgniter->handleRequest(NULL, Object(Config\Cache), false)
#7 G:\Project\CI\MLM\mlm\public\index.php(44): CodeIgniter\CodeIgniter->run()
#8 {main}
CRITICAL - 2021-03-10 02:16:08 --> There is no data to update.
#0 G:\Project\CI\MLM\mlm\vendor\codeigniter4\framework\system\BaseModel.php(1682): CodeIgniter\Database\Exceptions\DataException::forEmptyDataset('update')
#1 G:\Project\CI\MLM\mlm\vendor\codeigniter4\framework\system\BaseModel.php(864): CodeIgniter\BaseModel->transformDataToArray(NULL, 'update')
#2 G:\Project\CI\MLM\mlm\vendor\codeigniter4\framework\system\Model.php(737): CodeIgniter\BaseModel->update(Array, NULL)
#3 G:\Project\CI\MLM\mlm\Modules\API\Controllers\Api_package.php(63): CodeIgniter\Model->update(Array)
#4 G:\Project\CI\MLM\mlm\vendor\codeigniter4\framework\system\CodeIgniter.php(935): Modules\API\Controllers\Api_package->update(NULL)
#5 G:\Project\CI\MLM\mlm\vendor\codeigniter4\framework\system\CodeIgniter.php(431): CodeIgniter\CodeIgniter->runController(Object(Modules\API\Controllers\Api_package))
#6 G:\Project\CI\MLM\mlm\vendor\codeigniter4\framework\system\CodeIgniter.php(332): CodeIgniter\CodeIgniter->handleRequest(NULL, Object(Config\Cache), false)
#7 G:\Project\CI\MLM\mlm\public\index.php(44): CodeIgniter\CodeIgniter->run()
#8 {main}
CRITICAL - 2021-03-10 02:16:31 --> There is no data to update.
#0 G:\Project\CI\MLM\mlm\vendor\codeigniter4\framework\system\BaseModel.php(1682): CodeIgniter\Database\Exceptions\DataException::forEmptyDataset('update')
#1 G:\Project\CI\MLM\mlm\vendor\codeigniter4\framework\system\BaseModel.php(864): CodeIgniter\BaseModel->transformDataToArray(NULL, 'update')
#2 G:\Project\CI\MLM\mlm\vendor\codeigniter4\framework\system\Model.php(737): CodeIgniter\BaseModel->update(Array, NULL)
#3 G:\Project\CI\MLM\mlm\Modules\API\Controllers\Api_package.php(63): CodeIgniter\Model->update(Array)
#4 G:\Project\CI\MLM\mlm\vendor\codeigniter4\framework\system\CodeIgniter.php(935): Modules\API\Controllers\Api_package->update(NULL)
#5 G:\Project\CI\MLM\mlm\vendor\codeigniter4\framework\system\CodeIgniter.php(431): CodeIgniter\CodeIgniter->runController(Object(Modules\API\Controllers\Api_package))
#6 G:\Project\CI\MLM\mlm\vendor\codeigniter4\framework\system\CodeIgniter.php(332): CodeIgniter\CodeIgniter->handleRequest(NULL, Object(Config\Cache), false)
#7 G:\Project\CI\MLM\mlm\public\index.php(44): CodeIgniter\CodeIgniter->run()
#8 {main}
CRITICAL - 2021-03-10 02:18:26 --> Undefined variable: builder
#0 G:\Project\CI\MLM\mlm\Modules\API\Controllers\Api_package.php(61): CodeIgniter\Debug\Exceptions->errorHandler(8, 'Undefined varia...', 'G:\\Project\\CI\\M...', 61, Array)
#1 G:\Project\CI\MLM\mlm\vendor\codeigniter4\framework\system\CodeIgniter.php(935): Modules\API\Controllers\Api_package->update(NULL)
#2 G:\Project\CI\MLM\mlm\vendor\codeigniter4\framework\system\CodeIgniter.php(431): CodeIgniter\CodeIgniter->runController(Object(Modules\API\Controllers\Api_package))
#3 G:\Project\CI\MLM\mlm\vendor\codeigniter4\framework\system\CodeIgniter.php(332): CodeIgniter\CodeIgniter->handleRequest(NULL, Object(Config\Cache), false)
#4 G:\Project\CI\MLM\mlm\public\index.php(44): CodeIgniter\CodeIgniter->run()
#5 {main}
CRITICAL - 2021-03-10 02:20:49 --> You must use the "set" method to update an entry.
#0 G:\Project\CI\MLM\mlm\vendor\codeigniter4\framework\system\Database\BaseBuilder.php(2409): CodeIgniter\Database\BaseBuilder->validateUpdate()
#1 G:\Project\CI\MLM\mlm\vendor\codeigniter4\framework\system\Model.php(836): CodeIgniter\Database\BaseBuilder->getCompiledUpdate()
#2 G:\Project\CI\MLM\mlm\Modules\API\Controllers\Api_package.php(69): CodeIgniter\Model->__call('getCompiledUpda...', Array)
#3 G:\Project\CI\MLM\mlm\vendor\codeigniter4\framework\system\CodeIgniter.php(935): Modules\API\Controllers\Api_package->update(NULL)
#4 G:\Project\CI\MLM\mlm\vendor\codeigniter4\framework\system\CodeIgniter.php(431): CodeIgniter\CodeIgniter->runController(Object(Modules\API\Controllers\Api_package))
#5 G:\Project\CI\MLM\mlm\vendor\codeigniter4\framework\system\CodeIgniter.php(332): CodeIgniter\CodeIgniter->handleRequest(NULL, Object(Config\Cache), false)
#6 G:\Project\CI\MLM\mlm\public\index.php(44): CodeIgniter\CodeIgniter->run()
#7 {main}
CRITICAL - 2021-03-10 02:22:15 --> You must use the "set" method to update an entry.
#0 G:\Project\CI\MLM\mlm\vendor\codeigniter4\framework\system\Database\BaseBuilder.php(2409): CodeIgniter\Database\BaseBuilder->validateUpdate()
#1 G:\Project\CI\MLM\mlm\vendor\codeigniter4\framework\system\Model.php(836): CodeIgniter\Database\BaseBuilder->getCompiledUpdate()
#2 G:\Project\CI\MLM\mlm\Modules\API\Controllers\Api_package.php(69): CodeIgniter\Model->__call('getCompiledUpda...', Array)
#3 G:\Project\CI\MLM\mlm\vendor\codeigniter4\framework\system\CodeIgniter.php(935): Modules\API\Controllers\Api_package->update(NULL)
#4 G:\Project\CI\MLM\mlm\vendor\codeigniter4\framework\system\CodeIgniter.php(431): CodeIgniter\CodeIgniter->runController(Object(Modules\API\Controllers\Api_package))
#5 G:\Project\CI\MLM\mlm\vendor\codeigniter4\framework\system\CodeIgniter.php(332): CodeIgniter\CodeIgniter->handleRequest(NULL, Object(Config\Cache), false)
#6 G:\Project\CI\MLM\mlm\public\index.php(44): CodeIgniter\CodeIgniter->run()
#7 {main}
CRITICAL - 2021-03-10 02:22:43 --> You must use the "set" method to update an entry.
#0 G:\Project\CI\MLM\mlm\vendor\codeigniter4\framework\system\Database\BaseBuilder.php(2409): CodeIgniter\Database\BaseBuilder->validateUpdate()
#1 G:\Project\CI\MLM\mlm\vendor\codeigniter4\framework\system\Model.php(836): CodeIgniter\Database\BaseBuilder->getCompiledUpdate(false)
#2 G:\Project\CI\MLM\mlm\Modules\API\Controllers\Api_package.php(69): CodeIgniter\Model->__call('getCompiledUpda...', Array)
#3 G:\Project\CI\MLM\mlm\vendor\codeigniter4\framework\system\CodeIgniter.php(935): Modules\API\Controllers\Api_package->update(NULL)
#4 G:\Project\CI\MLM\mlm\vendor\codeigniter4\framework\system\CodeIgniter.php(431): CodeIgniter\CodeIgniter->runController(Object(Modules\API\Controllers\Api_package))
#5 G:\Project\CI\MLM\mlm\vendor\codeigniter4\framework\system\CodeIgniter.php(332): CodeIgniter\CodeIgniter->handleRequest(NULL, Object(Config\Cache), false)
#6 G:\Project\CI\MLM\mlm\public\index.php(44): CodeIgniter\CodeIgniter->run()
#7 {main}
CRITICAL - 2021-03-10 02:26:07 --> You must use the "set" method to update an entry.
#0 G:\Project\CI\MLM\mlm\vendor\codeigniter4\framework\system\Database\BaseBuilder.php(2409): CodeIgniter\Database\BaseBuilder->validateUpdate()
#1 G:\Project\CI\MLM\mlm\vendor\codeigniter4\framework\system\Model.php(836): CodeIgniter\Database\BaseBuilder->getCompiledUpdate()
#2 G:\Project\CI\MLM\mlm\Modules\API\Controllers\Api_package.php(69): CodeIgniter\Model->__call('getCompiledUpda...', Array)
#3 G:\Project\CI\MLM\mlm\vendor\codeigniter4\framework\system\CodeIgniter.php(935): Modules\API\Controllers\Api_package->update(NULL)
#4 G:\Project\CI\MLM\mlm\vendor\codeigniter4\framework\system\CodeIgniter.php(431): CodeIgniter\CodeIgniter->runController(Object(Modules\API\Controllers\Api_package))
#5 G:\Project\CI\MLM\mlm\vendor\codeigniter4\framework\system\CodeIgniter.php(332): CodeIgniter\CodeIgniter->handleRequest(NULL, Object(Config\Cache), false)
#6 G:\Project\CI\MLM\mlm\public\index.php(44): CodeIgniter\CodeIgniter->run()
#7 {main}
CRITICAL - 2021-03-10 02:27:13 --> You must use the "set" method to update an entry.
#0 G:\Project\CI\MLM\mlm\vendor\codeigniter4\framework\system\Database\BaseBuilder.php(2409): CodeIgniter\Database\BaseBuilder->validateUpdate()
#1 G:\Project\CI\MLM\mlm\vendor\codeigniter4\framework\system\Model.php(836): CodeIgniter\Database\BaseBuilder->getCompiledUpdate()
#2 G:\Project\CI\MLM\mlm\Modules\API\Controllers\Api_package.php(69): CodeIgniter\Model->__call('getCompiledUpda...', Array)
#3 G:\Project\CI\MLM\mlm\vendor\codeigniter4\framework\system\CodeIgniter.php(935): Modules\API\Controllers\Api_package->update(NULL)
#4 G:\Project\CI\MLM\mlm\vendor\codeigniter4\framework\system\CodeIgniter.php(431): CodeIgniter\CodeIgniter->runController(Object(Modules\API\Controllers\Api_package))
#5 G:\Project\CI\MLM\mlm\vendor\codeigniter4\framework\system\CodeIgniter.php(332): CodeIgniter\CodeIgniter->handleRequest(NULL, Object(Config\Cache), false)
#6 G:\Project\CI\MLM\mlm\public\index.php(44): CodeIgniter\CodeIgniter->run()
#7 {main}
CRITICAL - 2021-03-10 02:28:00 --> count(): Parameter must be an array or an object that implements Countable
#0 [internal function]: CodeIgniter\Debug\Exceptions->errorHandler(2, 'count(): Parame...', 'G:\\Project\\CI\\M...', 9, Array)
#1 G:\Project\CI\MLM\mlm\Modules\Common\Libraries\Json_format_datatable.php(9): count(Object(Modules\Common\Models\Tbl_packages))
#2 G:\Project\CI\MLM\mlm\Modules\API\Controllers\Api_package.php(20): Modules\Common\Libraries\Json_format_datatable->json_format(Object(Modules\Common\Models\Tbl_packages), Array)
#3 G:\Project\CI\MLM\mlm\vendor\codeigniter4\framework\system\CodeIgniter.php(935): Modules\API\Controllers\Api_package->index()
#4 G:\Project\CI\MLM\mlm\vendor\codeigniter4\framework\system\CodeIgniter.php(431): CodeIgniter\CodeIgniter->runController(Object(Modules\API\Controllers\Api_package))
#5 G:\Project\CI\MLM\mlm\vendor\codeigniter4\framework\system\CodeIgniter.php(332): CodeIgniter\CodeIgniter->handleRequest(NULL, Object(Config\Cache), false)
#6 G:\Project\CI\MLM\mlm\public\index.php(44): CodeIgniter\CodeIgniter->run()
#7 {main}
CRITICAL - 2021-03-10 02:28:22 --> count(): Parameter must be an array or an object that implements Countable
#0 [internal function]: CodeIgniter\Debug\Exceptions->errorHandler(2, 'count(): Parame...', 'G:\\Project\\CI\\M...', 9, Array)
#1 G:\Project\CI\MLM\mlm\Modules\Common\Libraries\Json_format_datatable.php(9): count(Object(Modules\Common\Models\Tbl_packages))
#2 G:\Project\CI\MLM\mlm\Modules\API\Controllers\Api_package.php(20): Modules\Common\Libraries\Json_format_datatable->json_format(Object(Modules\Common\Models\Tbl_packages), Array)
#3 G:\Project\CI\MLM\mlm\vendor\codeigniter4\framework\system\CodeIgniter.php(935): Modules\API\Controllers\Api_package->index()
#4 G:\Project\CI\MLM\mlm\vendor\codeigniter4\framework\system\CodeIgniter.php(431): CodeIgniter\CodeIgniter->runController(Object(Modules\API\Controllers\Api_package))
#5 G:\Project\CI\MLM\mlm\vendor\codeigniter4\framework\system\CodeIgniter.php(332): CodeIgniter\CodeIgniter->handleRequest(NULL, Object(Config\Cache), false)
#6 G:\Project\CI\MLM\mlm\public\index.php(44): CodeIgniter\CodeIgniter->run()
#7 {main}
CRITICAL - 2021-03-10 02:29:16 --> count(): Parameter must be an array or an object that implements Countable
#0 [internal function]: CodeIgniter\Debug\Exceptions->errorHandler(2, 'count(): Parame...', 'G:\\Project\\CI\\M...', 9, Array)
#1 G:\Project\CI\MLM\mlm\Modules\Common\Libraries\Json_format_datatable.php(9): count(Object(Modules\Common\Models\Tbl_packages))
#2 G:\Project\CI\MLM\mlm\Modules\API\Controllers\Api_package.php(20): Modules\Common\Libraries\Json_format_datatable->json_format(Object(Modules\Common\Models\Tbl_packages), Array)
#3 G:\Project\CI\MLM\mlm\vendor\codeigniter4\framework\system\CodeIgniter.php(935): Modules\API\Controllers\Api_package->index()
#4 G:\Project\CI\MLM\mlm\vendor\codeigniter4\framework\system\CodeIgniter.php(431): CodeIgniter\CodeIgniter->runController(Object(Modules\API\Controllers\Api_package))
#5 G:\Project\CI\MLM\mlm\vendor\codeigniter4\framework\system\CodeIgniter.php(332): CodeIgniter\CodeIgniter->handleRequest(NULL, Object(Config\Cache), false)
#6 G:\Project\CI\MLM\mlm\public\index.php(44): CodeIgniter\CodeIgniter->run()
#7 {main}
CRITICAL - 2021-03-10 02:39:59 --> Class 'CodeIgniter\ResourceController' not found
#0 G:\Project\CI\MLM\mlm\vendor\codeigniter4\framework\system\Autoloader\Autoloader.php(342): include_once()
#1 G:\Project\CI\MLM\mlm\vendor\codeigniter4\framework\system\Autoloader\Autoloader.php(274): CodeIgniter\Autoloader\Autoloader->includeFile('G:\\Project\\CI\\M...')
#2 G:\Project\CI\MLM\mlm\vendor\codeigniter4\framework\system\Autoloader\Autoloader.php(228): CodeIgniter\Autoloader\Autoloader->loadInNamespace('Modules\\API\\Con...')
#3 [internal function]: CodeIgniter\Autoloader\Autoloader->loadClass('Modules\\API\\Con...')
#4 [internal function]: spl_autoload_call('Modules\\API\\Con...')
#5 G:\Project\CI\MLM\mlm\vendor\codeigniter4\framework\system\CodeIgniter.php(892): class_exists('\\Modules\\API\\Co...', true)
#6 G:\Project\CI\MLM\mlm\vendor\codeigniter4\framework\system\CodeIgniter.php(416): CodeIgniter\CodeIgniter->startController()
#7 G:\Project\CI\MLM\mlm\vendor\codeigniter4\framework\system\CodeIgniter.php(332): CodeIgniter\CodeIgniter->handleRequest(NULL, Object(Config\Cache), false)
#8 G:\Project\CI\MLM\mlm\public\index.php(44): CodeIgniter\CodeIgniter->run()
#9 {main}
CRITICAL - 2021-03-10 02:40:36 --> Declaration of Modules\API\Controllers\Api_package::show($id) should be compatible with CodeIgniter\RESTful\ResourceController::show($id = NULL)
#0 G:\Project\CI\MLM\mlm\Modules\API\Controllers\Api_package.php(11): CodeIgniter\Debug\Exceptions->errorHandler(2, 'Declaration of ...', 'G:\\Project\\CI\\M...', 11, Array)
#1 G:\Project\CI\MLM\mlm\vendor\codeigniter4\framework\system\Autoloader\Autoloader.php(342): include_once('G:\\Project\\CI\\M...')
#2 G:\Project\CI\MLM\mlm\vendor\codeigniter4\framework\system\Autoloader\Autoloader.php(274): CodeIgniter\Autoloader\Autoloader->includeFile('G:\\Project\\CI\\M...')
#3 G:\Project\CI\MLM\mlm\vendor\codeigniter4\framework\system\Autoloader\Autoloader.php(228): CodeIgniter\Autoloader\Autoloader->loadInNamespace('Modules\\API\\Con...')
#4 [internal function]: CodeIgniter\Autoloader\Autoloader->loadClass('Modules\\API\\Con...')
#5 [internal function]: spl_autoload_call('Modules\\API\\Con...')
#6 G:\Project\CI\MLM\mlm\vendor\codeigniter4\framework\system\CodeIgniter.php(892): class_exists('\\Modules\\API\\Co...', true)
#7 G:\Project\CI\MLM\mlm\vendor\codeigniter4\framework\system\CodeIgniter.php(416): CodeIgniter\CodeIgniter->startController()
#8 G:\Project\CI\MLM\mlm\vendor\codeigniter4\framework\system\CodeIgniter.php(332): CodeIgniter\CodeIgniter->handleRequest(NULL, Object(Config\Cache), false)
#9 G:\Project\CI\MLM\mlm\public\index.php(44): CodeIgniter\CodeIgniter->run()
#10 {main}
CRITICAL - 2021-03-10 02:40:55 --> Trait 'Modules\API\Controllers\ResponseTrait' not found
#0 [internal function]: CodeIgniter\Debug\Exceptions->shutdownHandler()
#1 {main}
CRITICAL - 2021-03-10 02:48:56 --> Class 'Modules\API\Controllers\Tbl_packagesModel' not found
#0 G:\Project\CI\MLM\mlm\vendor\codeigniter4\framework\system\CodeIgniter.php(907): Modules\API\Controllers\Api_package->__construct()
#1 G:\Project\CI\MLM\mlm\vendor\codeigniter4\framework\system\CodeIgniter.php(421): CodeIgniter\CodeIgniter->createController()
#2 G:\Project\CI\MLM\mlm\vendor\codeigniter4\framework\system\CodeIgniter.php(332): CodeIgniter\CodeIgniter->handleRequest(NULL, Object(Config\Cache), false)
#3 G:\Project\CI\MLM\mlm\public\index.php(44): CodeIgniter\CodeIgniter->run()
#4 {main}
CRITICAL - 2021-03-10 03:12:15 --> Undefined variable: model
#0 G:\Project\CI\MLM\mlm\Modules\API\Controllers\Api_package.php(69): CodeIgniter\Debug\Exceptions->errorHandler(8, 'Undefined varia...', 'G:\\Project\\CI\\M...', 69, Array)
#1 G:\Project\CI\MLM\mlm\vendor\codeigniter4\framework\system\CodeIgniter.php(935): Modules\API\Controllers\Api_package->update('1')
#2 G:\Project\CI\MLM\mlm\vendor\codeigniter4\framework\system\CodeIgniter.php(431): CodeIgniter\CodeIgniter->runController(Object(Modules\API\Controllers\Api_package))
#3 G:\Project\CI\MLM\mlm\vendor\codeigniter4\framework\system\CodeIgniter.php(332): CodeIgniter\CodeIgniter->handleRequest(NULL, Object(Config\Cache), false)
#4 G:\Project\CI\MLM\mlm\public\index.php(44): CodeIgniter\CodeIgniter->run()
#5 {main}
CRITICAL - 2021-03-10 03:12:32 --> You must use the "set" method to update an entry.
#0 G:\Project\CI\MLM\mlm\vendor\codeigniter4\framework\system\Database\BaseBuilder.php(2409): CodeIgniter\Database\BaseBuilder->validateUpdate()
#1 G:\Project\CI\MLM\mlm\vendor\codeigniter4\framework\system\Model.php(836): CodeIgniter\Database\BaseBuilder->getCompiledUpdate()
#2 G:\Project\CI\MLM\mlm\Modules\API\Controllers\Api_package.php(69): CodeIgniter\Model->__call('getCompiledUpda...', Array)
#3 G:\Project\CI\MLM\mlm\vendor\codeigniter4\framework\system\CodeIgniter.php(935): Modules\API\Controllers\Api_package->update('1')
#4 G:\Project\CI\MLM\mlm\vendor\codeigniter4\framework\system\CodeIgniter.php(431): CodeIgniter\CodeIgniter->runController(Object(Modules\API\Controllers\Api_package))
#5 G:\Project\CI\MLM\mlm\vendor\codeigniter4\framework\system\CodeIgniter.php(332): CodeIgniter\CodeIgniter->handleRequest(NULL, Object(Config\Cache), false)
#6 G:\Project\CI\MLM\mlm\public\index.php(44): CodeIgniter\CodeIgniter->run()
#7 {main}
CRITICAL - 2021-03-10 03:12:45 --> Call to undefined method Modules\Common\Models\Tbl_packages::getCompiledSave
#0 G:\Project\CI\MLM\mlm\Modules\API\Controllers\Api_package.php(69): CodeIgniter\Model->__call('getCompiledSave', Array)
#1 G:\Project\CI\MLM\mlm\vendor\codeigniter4\framework\system\CodeIgniter.php(935): Modules\API\Controllers\Api_package->update('1')
#2 G:\Project\CI\MLM\mlm\vendor\codeigniter4\framework\system\CodeIgniter.php(431): CodeIgniter\CodeIgniter->runController(Object(Modules\API\Controllers\Api_package))
#3 G:\Project\CI\MLM\mlm\vendor\codeigniter4\framework\system\CodeIgniter.php(332): CodeIgniter\CodeIgniter->handleRequest(NULL, Object(Config\Cache), false)
#4 G:\Project\CI\MLM\mlm\public\index.php(44): CodeIgniter\CodeIgniter->run()
#5 {main}
CRITICAL - 2021-03-10 03:13:02 --> There is no data to update.
#0 G:\Project\CI\MLM\mlm\vendor\codeigniter4\framework\system\BaseModel.php(1682): CodeIgniter\Database\Exceptions\DataException::forEmptyDataset('update')
#1 G:\Project\CI\MLM\mlm\vendor\codeigniter4\framework\system\BaseModel.php(864): CodeIgniter\BaseModel->transformDataToArray(NULL, 'update')
#2 G:\Project\CI\MLM\mlm\vendor\codeigniter4\framework\system\Model.php(737): CodeIgniter\BaseModel->update(Array, NULL)
#3 G:\Project\CI\MLM\mlm\Modules\API\Controllers\Api_package.php(67): CodeIgniter\Model->update(Array)
#4 G:\Project\CI\MLM\mlm\vendor\codeigniter4\framework\system\CodeIgniter.php(935): Modules\API\Controllers\Api_package->update('1')
#5 G:\Project\CI\MLM\mlm\vendor\codeigniter4\framework\system\CodeIgniter.php(431): CodeIgniter\CodeIgniter->runController(Object(Modules\API\Controllers\Api_package))
#6 G:\Project\CI\MLM\mlm\vendor\codeigniter4\framework\system\CodeIgniter.php(332): CodeIgniter\CodeIgniter->handleRequest(NULL, Object(Config\Cache), false)
#7 G:\Project\CI\MLM\mlm\public\index.php(44): CodeIgniter\CodeIgniter->run()
#8 {main}
CRITICAL - 2021-03-10 03:19:40 --> There is no data to insert.
#0 G:\Project\CI\MLM\mlm\vendor\codeigniter4\framework\system\BaseModel.php(735): CodeIgniter\Database\Exceptions\DataException::forEmptyDataset('insert')
#1 G:\Project\CI\MLM\mlm\vendor\codeigniter4\framework\system\Model.php(705): CodeIgniter\BaseModel->insert(Array, true)
#2 G:\Project\CI\MLM\mlm\Modules\API\Controllers\Api_package.php(38): CodeIgniter\Model->insert(Array)
#3 G:\Project\CI\MLM\mlm\vendor\codeigniter4\framework\system\CodeIgniter.php(935): Modules\API\Controllers\Api_package->create()
#4 G:\Project\CI\MLM\mlm\vendor\codeigniter4\framework\system\CodeIgniter.php(431): CodeIgniter\CodeIgniter->runController(Object(Modules\API\Controllers\Api_package))
#5 G:\Project\CI\MLM\mlm\vendor\codeigniter4\framework\system\CodeIgniter.php(332): CodeIgniter\CodeIgniter->handleRequest(NULL, Object(Config\Cache), false)
#6 G:\Project\CI\MLM\mlm\public\index.php(44): CodeIgniter\CodeIgniter->run()
#7 {main}
CRITICAL - 2021-03-10 03:23:40 --> There is no data to insert.
#0 G:\Project\CI\MLM\mlm\vendor\codeigniter4\framework\system\BaseModel.php(735): CodeIgniter\Database\Exceptions\DataException::forEmptyDataset('insert')
#1 G:\Project\CI\MLM\mlm\vendor\codeigniter4\framework\system\Model.php(705): CodeIgniter\BaseModel->insert(Array, true)
#2 G:\Project\CI\MLM\mlm\Modules\API\Controllers\Api_package.php(38): CodeIgniter\Model->insert(Array)
#3 G:\Project\CI\MLM\mlm\vendor\codeigniter4\framework\system\CodeIgniter.php(935): Modules\API\Controllers\Api_package->create()
#4 G:\Project\CI\MLM\mlm\vendor\codeigniter4\framework\system\CodeIgniter.php(431): CodeIgniter\CodeIgniter->runController(Object(Modules\API\Controllers\Api_package))
#5 G:\Project\CI\MLM\mlm\vendor\codeigniter4\framework\system\CodeIgniter.php(332): CodeIgniter\CodeIgniter->handleRequest(NULL, Object(Config\Cache), false)
#6 G:\Project\CI\MLM\mlm\public\index.php(44): CodeIgniter\CodeIgniter->run()
#7 {main}
