CRITICAL - 2021-03-07 21:05:23 --> Class 'Config\Modules\Admin\Filters\BasicAuthFilter' not found
#0 G:\Project\CI\MLM\mlm\vendor\codeigniter4\framework\system\CodeIgniter.php(402): CodeIgniter\Filters\Filters->run('api/dashboard/d...', 'before')
#1 G:\Project\CI\MLM\mlm\vendor\codeigniter4\framework\system\CodeIgniter.php(332): CodeIgniter\CodeIgniter->handleRequest(NULL, Object(Config\Cache), false)
#2 G:\Project\CI\MLM\mlm\public\index.php(44): CodeIgniter\CodeIgniter->run()
#3 {main}
CRITICAL - 2021-03-07 21:06:40 --> Class 'Config\Modules\Admin\Filters\BasicAuthFilter' not found
#0 G:\Project\CI\MLM\mlm\vendor\codeigniter4\framework\system\CodeIgniter.php(402): CodeIgniter\Filters\Filters->run('api/dashboard', 'before')
#1 G:\Project\CI\MLM\mlm\vendor\codeigniter4\framework\system\CodeIgniter.php(332): CodeIgniter\CodeIgniter->handleRequest(NULL, Object(Config\Cache), false)
#2 G:\Project\CI\MLM\mlm\public\index.php(44): CodeIgniter\CodeIgniter->run()
#3 {main}
CRITICAL - 2021-03-07 21:07:05 --> Class 'Config\Modules\Admin\Filters\BasicAuthFilter' not found
#0 G:\Project\CI\MLM\mlm\vendor\codeigniter4\framework\system\CodeIgniter.php(402): CodeIgniter\Filters\Filters->run('api/dashboard', 'before')
#1 G:\Project\CI\MLM\mlm\vendor\codeigniter4\framework\system\CodeIgniter.php(332): CodeIgniter\CodeIgniter->handleRequest(NULL, Object(Config\Cache), false)
#2 G:\Project\CI\MLM\mlm\public\index.php(44): CodeIgniter\CodeIgniter->run()
#3 {main}
CRITICAL - 2021-03-07 21:08:05 --> Class 'Config\Modules\Admin\Filters\BasicAuthFilter' not found
#0 G:\Project\CI\MLM\mlm\vendor\codeigniter4\framework\system\CodeIgniter.php(402): CodeIgniter\Filters\Filters->run('api/dashboard', 'before')
#1 G:\Project\CI\MLM\mlm\vendor\codeigniter4\framework\system\CodeIgniter.php(332): CodeIgniter\CodeIgniter->handleRequest(NULL, Object(Config\Cache), false)
#2 G:\Project\CI\MLM\mlm\public\index.php(44): CodeIgniter\CodeIgniter->run()
#3 {main}
CRITICAL - 2021-03-07 21:18:20 --> Declaration of Modules\Admin\Filters\BasicAuthFilter::before(CodeIgniter\HTTP\RequestInterface $request) must be compatible with CodeIgniter\Filters\FilterInterface::before(CodeIgniter\HTTP\RequestInterface $request, $arguments = NULL)
#0 [internal function]: CodeIgniter\Debug\Exceptions->shutdownHandler()
#1 {main}
CRITICAL - 2021-03-07 21:46:46 --> Declaration of Modules\Admin\Filters\BasicAuthFilter::before(CodeIgniter\HTTP\RequestInterface $request) must be compatible with CodeIgniter\Filters\FilterInterface::before(CodeIgniter\HTTP\RequestInterface $request, $arguments = NULL)
#0 [internal function]: CodeIgniter\Debug\Exceptions->shutdownHandler()
#1 {main}
CRITICAL - 2021-03-07 21:48:21 --> Declaration of Modules\Admin\Filters\BasicAuthFilter::before(CodeIgniter\HTTP\RequestInterface $request) must be compatible with CodeIgniter\Filters\FilterInterface::before(CodeIgniter\HTTP\RequestInterface $request, $arguments = NULL)
#0 [internal function]: CodeIgniter\Debug\Exceptions->shutdownHandler()
#1 {main}
CRITICAL - 2021-03-07 22:44:37 --> configuration array must contain "dsn"
#0 G:\Project\CI\MLM\mlm\app\Libraries\Oauth.php(16): OAuth2\Storage\Pdo->__construct(Array)
#1 G:\Project\CI\MLM\mlm\app\Libraries\Oauth.php(8): App\Libraries\Oauth->init()
#2 G:\Project\CI\MLM\mlm\Modules\Admin\Controllers\Dashboard.php(16): App\Libraries\Oauth->__construct()
#3 G:\Project\CI\MLM\mlm\vendor\codeigniter4\framework\system\CodeIgniter.php(935): Modules\Admin\Controllers\Dashboard->index()
#4 G:\Project\CI\MLM\mlm\vendor\codeigniter4\framework\system\CodeIgniter.php(431): CodeIgniter\CodeIgniter->runController(Object(Modules\Admin\Controllers\Dashboard))
#5 G:\Project\CI\MLM\mlm\vendor\codeigniter4\framework\system\CodeIgniter.php(332): CodeIgniter\CodeIgniter->handleRequest(NULL, Object(Config\Cache), false)
#6 G:\Project\CI\MLM\mlm\public\index.php(44): CodeIgniter\CodeIgniter->run()
#7 {main}
CRITICAL - 2021-03-07 22:45:43 --> configuration array must contain "dsn"
#0 G:\Project\CI\MLM\mlm\app\Libraries\Oauth.php(16): OAuth2\Storage\Pdo->__construct(Array)
#1 G:\Project\CI\MLM\mlm\app\Libraries\Oauth.php(8): App\Libraries\Oauth->init()
#2 G:\Project\CI\MLM\mlm\Modules\Admin\Controllers\Dashboard.php(16): App\Libraries\Oauth->__construct()
#3 G:\Project\CI\MLM\mlm\vendor\codeigniter4\framework\system\CodeIgniter.php(935): Modules\Admin\Controllers\Dashboard->index()
#4 G:\Project\CI\MLM\mlm\vendor\codeigniter4\framework\system\CodeIgniter.php(431): CodeIgniter\CodeIgniter->runController(Object(Modules\Admin\Controllers\Dashboard))
#5 G:\Project\CI\MLM\mlm\vendor\codeigniter4\framework\system\CodeIgniter.php(332): CodeIgniter\CodeIgniter->handleRequest(NULL, Object(Config\Cache), false)
#6 G:\Project\CI\MLM\mlm\public\index.php(44): CodeIgniter\CodeIgniter->run()
#7 {main}
CRITICAL - 2021-03-07 22:46:23 --> configuration array must contain "dsn"
#0 G:\Project\CI\MLM\mlm\app\Libraries\Oauth.php(16): OAuth2\Storage\Pdo->__construct(Array)
#1 G:\Project\CI\MLM\mlm\app\Libraries\Oauth.php(8): App\Libraries\Oauth->init()
#2 G:\Project\CI\MLM\mlm\Modules\Admin\Controllers\Dashboard.php(16): App\Libraries\Oauth->__construct()
#3 G:\Project\CI\MLM\mlm\vendor\codeigniter4\framework\system\CodeIgniter.php(935): Modules\Admin\Controllers\Dashboard->index()
#4 G:\Project\CI\MLM\mlm\vendor\codeigniter4\framework\system\CodeIgniter.php(431): CodeIgniter\CodeIgniter->runController(Object(Modules\Admin\Controllers\Dashboard))
#5 G:\Project\CI\MLM\mlm\vendor\codeigniter4\framework\system\CodeIgniter.php(332): CodeIgniter\CodeIgniter->handleRequest(NULL, Object(Config\Cache), false)
#6 G:\Project\CI\MLM\mlm\public\index.php(44): CodeIgniter\CodeIgniter->run()
#7 {main}
CRITICAL - 2021-03-07 22:46:26 --> configuration array must contain "dsn"
#0 G:\Project\CI\MLM\mlm\app\Libraries\Oauth.php(16): OAuth2\Storage\Pdo->__construct(Array)
#1 G:\Project\CI\MLM\mlm\app\Libraries\Oauth.php(8): App\Libraries\Oauth->init()
#2 G:\Project\CI\MLM\mlm\Modules\Admin\Controllers\Dashboard.php(16): App\Libraries\Oauth->__construct()
#3 G:\Project\CI\MLM\mlm\vendor\codeigniter4\framework\system\CodeIgniter.php(935): Modules\Admin\Controllers\Dashboard->index()
#4 G:\Project\CI\MLM\mlm\vendor\codeigniter4\framework\system\CodeIgniter.php(431): CodeIgniter\CodeIgniter->runController(Object(Modules\Admin\Controllers\Dashboard))
#5 G:\Project\CI\MLM\mlm\vendor\codeigniter4\framework\system\CodeIgniter.php(332): CodeIgniter\CodeIgniter->handleRequest(NULL, Object(Config\Cache), false)
#6 G:\Project\CI\MLM\mlm\public\index.php(44): CodeIgniter\CodeIgniter->run()
#7 {main}
CRITICAL - 2021-03-07 22:49:37 --> configuration array must contain "dsn"
#0 G:\Project\CI\MLM\mlm\app\Libraries\Oauth.php(16): OAuth2\Storage\Pdo->__construct(Array)
#1 G:\Project\CI\MLM\mlm\app\Libraries\Oauth.php(8): App\Libraries\Oauth->init()
#2 G:\Project\CI\MLM\mlm\Modules\Admin\Controllers\Dashboard.php(16): App\Libraries\Oauth->__construct()
#3 G:\Project\CI\MLM\mlm\vendor\codeigniter4\framework\system\CodeIgniter.php(935): Modules\Admin\Controllers\Dashboard->index()
#4 G:\Project\CI\MLM\mlm\vendor\codeigniter4\framework\system\CodeIgniter.php(431): CodeIgniter\CodeIgniter->runController(Object(Modules\Admin\Controllers\Dashboard))
#5 G:\Project\CI\MLM\mlm\vendor\codeigniter4\framework\system\CodeIgniter.php(332): CodeIgniter\CodeIgniter->handleRequest(NULL, Object(Config\Cache), false)
#6 G:\Project\CI\MLM\mlm\public\index.php(44): CodeIgniter\CodeIgniter->run()
#7 {main}
CRITICAL - 2021-03-07 22:50:56 --> configuration array must contain "dsn"
#0 G:\Project\CI\MLM\mlm\app\Libraries\Oauth.php(16): OAuth2\Storage\Pdo->__construct(Array)
#1 G:\Project\CI\MLM\mlm\app\Libraries\Oauth.php(8): App\Libraries\Oauth->init()
#2 G:\Project\CI\MLM\mlm\Modules\Admin\Controllers\Dashboard.php(16): App\Libraries\Oauth->__construct()
#3 G:\Project\CI\MLM\mlm\vendor\codeigniter4\framework\system\CodeIgniter.php(935): Modules\Admin\Controllers\Dashboard->index()
#4 G:\Project\CI\MLM\mlm\vendor\codeigniter4\framework\system\CodeIgniter.php(431): CodeIgniter\CodeIgniter->runController(Object(Modules\Admin\Controllers\Dashboard))
#5 G:\Project\CI\MLM\mlm\vendor\codeigniter4\framework\system\CodeIgniter.php(332): CodeIgniter\CodeIgniter->handleRequest(NULL, Object(Config\Cache), false)
#6 G:\Project\CI\MLM\mlm\public\index.php(44): CodeIgniter\CodeIgniter->run()
#7 {main}
CRITICAL - 2021-03-07 22:51:31 --> Class 'Oauth2\Server' not found
#0 G:\Project\CI\MLM\mlm\app\Libraries\Oauth.php(8): App\Libraries\Oauth->init()
#1 G:\Project\CI\MLM\mlm\Modules\Admin\Controllers\Dashboard.php(16): App\Libraries\Oauth->__construct()
#2 G:\Project\CI\MLM\mlm\vendor\codeigniter4\framework\system\CodeIgniter.php(935): Modules\Admin\Controllers\Dashboard->index()
#3 G:\Project\CI\MLM\mlm\vendor\codeigniter4\framework\system\CodeIgniter.php(431): CodeIgniter\CodeIgniter->runController(Object(Modules\Admin\Controllers\Dashboard))
#4 G:\Project\CI\MLM\mlm\vendor\codeigniter4\framework\system\CodeIgniter.php(332): CodeIgniter\CodeIgniter->handleRequest(NULL, Object(Config\Cache), false)
#5 G:\Project\CI\MLM\mlm\public\index.php(44): CodeIgniter\CodeIgniter->run()
#6 {main}
CRITICAL - 2021-03-07 22:52:46 --> Undefined variable: mysql:dbname=mlm;host=localhost
#0 G:\Project\CI\MLM\mlm\app\Libraries\Oauth.php(16): CodeIgniter\Debug\Exceptions->errorHandler(8, 'Undefined varia...', 'G:\\Project\\CI\\M...', 16, Array)
#1 G:\Project\CI\MLM\mlm\app\Libraries\Oauth.php(8): App\Libraries\Oauth->init()
#2 G:\Project\CI\MLM\mlm\Modules\Admin\Controllers\Dashboard.php(16): App\Libraries\Oauth->__construct()
#3 G:\Project\CI\MLM\mlm\vendor\codeigniter4\framework\system\CodeIgniter.php(935): Modules\Admin\Controllers\Dashboard->index()
#4 G:\Project\CI\MLM\mlm\vendor\codeigniter4\framework\system\CodeIgniter.php(431): CodeIgniter\CodeIgniter->runController(Object(Modules\Admin\Controllers\Dashboard))
#5 G:\Project\CI\MLM\mlm\vendor\codeigniter4\framework\system\CodeIgniter.php(332): CodeIgniter\CodeIgniter->handleRequest(NULL, Object(Config\Cache), false)
#6 G:\Project\CI\MLM\mlm\public\index.php(44): CodeIgniter\CodeIgniter->run()
#7 {main}
