CRITICAL - 2021-03-06 07:11:31 --> Function name must be a string
#0 G:\Project\CI\MLM\mlm\vendor\codeigniter4\framework\system\CodeIgniter.php(802): require()
#1 G:\Project\CI\MLM\mlm\vendor\codeigniter4\framework\system\CodeIgniter.php(384): CodeIgniter\CodeIgniter->tryToRouteIt(Object(CodeIgniter\Router\RouteCollection))
#2 G:\Project\CI\MLM\mlm\vendor\codeigniter4\framework\system\CodeIgniter.php(332): CodeIgniter\CodeIgniter->handleRequest(NULL, Object(Config\Cache), false)
#3 G:\Project\CI\MLM\mlm\public\index.php(44): CodeIgniter\CodeIgniter->run()
#4 {main}
CRITICAL - 2021-03-06 07:11:58 --> Undefined variable: file_exists
#0 G:\Project\CI\MLM\mlm\app\Config\Routes.php(55): CodeIgniter\Debug\Exceptions->errorHandler(8, 'Undefined varia...', 'G:\\Project\\CI\\M...', 55, Array)
#1 G:\Project\CI\MLM\mlm\vendor\codeigniter4\framework\system\CodeIgniter.php(802): require('G:\\Project\\CI\\M...')
#2 G:\Project\CI\MLM\mlm\vendor\codeigniter4\framework\system\CodeIgniter.php(384): CodeIgniter\CodeIgniter->tryToRouteIt(Object(CodeIgniter\Router\RouteCollection))
#3 G:\Project\CI\MLM\mlm\vendor\codeigniter4\framework\system\CodeIgniter.php(332): CodeIgniter\CodeIgniter->handleRequest(NULL, Object(Config\Cache), false)
#4 G:\Project\CI\MLM\mlm\public\index.php(44): CodeIgniter\CodeIgniter->run()
#5 {main}
CRITICAL - 2021-03-06 07:14:23 --> Array to string conversion
#0 G:\Project\CI\MLM\mlm\app\Config\Routes.php(58): CodeIgniter\Debug\Exceptions->errorHandler(8, 'Array to string...', 'G:\\Project\\CI\\M...', 58, Array)
#1 G:\Project\CI\MLM\mlm\vendor\codeigniter4\framework\system\CodeIgniter.php(802): require('G:\\Project\\CI\\M...')
#2 G:\Project\CI\MLM\mlm\vendor\codeigniter4\framework\system\CodeIgniter.php(384): CodeIgniter\CodeIgniter->tryToRouteIt(Object(CodeIgniter\Router\RouteCollection))
#3 G:\Project\CI\MLM\mlm\vendor\codeigniter4\framework\system\CodeIgniter.php(332): CodeIgniter\CodeIgniter->handleRequest(NULL, Object(Config\Cache), false)
#4 G:\Project\CI\MLM\mlm\public\index.php(44): CodeIgniter\CodeIgniter->run()
#5 {main}
CRITICAL - 2021-03-06 07:34:28 --> Too few arguments to function Modules\Admin\Controllers\Dashboard::show(), 0 passed in G:\Project\CI\MLM\mlm\vendor\codeigniter4\framework\system\CodeIgniter.php on line 935 and exactly 1 expected
#0 G:\Project\CI\MLM\mlm\vendor\codeigniter4\framework\system\CodeIgniter.php(935): Modules\Admin\Controllers\Dashboard->show()
#1 G:\Project\CI\MLM\mlm\vendor\codeigniter4\framework\system\CodeIgniter.php(431): CodeIgniter\CodeIgniter->runController(Object(Modules\Admin\Controllers\Dashboard))
#2 G:\Project\CI\MLM\mlm\vendor\codeigniter4\framework\system\CodeIgniter.php(332): CodeIgniter\CodeIgniter->handleRequest(NULL, Object(Config\Cache), false)
#3 G:\Project\CI\MLM\mlm\public\index.php(44): CodeIgniter\CodeIgniter->run()
#4 {main}
CRITICAL - 2021-03-06 07:41:02 --> Trait 'App\Controllers\CodeIgniter\API\ResponseTrait' not found
#0 [internal function]: CodeIgniter\Debug\Exceptions->shutdownHandler()
#1 {main}
CRITICAL - 2021-03-06 07:41:15 --> Trait 'Modules\Admin\Controllers\CodeIgniter\API\ResponseTrait' not found
#0 [internal function]: CodeIgniter\Debug\Exceptions->shutdownHandler()
#1 {main}
CRITICAL - 2021-03-06 07:43:26 --> Trait 'Modules\Admin\Controllers\CodeIgniter\API\ResponseTrait' not found
#0 [internal function]: CodeIgniter\Debug\Exceptions->shutdownHandler()
#1 {main}
CRITICAL - 2021-03-06 07:43:47 --> Trait 'Modules\Admin\Controllers\CodeIgniter\API\ResponseTrait' not found
#0 [internal function]: CodeIgniter\Debug\Exceptions->shutdownHandler()
#1 {main}
CRITICAL - 2021-03-06 08:34:36 --> Trait 'App\Controllers\CodeIgniter\API\ResponseTrait' not found
#0 [internal function]: CodeIgniter\Debug\Exceptions->shutdownHandler()
#1 {main}
CRITICAL - 2021-03-06 09:06:51 --> Class 'Modules\Admin\Models\Members' not found
#0 G:\Project\CI\MLM\mlm\vendor\codeigniter4\framework\system\CodeIgniter.php(935): Modules\Admin\Controllers\Dashboard->show('100001')
#1 G:\Project\CI\MLM\mlm\vendor\codeigniter4\framework\system\CodeIgniter.php(431): CodeIgniter\CodeIgniter->runController(Object(Modules\Admin\Controllers\Dashboard))
#2 G:\Project\CI\MLM\mlm\vendor\codeigniter4\framework\system\CodeIgniter.php(332): CodeIgniter\CodeIgniter->handleRequest(NULL, Object(Config\Cache), false)
#3 G:\Project\CI\MLM\mlm\public\index.php(44): CodeIgniter\CodeIgniter->run()
#4 {main}
CRITICAL - 2021-03-06 09:07:31 --> Class 'Modules\Admin\Models\Members' not found
#0 G:\Project\CI\MLM\mlm\vendor\codeigniter4\framework\system\CodeIgniter.php(935): Modules\Admin\Controllers\Dashboard->show('100001')
#1 G:\Project\CI\MLM\mlm\vendor\codeigniter4\framework\system\CodeIgniter.php(431): CodeIgniter\CodeIgniter->runController(Object(Modules\Admin\Controllers\Dashboard))
#2 G:\Project\CI\MLM\mlm\vendor\codeigniter4\framework\system\CodeIgniter.php(332): CodeIgniter\CodeIgniter->handleRequest(NULL, Object(Config\Cache), false)
#3 G:\Project\CI\MLM\mlm\public\index.php(44): CodeIgniter\CodeIgniter->run()
#4 {main}
CRITICAL - 2021-03-06 09:09:03 --> Use of undefined constant required - assumed 'required' (this will throw an Error in a future version of PHP)
#0 G:\Project\CI\MLM\mlm\Modules\Admin\Controllers\Dashboard.php(17): CodeIgniter\Debug\Exceptions->errorHandler(2, 'Use of undefine...', 'G:\\Project\\CI\\M...', 17, Array)
#1 G:\Project\CI\MLM\mlm\vendor\codeigniter4\framework\system\CodeIgniter.php(935): Modules\Admin\Controllers\Dashboard->show('100001')
#2 G:\Project\CI\MLM\mlm\vendor\codeigniter4\framework\system\CodeIgniter.php(431): CodeIgniter\CodeIgniter->runController(Object(Modules\Admin\Controllers\Dashboard))
#3 G:\Project\CI\MLM\mlm\vendor\codeigniter4\framework\system\CodeIgniter.php(332): CodeIgniter\CodeIgniter->handleRequest(NULL, Object(Config\Cache), false)
#4 G:\Project\CI\MLM\mlm\public\index.php(44): CodeIgniter\CodeIgniter->run()
#5 {main}
CRITICAL - 2021-03-06 09:10:00 --> `Modules\Admin\Models\Members` model class does not specify a Primary Key.
#0 G:\Project\CI\MLM\mlm\vendor\codeigniter4\framework\system\Model.php(604): CodeIgniter\Exceptions\ModelException::forNoPrimaryKey('Modules\\Admin\\M...')
#1 G:\Project\CI\MLM\mlm\vendor\codeigniter4\framework\system\Model.php(153): CodeIgniter\Model->builder()
#2 G:\Project\CI\MLM\mlm\vendor\codeigniter4\framework\system\BaseModel.php(518): CodeIgniter\Model->doFind(true, '100001')
#3 G:\Project\CI\MLM\mlm\Modules\Admin\Controllers\Dashboard.php(18): CodeIgniter\BaseModel->find('100001')
#4 G:\Project\CI\MLM\mlm\vendor\codeigniter4\framework\system\CodeIgniter.php(935): Modules\Admin\Controllers\Dashboard->show('100001')
#5 G:\Project\CI\MLM\mlm\vendor\codeigniter4\framework\system\CodeIgniter.php(431): CodeIgniter\CodeIgniter->runController(Object(Modules\Admin\Controllers\Dashboard))
#6 G:\Project\CI\MLM\mlm\vendor\codeigniter4\framework\system\CodeIgniter.php(332): CodeIgniter\CodeIgniter->handleRequest(NULL, Object(Config\Cache), false)
#7 G:\Project\CI\MLM\mlm\public\index.php(44): CodeIgniter\CodeIgniter->run()
#8 {main}
ERROR - 2021-03-06 09:10:40 --> mysqli_sql_exception: Unknown column 'tbl_members.deleted_at' in 'where clause' in G:\Project\CI\MLM\mlm\vendor\codeigniter4\framework\system\Database\MySQLi\Connection.php:314
Stack trace:
#0 G:\Project\CI\MLM\mlm\vendor\codeigniter4\framework\system\Database\MySQLi\Connection.php(314): mysqli->query('SELECT *\nFROM `...')
#1 G:\Project\CI\MLM\mlm\vendor\codeigniter4\framework\system\Database\BaseConnection.php(715): CodeIgniter\Database\MySQLi\Connection->execute('SELECT *\nFROM `...')
#2 G:\Project\CI\MLM\mlm\vendor\codeigniter4\framework\system\Database\BaseConnection.php(643): CodeIgniter\Database\BaseConnection->simpleQuery('SELECT *\nFROM `...')
#3 G:\Project\CI\MLM\mlm\vendor\codeigniter4\framework\system\Database\BaseBuilder.php(1866): CodeIgniter\Database\BaseConnection->query('SELECT *\nFROM `...', Array, false)
#4 G:\Project\CI\MLM\mlm\vendor\codeigniter4\framework\system\Model.php(169): CodeIgniter\Database\BaseBuilder->get()
#5 G:\Project\CI\MLM\mlm\vendor\codeigniter4\framework\system\BaseModel.php(518): CodeIgniter\Model->doFind(true, '100001')
#6 G:\Project\CI\MLM\mlm\Modules\Admin\Controllers\Dashboard.php(18): CodeIgniter\BaseModel->find('100001')
#7 G:\Project\CI\MLM\mlm\vendor\codeigniter4\framework\system\CodeIgniter.php(935): Modules\Admin\Controllers\Dashboard->show('100001')
#8 G:\Project\CI\MLM\mlm\vendor\codeigniter4\framework\system\CodeIgniter.php(431): CodeIgniter\CodeIgniter->runController(Object(Modules\Admin\Controllers\Dashboard))
#9 G:\Project\CI\MLM\mlm\vendor\codeigniter4\framework\system\CodeIgniter.php(332): CodeIgniter\CodeIgniter->handleRequest(NULL, Object(Config\Cache), false)
#10 G:\Project\CI\MLM\mlm\public\index.php(44): CodeIgniter\CodeIgniter->run()
#11 {main}
CRITICAL - 2021-03-06 09:10:40 --> Unknown column 'tbl_members.deleted_at' in 'where clause'
#0 G:\Project\CI\MLM\mlm\vendor\codeigniter4\framework\system\Database\MySQLi\Connection.php(314): mysqli->query('SELECT *\nFROM `...')
#1 G:\Project\CI\MLM\mlm\vendor\codeigniter4\framework\system\Database\BaseConnection.php(715): CodeIgniter\Database\MySQLi\Connection->execute('SELECT *\nFROM `...')
#2 G:\Project\CI\MLM\mlm\vendor\codeigniter4\framework\system\Database\BaseConnection.php(643): CodeIgniter\Database\BaseConnection->simpleQuery('SELECT *\nFROM `...')
#3 G:\Project\CI\MLM\mlm\vendor\codeigniter4\framework\system\Database\BaseBuilder.php(1866): CodeIgniter\Database\BaseConnection->query('SELECT *\nFROM `...', Array, false)
#4 G:\Project\CI\MLM\mlm\vendor\codeigniter4\framework\system\Model.php(169): CodeIgniter\Database\BaseBuilder->get()
#5 G:\Project\CI\MLM\mlm\vendor\codeigniter4\framework\system\BaseModel.php(518): CodeIgniter\Model->doFind(true, '100001')
#6 G:\Project\CI\MLM\mlm\Modules\Admin\Controllers\Dashboard.php(18): CodeIgniter\BaseModel->find('100001')
#7 G:\Project\CI\MLM\mlm\vendor\codeigniter4\framework\system\CodeIgniter.php(935): Modules\Admin\Controllers\Dashboard->show('100001')
#8 G:\Project\CI\MLM\mlm\vendor\codeigniter4\framework\system\CodeIgniter.php(431): CodeIgniter\CodeIgniter->runController(Object(Modules\Admin\Controllers\Dashboard))
#9 G:\Project\CI\MLM\mlm\vendor\codeigniter4\framework\system\CodeIgniter.php(332): CodeIgniter\CodeIgniter->handleRequest(NULL, Object(Config\Cache), false)
#10 G:\Project\CI\MLM\mlm\public\index.php(44): CodeIgniter\CodeIgniter->run()
#11 {main}
CRITICAL - 2021-03-06 09:15:14 --> Class 'Modules\Admin\Models\Members' not found
#0 G:\Project\CI\MLM\mlm\vendor\codeigniter4\framework\system\CodeIgniter.php(935): Modules\Admin\Controllers\Dashboard->show('104782')
#1 G:\Project\CI\MLM\mlm\vendor\codeigniter4\framework\system\CodeIgniter.php(431): CodeIgniter\CodeIgniter->runController(Object(Modules\Admin\Controllers\Dashboard))
#2 G:\Project\CI\MLM\mlm\vendor\codeigniter4\framework\system\CodeIgniter.php(332): CodeIgniter\CodeIgniter->handleRequest(NULL, Object(Config\Cache), false)
#3 G:\Project\CI\MLM\mlm\public\index.php(44): CodeIgniter\CodeIgniter->run()
#4 {main}
CRITICAL - 2021-03-06 09:15:20 --> Class 'Modules\Admin\Models\Members' not found
#0 G:\Project\CI\MLM\mlm\vendor\codeigniter4\framework\system\CodeIgniter.php(935): Modules\Admin\Controllers\Dashboard->show('104782')
#1 G:\Project\CI\MLM\mlm\vendor\codeigniter4\framework\system\CodeIgniter.php(431): CodeIgniter\CodeIgniter->runController(Object(Modules\Admin\Controllers\Dashboard))
#2 G:\Project\CI\MLM\mlm\vendor\codeigniter4\framework\system\CodeIgniter.php(332): CodeIgniter\CodeIgniter->handleRequest(NULL, Object(Config\Cache), false)
#3 G:\Project\CI\MLM\mlm\public\index.php(44): CodeIgniter\CodeIgniter->run()
#4 {main}
CRITICAL - 2021-03-06 09:20:42 --> Allowed fields must be specified for model: Modules\Admin\Models\Members
#0 G:\Project\CI\MLM\mlm\vendor\codeigniter4\framework\system\BaseModel.php(1202): CodeIgniter\Database\Exceptions\DataException::forInvalidAllowedFields('Modules\\Admin\\M...')
#1 G:\Project\CI\MLM\mlm\vendor\codeigniter4\framework\system\BaseModel.php(729): CodeIgniter\BaseModel->doProtectFields(Array)
#2 G:\Project\CI\MLM\mlm\vendor\codeigniter4\framework\system\Model.php(705): CodeIgniter\BaseModel->insert(Array, true)
#3 G:\Project\CI\MLM\mlm\Modules\Admin\Controllers\Dashboard.php(25): CodeIgniter\Model->insert(Array)
#4 G:\Project\CI\MLM\mlm\vendor\codeigniter4\framework\system\CodeIgniter.php(935): Modules\Admin\Controllers\Dashboard->create()
#5 G:\Project\CI\MLM\mlm\vendor\codeigniter4\framework\system\CodeIgniter.php(431): CodeIgniter\CodeIgniter->runController(Object(Modules\Admin\Controllers\Dashboard))
#6 G:\Project\CI\MLM\mlm\vendor\codeigniter4\framework\system\CodeIgniter.php(332): CodeIgniter\CodeIgniter->handleRequest(NULL, Object(Config\Cache), false)
#7 G:\Project\CI\MLM\mlm\public\index.php(44): CodeIgniter\CodeIgniter->run()
#8 {main}
CRITICAL - 2021-03-06 09:22:00 --> Allowed fields must be specified for model: Modules\Admin\Models\Members
#0 G:\Project\CI\MLM\mlm\vendor\codeigniter4\framework\system\BaseModel.php(1202): CodeIgniter\Database\Exceptions\DataException::forInvalidAllowedFields('Modules\\Admin\\M...')
#1 G:\Project\CI\MLM\mlm\vendor\codeigniter4\framework\system\BaseModel.php(729): CodeIgniter\BaseModel->doProtectFields(Array)
#2 G:\Project\CI\MLM\mlm\vendor\codeigniter4\framework\system\Model.php(705): CodeIgniter\BaseModel->insert(Array, true)
#3 G:\Project\CI\MLM\mlm\Modules\Admin\Controllers\Dashboard.php(25): CodeIgniter\Model->insert(Array)
#4 G:\Project\CI\MLM\mlm\vendor\codeigniter4\framework\system\CodeIgniter.php(935): Modules\Admin\Controllers\Dashboard->create()
#5 G:\Project\CI\MLM\mlm\vendor\codeigniter4\framework\system\CodeIgniter.php(431): CodeIgniter\CodeIgniter->runController(Object(Modules\Admin\Controllers\Dashboard))
#6 G:\Project\CI\MLM\mlm\vendor\codeigniter4\framework\system\CodeIgniter.php(332): CodeIgniter\CodeIgniter->handleRequest(NULL, Object(Config\Cache), false)
#7 G:\Project\CI\MLM\mlm\public\index.php(44): CodeIgniter\CodeIgniter->run()
#8 {main}
CRITICAL - 2021-03-06 09:22:21 --> Allowed fields must be specified for model: Modules\Admin\Models\Members
#0 G:\Project\CI\MLM\mlm\vendor\codeigniter4\framework\system\BaseModel.php(1202): CodeIgniter\Database\Exceptions\DataException::forInvalidAllowedFields('Modules\\Admin\\M...')
#1 G:\Project\CI\MLM\mlm\vendor\codeigniter4\framework\system\BaseModel.php(729): CodeIgniter\BaseModel->doProtectFields(Array)
#2 G:\Project\CI\MLM\mlm\vendor\codeigniter4\framework\system\Model.php(705): CodeIgniter\BaseModel->insert(Array, true)
#3 G:\Project\CI\MLM\mlm\Modules\Admin\Controllers\Dashboard.php(25): CodeIgniter\Model->insert(Array)
#4 G:\Project\CI\MLM\mlm\vendor\codeigniter4\framework\system\CodeIgniter.php(935): Modules\Admin\Controllers\Dashboard->create()
#5 G:\Project\CI\MLM\mlm\vendor\codeigniter4\framework\system\CodeIgniter.php(431): CodeIgniter\CodeIgniter->runController(Object(Modules\Admin\Controllers\Dashboard))
#6 G:\Project\CI\MLM\mlm\vendor\codeigniter4\framework\system\CodeIgniter.php(332): CodeIgniter\CodeIgniter->handleRequest(NULL, Object(Config\Cache), false)
#7 G:\Project\CI\MLM\mlm\public\index.php(44): CodeIgniter\CodeIgniter->run()
#8 {main}
CRITICAL - 2021-03-06 09:22:31 --> Allowed fields must be specified for model: Modules\Admin\Models\Members
#0 G:\Project\CI\MLM\mlm\vendor\codeigniter4\framework\system\BaseModel.php(1202): CodeIgniter\Database\Exceptions\DataException::forInvalidAllowedFields('Modules\\Admin\\M...')
#1 G:\Project\CI\MLM\mlm\vendor\codeigniter4\framework\system\BaseModel.php(729): CodeIgniter\BaseModel->doProtectFields(Array)
#2 G:\Project\CI\MLM\mlm\vendor\codeigniter4\framework\system\Model.php(705): CodeIgniter\BaseModel->insert(Array, true)
#3 G:\Project\CI\MLM\mlm\Modules\Admin\Controllers\Dashboard.php(25): CodeIgniter\Model->insert(Array)
#4 G:\Project\CI\MLM\mlm\vendor\codeigniter4\framework\system\CodeIgniter.php(935): Modules\Admin\Controllers\Dashboard->create()
#5 G:\Project\CI\MLM\mlm\vendor\codeigniter4\framework\system\CodeIgniter.php(431): CodeIgniter\CodeIgniter->runController(Object(Modules\Admin\Controllers\Dashboard))
#6 G:\Project\CI\MLM\mlm\vendor\codeigniter4\framework\system\CodeIgniter.php(332): CodeIgniter\CodeIgniter->handleRequest(NULL, Object(Config\Cache), false)
#7 G:\Project\CI\MLM\mlm\public\index.php(44): CodeIgniter\CodeIgniter->run()
#8 {main}
CRITICAL - 2021-03-06 09:29:51 --> Argument 1 passed to CodeIgniter\BaseModel::findAll() must be of the type int, array given, called in G:\Project\CI\MLM\mlm\Modules\Admin\Controllers\Dashboard.php on line 18
#0 G:\Project\CI\MLM\mlm\Modules\Admin\Controllers\Dashboard.php(18): CodeIgniter\BaseModel->findAll(Array)
#1 G:\Project\CI\MLM\mlm\vendor\codeigniter4\framework\system\CodeIgniter.php(935): Modules\Admin\Controllers\Dashboard->show('123456')
#2 G:\Project\CI\MLM\mlm\vendor\codeigniter4\framework\system\CodeIgniter.php(431): CodeIgniter\CodeIgniter->runController(Object(Modules\Admin\Controllers\Dashboard))
#3 G:\Project\CI\MLM\mlm\vendor\codeigniter4\framework\system\CodeIgniter.php(332): CodeIgniter\CodeIgniter->handleRequest(NULL, Object(Config\Cache), false)
#4 G:\Project\CI\MLM\mlm\public\index.php(44): CodeIgniter\CodeIgniter->run()
#5 {main}
