CRITICAL - 2021-03-08 00:01:59 --> Class 'Oauth2\Server' not found
#0 G:\Project\CI\MLM\mlm\app\Libraries\Oauth.php(8): App\Libraries\Oauth->init()
#1 G:\Project\CI\MLM\mlm\Modules\Admin\Controllers\Dashboard.php(16): App\Libraries\Oauth->__construct()
#2 G:\Project\CI\MLM\mlm\vendor\codeigniter4\framework\system\CodeIgniter.php(935): Modules\Admin\Controllers\Dashboard->index()
#3 G:\Project\CI\MLM\mlm\vendor\codeigniter4\framework\system\CodeIgniter.php(431): CodeIgniter\CodeIgniter->runController(Object(Modules\Admin\Controllers\Dashboard))
#4 G:\Project\CI\MLM\mlm\vendor\codeigniter4\framework\system\CodeIgniter.php(332): CodeIgniter\CodeIgniter->handleRequest(NULL, Object(Config\Cache), false)
#5 G:\Project\CI\MLM\mlm\public\index.php(44): CodeIgniter\CodeIgniter->run()
#6 {main}
CRITICAL - 2021-03-08 00:51:02 --> Class 'Oauth2\Server' not found
#0 G:\Project\CI\MLM\mlm\app\Libraries\Oauth.php(8): App\Libraries\Oauth->init()
#1 G:\Project\CI\MLM\mlm\Modules\Admin\Controllers\Dashboard.php(16): App\Libraries\Oauth->__construct()
#2 G:\Project\CI\MLM\mlm\vendor\codeigniter4\framework\system\CodeIgniter.php(935): Modules\Admin\Controllers\Dashboard->index()
#3 G:\Project\CI\MLM\mlm\vendor\codeigniter4\framework\system\CodeIgniter.php(431): CodeIgniter\CodeIgniter->runController(Object(Modules\Admin\Controllers\Dashboard))
#4 G:\Project\CI\MLM\mlm\vendor\codeigniter4\framework\system\CodeIgniter.php(332): CodeIgniter\CodeIgniter->handleRequest(NULL, Object(Config\Cache), false)
#5 G:\Project\CI\MLM\mlm\public\index.php(44): CodeIgniter\CodeIgniter->run()
#6 {main}
CRITICAL - 2021-03-08 00:53:36 --> Class 'Oauth2\Request' not found
#0 G:\Project\CI\MLM\mlm\vendor\codeigniter4\framework\system\CodeIgniter.php(935): Modules\Admin\Controllers\Dashboard->index()
#1 G:\Project\CI\MLM\mlm\vendor\codeigniter4\framework\system\CodeIgniter.php(431): CodeIgniter\CodeIgniter->runController(Object(Modules\Admin\Controllers\Dashboard))
#2 G:\Project\CI\MLM\mlm\vendor\codeigniter4\framework\system\CodeIgniter.php(332): CodeIgniter\CodeIgniter->handleRequest(NULL, Object(Config\Cache), false)
#3 G:\Project\CI\MLM\mlm\public\index.php(44): CodeIgniter\CodeIgniter->run()
#4 {main}
CRITICAL - 2021-03-08 01:16:42 --> BasicAuthFilter filter must have a matching alias defined.
#0 G:\Project\CI\MLM\mlm\vendor\codeigniter4\framework\system\Filters\Filters.php(354): CodeIgniter\Filters\Exceptions\FilterException::forNoAlias('BasicAuthFilter')
#1 G:\Project\CI\MLM\mlm\vendor\codeigniter4\framework\system\CodeIgniter.php(393): CodeIgniter\Filters\Filters->enableFilter('BasicAuthFilter', 'before')
#2 G:\Project\CI\MLM\mlm\vendor\codeigniter4\framework\system\CodeIgniter.php(332): CodeIgniter\CodeIgniter->handleRequest(NULL, Object(Config\Cache), false)
#3 G:\Project\CI\MLM\mlm\public\index.php(44): CodeIgniter\CodeIgniter->run()
#4 {main}
CRITICAL - 2021-03-08 01:16:56 --> Call to undefined method OAuth2\Request::createFromGlobal()
#0 G:\Project\CI\MLM\mlm\vendor\codeigniter4\framework\system\Filters\Filters.php(181): Modules\Admin\Filters\OAuthFilter->before(Object(CodeIgniter\HTTP\IncomingRequest), NULL)
#1 G:\Project\CI\MLM\mlm\vendor\codeigniter4\framework\system\CodeIgniter.php(402): CodeIgniter\Filters\Filters->run('api/dashboard/1...', 'before')
#2 G:\Project\CI\MLM\mlm\vendor\codeigniter4\framework\system\CodeIgniter.php(332): CodeIgniter\CodeIgniter->handleRequest(NULL, Object(Config\Cache), false)
#3 G:\Project\CI\MLM\mlm\public\index.php(44): CodeIgniter\CodeIgniter->run()
#4 {main}
CRITICAL - 2021-03-08 01:17:36 --> Class 'Modules\Admin\Filters\Respond' not found
#0 G:\Project\CI\MLM\mlm\vendor\codeigniter4\framework\system\Filters\Filters.php(181): Modules\Admin\Filters\OAuthFilter->before(Object(OAuth2\Request), NULL)
#1 G:\Project\CI\MLM\mlm\vendor\codeigniter4\framework\system\CodeIgniter.php(402): CodeIgniter\Filters\Filters->run('api/dashboard/1...', 'before')
#2 G:\Project\CI\MLM\mlm\vendor\codeigniter4\framework\system\CodeIgniter.php(332): CodeIgniter\CodeIgniter->handleRequest(NULL, Object(Config\Cache), false)
#3 G:\Project\CI\MLM\mlm\public\index.php(44): CodeIgniter\CodeIgniter->run()
#4 {main}
CRITICAL - 2021-03-08 01:44:49 --> Invalid file: Modules/Template/Views/default-page.php
#0 G:\Project\CI\MLM\mlm\vendor\codeigniter4\framework\system\View\View.php(203): CodeIgniter\Exceptions\FrameworkException::forInvalidFile('Modules/Templat...')
#1 G:\Project\CI\MLM\mlm\vendor\codeigniter4\framework\system\Common.php(1217): CodeIgniter\View\View->render('Modules/Templat...', Array, true)
#2 G:\Project\CI\MLM\mlm\Modules\Admin\Controllers\Dashboard.php(17): view('Modules/Templat...')
#3 G:\Project\CI\MLM\mlm\vendor\codeigniter4\framework\system\CodeIgniter.php(935): Modules\Admin\Controllers\Dashboard->index()
#4 G:\Project\CI\MLM\mlm\vendor\codeigniter4\framework\system\CodeIgniter.php(431): CodeIgniter\CodeIgniter->runController(Object(Modules\Admin\Controllers\Dashboard))
#5 G:\Project\CI\MLM\mlm\vendor\codeigniter4\framework\system\CodeIgniter.php(332): CodeIgniter\CodeIgniter->handleRequest(NULL, Object(Config\Cache), false)
#6 G:\Project\CI\MLM\mlm\public\index.php(44): CodeIgniter\CodeIgniter->run()
#7 {main}
CRITICAL - 2021-03-08 01:47:04 --> Invalid file: Modules/Template/Views/default-page.php
#0 G:\Project\CI\MLM\mlm\vendor\codeigniter4\framework\system\View\View.php(203): CodeIgniter\Exceptions\FrameworkException::forInvalidFile('Modules/Templat...')
#1 G:\Project\CI\MLM\mlm\vendor\codeigniter4\framework\system\Common.php(1217): CodeIgniter\View\View->render('Modules/Templat...', Array, true)
#2 G:\Project\CI\MLM\mlm\Modules\Admin\Controllers\Dashboard.php(21): view('Modules/Templat...')
#3 G:\Project\CI\MLM\mlm\vendor\codeigniter4\framework\system\CodeIgniter.php(935): Modules\Admin\Controllers\Dashboard->index()
#4 G:\Project\CI\MLM\mlm\vendor\codeigniter4\framework\system\CodeIgniter.php(431): CodeIgniter\CodeIgniter->runController(Object(Modules\Admin\Controllers\Dashboard))
#5 G:\Project\CI\MLM\mlm\vendor\codeigniter4\framework\system\CodeIgniter.php(332): CodeIgniter\CodeIgniter->handleRequest(NULL, Object(Config\Cache), false)
#6 G:\Project\CI\MLM\mlm\public\index.php(44): CodeIgniter\CodeIgniter->run()
#7 {main}
CRITICAL - 2021-03-08 01:50:15 --> Undefined variable: parser
#0 G:\Project\CI\MLM\mlm\Modules\Admin\Controllers\Dashboard.php(22): CodeIgniter\Debug\Exceptions->errorHandler(8, 'Undefined varia...', 'G:\\Project\\CI\\M...', 22, Array)
#1 G:\Project\CI\MLM\mlm\vendor\codeigniter4\framework\system\CodeIgniter.php(935): Modules\Admin\Controllers\Dashboard->index()
#2 G:\Project\CI\MLM\mlm\vendor\codeigniter4\framework\system\CodeIgniter.php(431): CodeIgniter\CodeIgniter->runController(Object(Modules\Admin\Controllers\Dashboard))
#3 G:\Project\CI\MLM\mlm\vendor\codeigniter4\framework\system\CodeIgniter.php(332): CodeIgniter\CodeIgniter->handleRequest(NULL, Object(Config\Cache), false)
#4 G:\Project\CI\MLM\mlm\public\index.php(44): CodeIgniter\CodeIgniter->run()
#5 {main}
CRITICAL - 2021-03-08 01:52:47 --> Undefined variable: parser
#0 G:\Project\CI\MLM\mlm\Modules\Admin\Controllers\Dashboard.php(22): CodeIgniter\Debug\Exceptions->errorHandler(8, 'Undefined varia...', 'G:\\Project\\CI\\M...', 22, Array)
#1 G:\Project\CI\MLM\mlm\vendor\codeigniter4\framework\system\CodeIgniter.php(935): Modules\Admin\Controllers\Dashboard->index()
#2 G:\Project\CI\MLM\mlm\vendor\codeigniter4\framework\system\CodeIgniter.php(431): CodeIgniter\CodeIgniter->runController(Object(Modules\Admin\Controllers\Dashboard))
#3 G:\Project\CI\MLM\mlm\vendor\codeigniter4\framework\system\CodeIgniter.php(332): CodeIgniter\CodeIgniter->handleRequest(NULL, Object(Config\Cache), false)
#4 G:\Project\CI\MLM\mlm\public\index.php(44): CodeIgniter\CodeIgniter->run()
#5 {main}
CRITICAL - 2021-03-08 01:55:35 --> Undefined variable: parser
#0 G:\Project\CI\MLM\mlm\Modules\Admin\Controllers\Dashboard.php(22): CodeIgniter\Debug\Exceptions->errorHandler(8, 'Undefined varia...', 'G:\\Project\\CI\\M...', 22, Array)
#1 G:\Project\CI\MLM\mlm\vendor\codeigniter4\framework\system\CodeIgniter.php(935): Modules\Admin\Controllers\Dashboard->index()
#2 G:\Project\CI\MLM\mlm\vendor\codeigniter4\framework\system\CodeIgniter.php(431): CodeIgniter\CodeIgniter->runController(Object(Modules\Admin\Controllers\Dashboard))
#3 G:\Project\CI\MLM\mlm\vendor\codeigniter4\framework\system\CodeIgniter.php(332): CodeIgniter\CodeIgniter->handleRequest(NULL, Object(Config\Cache), false)
#4 G:\Project\CI\MLM\mlm\public\index.php(44): CodeIgniter\CodeIgniter->run()
#5 {main}
CRITICAL - 2021-03-08 01:56:01 --> Invalid file: Modules/Template/Views/test.php
#0 G:\Project\CI\MLM\mlm\vendor\codeigniter4\framework\system\View\View.php(203): CodeIgniter\Exceptions\FrameworkException::forInvalidFile('Modules/Templat...')
#1 G:\Project\CI\MLM\mlm\vendor\codeigniter4\framework\system\Common.php(1217): CodeIgniter\View\View->render('Modules/Templat...', Array, true)
#2 G:\Project\CI\MLM\mlm\Modules\Admin\Controllers\Dashboard.php(21): view('Modules/Templat...')
#3 G:\Project\CI\MLM\mlm\vendor\codeigniter4\framework\system\CodeIgniter.php(935): Modules\Admin\Controllers\Dashboard->index()
#4 G:\Project\CI\MLM\mlm\vendor\codeigniter4\framework\system\CodeIgniter.php(431): CodeIgniter\CodeIgniter->runController(Object(Modules\Admin\Controllers\Dashboard))
#5 G:\Project\CI\MLM\mlm\vendor\codeigniter4\framework\system\CodeIgniter.php(332): CodeIgniter\CodeIgniter->handleRequest(NULL, Object(Config\Cache), false)
#6 G:\Project\CI\MLM\mlm\public\index.php(44): CodeIgniter\CodeIgniter->run()
#7 {main}
CRITICAL - 2021-03-08 02:05:07 --> Undefined variable: parser
#0 G:\Project\CI\MLM\mlm\Modules\Admin\Controllers\Dashboard.php(22): CodeIgniter\Debug\Exceptions->errorHandler(8, 'Undefined varia...', 'G:\\Project\\CI\\M...', 22, Array)
#1 G:\Project\CI\MLM\mlm\vendor\codeigniter4\framework\system\CodeIgniter.php(935): Modules\Admin\Controllers\Dashboard->index()
#2 G:\Project\CI\MLM\mlm\vendor\codeigniter4\framework\system\CodeIgniter.php(431): CodeIgniter\CodeIgniter->runController(Object(Modules\Admin\Controllers\Dashboard))
#3 G:\Project\CI\MLM\mlm\vendor\codeigniter4\framework\system\CodeIgniter.php(332): CodeIgniter\CodeIgniter->handleRequest(NULL, Object(Config\Cache), false)
#4 G:\Project\CI\MLM\mlm\public\index.php(44): CodeIgniter\CodeIgniter->run()
#5 {main}
CRITICAL - 2021-03-08 02:06:45 --> Undefined variable: parser
#0 G:\Project\CI\MLM\mlm\Modules\Admin\Controllers\Dashboard.php(22): CodeIgniter\Debug\Exceptions->errorHandler(8, 'Undefined varia...', 'G:\\Project\\CI\\M...', 22, Array)
#1 G:\Project\CI\MLM\mlm\vendor\codeigniter4\framework\system\CodeIgniter.php(935): Modules\Admin\Controllers\Dashboard->index()
#2 G:\Project\CI\MLM\mlm\vendor\codeigniter4\framework\system\CodeIgniter.php(431): CodeIgniter\CodeIgniter->runController(Object(Modules\Admin\Controllers\Dashboard))
#3 G:\Project\CI\MLM\mlm\vendor\codeigniter4\framework\system\CodeIgniter.php(332): CodeIgniter\CodeIgniter->handleRequest(NULL, Object(Config\Cache), false)
#4 G:\Project\CI\MLM\mlm\public\index.php(44): CodeIgniter\CodeIgniter->run()
#5 {main}
CRITICAL - 2021-03-08 02:07:45 --> array_push() expects parameter 1 to be array, null given
#0 [internal function]: CodeIgniter\Debug\Exceptions->errorHandler(2, 'array_push() ex...', 'G:\\Project\\CI\\M...', 23, Array)
#1 G:\Project\CI\MLM\mlm\Modules\Admin\Controllers\Dashboard.php(23): array_push(NULL, Array, Array, Array)
#2 G:\Project\CI\MLM\mlm\vendor\codeigniter4\framework\system\CodeIgniter.php(935): Modules\Admin\Controllers\Dashboard->index()
#3 G:\Project\CI\MLM\mlm\vendor\codeigniter4\framework\system\CodeIgniter.php(431): CodeIgniter\CodeIgniter->runController(Object(Modules\Admin\Controllers\Dashboard))
#4 G:\Project\CI\MLM\mlm\vendor\codeigniter4\framework\system\CodeIgniter.php(332): CodeIgniter\CodeIgniter->handleRequest(NULL, Object(Config\Cache), false)
#5 G:\Project\CI\MLM\mlm\public\index.php(44): CodeIgniter\CodeIgniter->run()
#6 {main}
CRITICAL - 2021-03-08 02:08:19 --> Undefined property: Modules\Admin\Controllers\Dashboard::$pagetitle
#0 G:\Project\CI\MLM\mlm\Modules\Admin\Controllers\Dashboard.php(51): CodeIgniter\Debug\Exceptions->errorHandler(8, 'Undefined prope...', 'G:\\Project\\CI\\M...', 51, Array)
#1 G:\Project\CI\MLM\mlm\vendor\codeigniter4\framework\system\CodeIgniter.php(935): Modules\Admin\Controllers\Dashboard->index()
#2 G:\Project\CI\MLM\mlm\vendor\codeigniter4\framework\system\CodeIgniter.php(431): CodeIgniter\CodeIgniter->runController(Object(Modules\Admin\Controllers\Dashboard))
#3 G:\Project\CI\MLM\mlm\vendor\codeigniter4\framework\system\CodeIgniter.php(332): CodeIgniter\CodeIgniter->handleRequest(NULL, Object(Config\Cache), false)
#4 G:\Project\CI\MLM\mlm\public\index.php(44): CodeIgniter\CodeIgniter->run()
#5 {main}
CRITICAL - 2021-03-08 02:09:01 --> Undefined variable: parser
#0 G:\Project\CI\MLM\mlm\Modules\Admin\Controllers\Dashboard.php(58): CodeIgniter\Debug\Exceptions->errorHandler(8, 'Undefined varia...', 'G:\\Project\\CI\\M...', 58, Array)
#1 G:\Project\CI\MLM\mlm\vendor\codeigniter4\framework\system\CodeIgniter.php(935): Modules\Admin\Controllers\Dashboard->index()
#2 G:\Project\CI\MLM\mlm\vendor\codeigniter4\framework\system\CodeIgniter.php(431): CodeIgniter\CodeIgniter->runController(Object(Modules\Admin\Controllers\Dashboard))
#3 G:\Project\CI\MLM\mlm\vendor\codeigniter4\framework\system\CodeIgniter.php(332): CodeIgniter\CodeIgniter->handleRequest(NULL, Object(Config\Cache), false)
#4 G:\Project\CI\MLM\mlm\public\index.php(44): CodeIgniter\CodeIgniter->run()
#5 {main}
CRITICAL - 2021-03-08 20:44:40 --> Call to undefined method Modules\Admin\Controllers\Dashboard::get_data()
#0 G:\Project\CI\MLM\mlm\Modules\Admin\Controllers\Dashboard.php(59): Modules\Admin\Controllers\BaseController->load_sidebar(Array, 'test')
#1 G:\Project\CI\MLM\mlm\vendor\codeigniter4\framework\system\CodeIgniter.php(935): Modules\Admin\Controllers\Dashboard->index()
#2 G:\Project\CI\MLM\mlm\vendor\codeigniter4\framework\system\CodeIgniter.php(431): CodeIgniter\CodeIgniter->runController(Object(Modules\Admin\Controllers\Dashboard))
#3 G:\Project\CI\MLM\mlm\vendor\codeigniter4\framework\system\CodeIgniter.php(332): CodeIgniter\CodeIgniter->handleRequest(NULL, Object(Config\Cache), false)
#4 G:\Project\CI\MLM\mlm\public\index.php(44): CodeIgniter\CodeIgniter->run()
#5 {main}
CRITICAL - 2021-03-08 20:45:24 --> Call to undefined function App\Libraries\get_instance()
#0 G:\Project\CI\MLM\mlm\Modules\Admin\Controllers\BaseController.php(54): App\Libraries\Sidebar->__construct(Array)
#1 G:\Project\CI\MLM\mlm\Modules\Admin\Controllers\Dashboard.php(59): Modules\Admin\Controllers\BaseController->load_sidebar(Array, 'test')
#2 G:\Project\CI\MLM\mlm\vendor\codeigniter4\framework\system\CodeIgniter.php(935): Modules\Admin\Controllers\Dashboard->index()
#3 G:\Project\CI\MLM\mlm\vendor\codeigniter4\framework\system\CodeIgniter.php(431): CodeIgniter\CodeIgniter->runController(Object(Modules\Admin\Controllers\Dashboard))
#4 G:\Project\CI\MLM\mlm\vendor\codeigniter4\framework\system\CodeIgniter.php(332): CodeIgniter\CodeIgniter->handleRequest(NULL, Object(Config\Cache), false)
#5 G:\Project\CI\MLM\mlm\public\index.php(44): CodeIgniter\CodeIgniter->run()
#6 {main}
CRITICAL - 2021-03-08 20:46:20 --> Use of undefined constant SUPER_ADMIN_ACCOUNT - assumed 'SUPER_ADMIN_ACCOUNT' (this will throw an Error in a future version of PHP)
#0 G:\Project\CI\MLM\mlm\app\Libraries\Sidebar.php(266): CodeIgniter\Debug\Exceptions->errorHandler(2, 'Use of undefine...', 'G:\\Project\\CI\\M...', 266, Array)
#1 G:\Project\CI\MLM\mlm\app\Libraries\Sidebar.php(64): App\Libraries\Sidebar->_sidebar_items()
#2 G:\Project\CI\MLM\mlm\Modules\Admin\Controllers\BaseController.php(54): App\Libraries\Sidebar->__construct(Array)
#3 G:\Project\CI\MLM\mlm\Modules\Admin\Controllers\Dashboard.php(59): Modules\Admin\Controllers\BaseController->load_sidebar(Array, 'test')
#4 G:\Project\CI\MLM\mlm\vendor\codeigniter4\framework\system\CodeIgniter.php(935): Modules\Admin\Controllers\Dashboard->index()
#5 G:\Project\CI\MLM\mlm\vendor\codeigniter4\framework\system\CodeIgniter.php(431): CodeIgniter\CodeIgniter->runController(Object(Modules\Admin\Controllers\Dashboard))
#6 G:\Project\CI\MLM\mlm\vendor\codeigniter4\framework\system\CodeIgniter.php(332): CodeIgniter\CodeIgniter->handleRequest(NULL, Object(Config\Cache), false)
#7 G:\Project\CI\MLM\mlm\public\index.php(44): CodeIgniter\CodeIgniter->run()
#8 {main}
CRITICAL - 2021-03-08 20:52:34 --> Undefined variable: sidebar
#0 G:\Project\CI\MLM\mlm\Modules\Template\Views\template\page-sidebar.php(16): CodeIgniter\Debug\Exceptions->errorHandler(8, 'Undefined varia...', 'G:\\Project\\CI\\M...', 16, Array)
#1 G:\Project\CI\MLM\mlm\vendor\codeigniter4\framework\system\View\View.php(220): include('G:\\Project\\CI\\M...')
#2 G:\Project\CI\MLM\mlm\vendor\codeigniter4\framework\system\View\View.php(222): CodeIgniter\View\View->CodeIgniter\View\{closure}()
#3 G:\Project\CI\MLM\mlm\vendor\codeigniter4\framework\system\Common.php(1217): CodeIgniter\View\View->render('Modules\\Templat...', Array, true)
#4 G:\Project\CI\MLM\mlm\Modules\Admin\Controllers\Dashboard.php(60): view('Modules\\Templat...')
#5 G:\Project\CI\MLM\mlm\vendor\codeigniter4\framework\system\CodeIgniter.php(935): Modules\Admin\Controllers\Dashboard->index()
#6 G:\Project\CI\MLM\mlm\vendor\codeigniter4\framework\system\CodeIgniter.php(431): CodeIgniter\CodeIgniter->runController(Object(Modules\Admin\Controllers\Dashboard))
#7 G:\Project\CI\MLM\mlm\vendor\codeigniter4\framework\system\CodeIgniter.php(332): CodeIgniter\CodeIgniter->handleRequest(NULL, Object(Config\Cache), false)
#8 G:\Project\CI\MLM\mlm\public\index.php(44): CodeIgniter\CodeIgniter->run()
#9 {main}
CRITICAL - 2021-03-08 20:57:14 --> Undefined variable: sidebar
#0 G:\Project\CI\MLM\mlm\Modules\Template\Views\template\page-sidebar.php(19): CodeIgniter\Debug\Exceptions->errorHandler(8, 'Undefined varia...', 'G:\\Project\\CI\\M...', 19, Array)
#1 G:\Project\CI\MLM\mlm\vendor\codeigniter4\framework\system\View\View.php(220): include('G:\\Project\\CI\\M...')
#2 G:\Project\CI\MLM\mlm\vendor\codeigniter4\framework\system\View\View.php(222): CodeIgniter\View\View->CodeIgniter\View\{closure}()
#3 G:\Project\CI\MLM\mlm\vendor\codeigniter4\framework\system\Common.php(1217): CodeIgniter\View\View->render('Modules\\Templat...', Array, true)
#4 G:\Project\CI\MLM\mlm\Modules\Admin\Controllers\Dashboard.php(60): view('Modules\\Templat...')
#5 G:\Project\CI\MLM\mlm\vendor\codeigniter4\framework\system\CodeIgniter.php(935): Modules\Admin\Controllers\Dashboard->index()
#6 G:\Project\CI\MLM\mlm\vendor\codeigniter4\framework\system\CodeIgniter.php(431): CodeIgniter\CodeIgniter->runController(Object(Modules\Admin\Controllers\Dashboard))
#7 G:\Project\CI\MLM\mlm\vendor\codeigniter4\framework\system\CodeIgniter.php(332): CodeIgniter\CodeIgniter->handleRequest(NULL, Object(Config\Cache), false)
#8 G:\Project\CI\MLM\mlm\public\index.php(44): CodeIgniter\CodeIgniter->run()
#9 {main}
CRITICAL - 2021-03-08 21:01:39 --> Undefined variable: sidebar
#0 G:\Project\CI\MLM\mlm\Modules\Template\Views\template\page-sidebar.php(17): CodeIgniter\Debug\Exceptions->errorHandler(8, 'Undefined varia...', 'G:\\Project\\CI\\M...', 17, Array)
#1 G:\Project\CI\MLM\mlm\vendor\codeigniter4\framework\system\View\View.php(220): include('G:\\Project\\CI\\M...')
#2 G:\Project\CI\MLM\mlm\vendor\codeigniter4\framework\system\View\View.php(222): CodeIgniter\View\View->CodeIgniter\View\{closure}()
#3 G:\Project\CI\MLM\mlm\vendor\codeigniter4\framework\system\Common.php(1217): CodeIgniter\View\View->render('Modules\\Templat...', Array, true)
#4 G:\Project\CI\MLM\mlm\Modules\Admin\Controllers\Dashboard.php(60): view('Modules\\Templat...')
#5 G:\Project\CI\MLM\mlm\vendor\codeigniter4\framework\system\CodeIgniter.php(935): Modules\Admin\Controllers\Dashboard->index()
#6 G:\Project\CI\MLM\mlm\vendor\codeigniter4\framework\system\CodeIgniter.php(431): CodeIgniter\CodeIgniter->runController(Object(Modules\Admin\Controllers\Dashboard))
#7 G:\Project\CI\MLM\mlm\vendor\codeigniter4\framework\system\CodeIgniter.php(332): CodeIgniter\CodeIgniter->handleRequest(NULL, Object(Config\Cache), false)
#8 G:\Project\CI\MLM\mlm\public\index.php(44): CodeIgniter\CodeIgniter->run()
#9 {main}
CRITICAL - 2021-03-08 21:11:49 --> Undefined offset: 1
#0 G:\Project\CI\MLM\mlm\vendor\codeigniter4\framework\system\View\Cell.php(231): CodeIgniter\Debug\Exceptions->errorHandler(8, 'Undefined offse...', 'G:\\Project\\CI\\M...', 231, Array)
#1 G:\Project\CI\MLM\mlm\vendor\codeigniter4\framework\system\View\Cell.php(81): CodeIgniter\View\Cell->determineClass('Modules\\Templat...')
#2 G:\Project\CI\MLM\mlm\vendor\codeigniter4\framework\system\Common.php(1238): CodeIgniter\View\Cell->render('Modules\\Templat...', Array, 0, NULL)
#3 G:\Project\CI\MLM\mlm\Modules\Admin\Controllers\Dashboard.php(60): view_cell('Modules\\Templat...', Array)
#4 G:\Project\CI\MLM\mlm\vendor\codeigniter4\framework\system\CodeIgniter.php(935): Modules\Admin\Controllers\Dashboard->index()
#5 G:\Project\CI\MLM\mlm\vendor\codeigniter4\framework\system\CodeIgniter.php(431): CodeIgniter\CodeIgniter->runController(Object(Modules\Admin\Controllers\Dashboard))
#6 G:\Project\CI\MLM\mlm\vendor\codeigniter4\framework\system\CodeIgniter.php(332): CodeIgniter\CodeIgniter->handleRequest(NULL, Object(Config\Cache), false)
#7 G:\Project\CI\MLM\mlm\public\index.php(44): CodeIgniter\CodeIgniter->run()
#8 {main}
CRITICAL - 2021-03-08 21:31:08 --> Undefined variable: side_bar
#0 G:\Project\CI\MLM\mlm\Modules\Template\Views\default-page.php(58): CodeIgniter\Debug\Exceptions->errorHandler(8, 'Undefined varia...', 'G:\\Project\\CI\\M...', 58, Array)
#1 G:\Project\CI\MLM\mlm\vendor\codeigniter4\framework\system\View\View.php(220): include('G:\\Project\\CI\\M...')
#2 G:\Project\CI\MLM\mlm\vendor\codeigniter4\framework\system\View\View.php(222): CodeIgniter\View\View->CodeIgniter\View\{closure}()
#3 G:\Project\CI\MLM\mlm\vendor\codeigniter4\framework\system\Common.php(1217): CodeIgniter\View\View->render('Modules\\Templat...', Array, true)
#4 G:\Project\CI\MLM\mlm\Modules\Admin\Controllers\Dashboard.php(62): view('Modules\\Templat...', Array)
#5 G:\Project\CI\MLM\mlm\vendor\codeigniter4\framework\system\CodeIgniter.php(935): Modules\Admin\Controllers\Dashboard->index()
#6 G:\Project\CI\MLM\mlm\vendor\codeigniter4\framework\system\CodeIgniter.php(431): CodeIgniter\CodeIgniter->runController(Object(Modules\Admin\Controllers\Dashboard))
#7 G:\Project\CI\MLM\mlm\vendor\codeigniter4\framework\system\CodeIgniter.php(332): CodeIgniter\CodeIgniter->handleRequest(NULL, Object(Config\Cache), false)
#8 G:\Project\CI\MLM\mlm\public\index.php(44): CodeIgniter\CodeIgniter->run()
#9 {main}
CRITICAL - 2021-03-08 21:31:43 --> Undefined variable: side_bar
#0 G:\Project\CI\MLM\mlm\Modules\Template\Views\default-page.php(58): CodeIgniter\Debug\Exceptions->errorHandler(8, 'Undefined varia...', 'G:\\Project\\CI\\M...', 58, Array)
#1 G:\Project\CI\MLM\mlm\vendor\codeigniter4\framework\system\View\View.php(220): include('G:\\Project\\CI\\M...')
#2 G:\Project\CI\MLM\mlm\vendor\codeigniter4\framework\system\View\View.php(222): CodeIgniter\View\View->CodeIgniter\View\{closure}()
#3 G:\Project\CI\MLM\mlm\vendor\codeigniter4\framework\system\Common.php(1217): CodeIgniter\View\View->render('Modules\\Templat...', Array, true)
#4 G:\Project\CI\MLM\mlm\Modules\Admin\Controllers\Dashboard.php(62): view('Modules\\Templat...', Array)
#5 G:\Project\CI\MLM\mlm\vendor\codeigniter4\framework\system\CodeIgniter.php(935): Modules\Admin\Controllers\Dashboard->index()
#6 G:\Project\CI\MLM\mlm\vendor\codeigniter4\framework\system\CodeIgniter.php(431): CodeIgniter\CodeIgniter->runController(Object(Modules\Admin\Controllers\Dashboard))
#7 G:\Project\CI\MLM\mlm\vendor\codeigniter4\framework\system\CodeIgniter.php(332): CodeIgniter\CodeIgniter->handleRequest(NULL, Object(Config\Cache), false)
#8 G:\Project\CI\MLM\mlm\public\index.php(44): CodeIgniter\CodeIgniter->run()
#9 {main}
CRITICAL - 2021-03-08 21:31:58 --> Undefined variable: side_bar
#0 G:\Project\CI\MLM\mlm\Modules\Template\Views\default-page.php(58): CodeIgniter\Debug\Exceptions->errorHandler(8, 'Undefined varia...', 'G:\\Project\\CI\\M...', 58, Array)
#1 G:\Project\CI\MLM\mlm\vendor\codeigniter4\framework\system\View\View.php(220): include('G:\\Project\\CI\\M...')
#2 G:\Project\CI\MLM\mlm\vendor\codeigniter4\framework\system\View\View.php(222): CodeIgniter\View\View->CodeIgniter\View\{closure}()
#3 G:\Project\CI\MLM\mlm\vendor\codeigniter4\framework\system\Common.php(1217): CodeIgniter\View\View->render('Modules\\Templat...', Array, true)
#4 G:\Project\CI\MLM\mlm\Modules\Admin\Controllers\Dashboard.php(62): view('Modules\\Templat...', Array)
#5 G:\Project\CI\MLM\mlm\vendor\codeigniter4\framework\system\CodeIgniter.php(935): Modules\Admin\Controllers\Dashboard->index()
#6 G:\Project\CI\MLM\mlm\vendor\codeigniter4\framework\system\CodeIgniter.php(431): CodeIgniter\CodeIgniter->runController(Object(Modules\Admin\Controllers\Dashboard))
#7 G:\Project\CI\MLM\mlm\vendor\codeigniter4\framework\system\CodeIgniter.php(332): CodeIgniter\CodeIgniter->handleRequest(NULL, Object(Config\Cache), false)
#8 G:\Project\CI\MLM\mlm\public\index.php(44): CodeIgniter\CodeIgniter->run()
#9 {main}
CRITICAL - 2021-03-08 21:32:09 --> Undefined variable: side_bar
#0 G:\Project\CI\MLM\mlm\Modules\Template\Views\default-page.php(58): CodeIgniter\Debug\Exceptions->errorHandler(8, 'Undefined varia...', 'G:\\Project\\CI\\M...', 58, Array)
#1 G:\Project\CI\MLM\mlm\vendor\codeigniter4\framework\system\View\View.php(220): include('G:\\Project\\CI\\M...')
#2 G:\Project\CI\MLM\mlm\vendor\codeigniter4\framework\system\View\View.php(222): CodeIgniter\View\View->CodeIgniter\View\{closure}()
#3 G:\Project\CI\MLM\mlm\vendor\codeigniter4\framework\system\Common.php(1217): CodeIgniter\View\View->render('Modules\\Templat...', Array, true)
#4 G:\Project\CI\MLM\mlm\Modules\Admin\Controllers\Dashboard.php(62): view('Modules\\Templat...', Array)
#5 G:\Project\CI\MLM\mlm\vendor\codeigniter4\framework\system\CodeIgniter.php(935): Modules\Admin\Controllers\Dashboard->index()
#6 G:\Project\CI\MLM\mlm\vendor\codeigniter4\framework\system\CodeIgniter.php(431): CodeIgniter\CodeIgniter->runController(Object(Modules\Admin\Controllers\Dashboard))
#7 G:\Project\CI\MLM\mlm\vendor\codeigniter4\framework\system\CodeIgniter.php(332): CodeIgniter\CodeIgniter->handleRequest(NULL, Object(Config\Cache), false)
#8 G:\Project\CI\MLM\mlm\public\index.php(44): CodeIgniter\CodeIgniter->run()
#9 {main}
CRITICAL - 2021-03-08 21:33:27 --> Invalid file: Modules\Template\Views	emplate\page-nav-v1.php
#0 G:\Project\CI\MLM\mlm\vendor\codeigniter4\framework\system\View\View.php(203): CodeIgniter\Exceptions\FrameworkException::forInvalidFile('Modules\\Templat...')
#1 G:\Project\CI\MLM\mlm\vendor\codeigniter4\framework\system\Common.php(1217): CodeIgniter\View\View->render('Modules\\Templat...', Array, true)
#2 G:\Project\CI\MLM\mlm\Modules\Template\Views\default-page.php(50): view('Modules\\Templat...')
#3 G:\Project\CI\MLM\mlm\vendor\codeigniter4\framework\system\View\View.php(220): include('G:\\Project\\CI\\M...')
#4 G:\Project\CI\MLM\mlm\vendor\codeigniter4\framework\system\View\View.php(222): CodeIgniter\View\View->CodeIgniter\View\{closure}()
#5 G:\Project\CI\MLM\mlm\vendor\codeigniter4\framework\system\Common.php(1217): CodeIgniter\View\View->render('Modules\\Templat...', Array, true)
#6 G:\Project\CI\MLM\mlm\Modules\Admin\Controllers\Dashboard.php(62): view('Modules\\Templat...', Array)
#7 G:\Project\CI\MLM\mlm\vendor\codeigniter4\framework\system\CodeIgniter.php(935): Modules\Admin\Controllers\Dashboard->index()
#8 G:\Project\CI\MLM\mlm\vendor\codeigniter4\framework\system\CodeIgniter.php(431): CodeIgniter\CodeIgniter->runController(Object(Modules\Admin\Controllers\Dashboard))
#9 G:\Project\CI\MLM\mlm\vendor\codeigniter4\framework\system\CodeIgniter.php(332): CodeIgniter\CodeIgniter->handleRequest(NULL, Object(Config\Cache), false)
#10 G:\Project\CI\MLM\mlm\public\index.php(44): CodeIgniter\CodeIgniter->run()
#11 {main}
CRITICAL - 2021-03-08 21:35:21 --> Undefined property: CodeIgniter\View\View::$load
#0 G:\Project\CI\MLM\mlm\Modules\Template\Views\default-page.php(46): CodeIgniter\Debug\Exceptions->errorHandler(8, 'Undefined prope...', 'G:\\Project\\CI\\M...', 46, Array)
#1 G:\Project\CI\MLM\mlm\vendor\codeigniter4\framework\system\View\View.php(220): include('G:\\Project\\CI\\M...')
#2 G:\Project\CI\MLM\mlm\vendor\codeigniter4\framework\system\View\View.php(222): CodeIgniter\View\View->CodeIgniter\View\{closure}()
#3 G:\Project\CI\MLM\mlm\vendor\codeigniter4\framework\system\Common.php(1217): CodeIgniter\View\View->render('Modules\\Templat...', Array, true)
#4 G:\Project\CI\MLM\mlm\Modules\Admin\Controllers\Dashboard.php(62): view('Modules\\Templat...', Array)
#5 G:\Project\CI\MLM\mlm\vendor\codeigniter4\framework\system\CodeIgniter.php(935): Modules\Admin\Controllers\Dashboard->index()
#6 G:\Project\CI\MLM\mlm\vendor\codeigniter4\framework\system\CodeIgniter.php(431): CodeIgniter\CodeIgniter->runController(Object(Modules\Admin\Controllers\Dashboard))
#7 G:\Project\CI\MLM\mlm\vendor\codeigniter4\framework\system\CodeIgniter.php(332): CodeIgniter\CodeIgniter->handleRequest(NULL, Object(Config\Cache), false)
#8 G:\Project\CI\MLM\mlm\public\index.php(44): CodeIgniter\CodeIgniter->run()
#9 {main}
CRITICAL - 2021-03-08 21:36:05 --> Invalid file: Modules\Template\Views\template\ppage-sidebar.php
#0 G:\Project\CI\MLM\mlm\vendor\codeigniter4\framework\system\View\View.php(203): CodeIgniter\Exceptions\FrameworkException::forInvalidFile('Modules\\Templat...')
#1 G:\Project\CI\MLM\mlm\vendor\codeigniter4\framework\system\Common.php(1217): CodeIgniter\View\View->render('Modules\\Templat...', Array, true)
#2 G:\Project\CI\MLM\mlm\Modules\Template\Views\default-page.php(53): view('Modules\\Templat...')
#3 G:\Project\CI\MLM\mlm\vendor\codeigniter4\framework\system\View\View.php(220): include('G:\\Project\\CI\\M...')
#4 G:\Project\CI\MLM\mlm\vendor\codeigniter4\framework\system\View\View.php(222): CodeIgniter\View\View->CodeIgniter\View\{closure}()
#5 G:\Project\CI\MLM\mlm\vendor\codeigniter4\framework\system\Common.php(1217): CodeIgniter\View\View->render('Modules\\Templat...', Array, true)
#6 G:\Project\CI\MLM\mlm\Modules\Admin\Controllers\Dashboard.php(62): view('Modules\\Templat...', Array)
#7 G:\Project\CI\MLM\mlm\vendor\codeigniter4\framework\system\CodeIgniter.php(935): Modules\Admin\Controllers\Dashboard->index()
#8 G:\Project\CI\MLM\mlm\vendor\codeigniter4\framework\system\CodeIgniter.php(431): CodeIgniter\CodeIgniter->runController(Object(Modules\Admin\Controllers\Dashboard))
#9 G:\Project\CI\MLM\mlm\vendor\codeigniter4\framework\system\CodeIgniter.php(332): CodeIgniter\CodeIgniter->handleRequest(NULL, Object(Config\Cache), false)
#10 G:\Project\CI\MLM\mlm\public\index.php(44): CodeIgniter\CodeIgniter->run()
#11 {main}
CRITICAL - 2021-03-08 21:36:25 --> Undefined property: CodeIgniter\View\View::$load
#0 G:\Project\CI\MLM\mlm\Modules\Template\Views\default-page.php(63): CodeIgniter\Debug\Exceptions->errorHandler(8, 'Undefined prope...', 'G:\\Project\\CI\\M...', 63, Array)
#1 G:\Project\CI\MLM\mlm\vendor\codeigniter4\framework\system\View\View.php(220): include('G:\\Project\\CI\\M...')
#2 G:\Project\CI\MLM\mlm\vendor\codeigniter4\framework\system\View\View.php(222): CodeIgniter\View\View->CodeIgniter\View\{closure}()
#3 G:\Project\CI\MLM\mlm\vendor\codeigniter4\framework\system\Common.php(1217): CodeIgniter\View\View->render('Modules\\Templat...', Array, true)
#4 G:\Project\CI\MLM\mlm\Modules\Admin\Controllers\Dashboard.php(62): view('Modules\\Templat...', Array)
#5 G:\Project\CI\MLM\mlm\vendor\codeigniter4\framework\system\CodeIgniter.php(935): Modules\Admin\Controllers\Dashboard->index()
#6 G:\Project\CI\MLM\mlm\vendor\codeigniter4\framework\system\CodeIgniter.php(431): CodeIgniter\CodeIgniter->runController(Object(Modules\Admin\Controllers\Dashboard))
#7 G:\Project\CI\MLM\mlm\vendor\codeigniter4\framework\system\CodeIgniter.php(332): CodeIgniter\CodeIgniter->handleRequest(NULL, Object(Config\Cache), false)
#8 G:\Project\CI\MLM\mlm\public\index.php(44): CodeIgniter\CodeIgniter->run()
#9 {main}
CRITICAL - 2021-03-08 21:36:59 --> Invalid file: dashboard_views.php
#0 G:\Project\CI\MLM\mlm\vendor\codeigniter4\framework\system\View\View.php(203): CodeIgniter\Exceptions\FrameworkException::forInvalidFile('dashboard_views...')
#1 G:\Project\CI\MLM\mlm\vendor\codeigniter4\framework\system\Common.php(1217): CodeIgniter\View\View->render('dashboard_views', Array, true)
#2 G:\Project\CI\MLM\mlm\Modules\Template\Views\default-page.php(62): view('dashboard_views')
#3 G:\Project\CI\MLM\mlm\vendor\codeigniter4\framework\system\View\View.php(220): include('G:\\Project\\CI\\M...')
#4 G:\Project\CI\MLM\mlm\vendor\codeigniter4\framework\system\View\View.php(222): CodeIgniter\View\View->CodeIgniter\View\{closure}()
#5 G:\Project\CI\MLM\mlm\vendor\codeigniter4\framework\system\Common.php(1217): CodeIgniter\View\View->render('Modules\\Templat...', Array, true)
#6 G:\Project\CI\MLM\mlm\Modules\Admin\Controllers\Dashboard.php(62): view('Modules\\Templat...', Array)
#7 G:\Project\CI\MLM\mlm\vendor\codeigniter4\framework\system\CodeIgniter.php(935): Modules\Admin\Controllers\Dashboard->index()
#8 G:\Project\CI\MLM\mlm\vendor\codeigniter4\framework\system\CodeIgniter.php(431): CodeIgniter\CodeIgniter->runController(Object(Modules\Admin\Controllers\Dashboard))
#9 G:\Project\CI\MLM\mlm\vendor\codeigniter4\framework\system\CodeIgniter.php(332): CodeIgniter\CodeIgniter->handleRequest(NULL, Object(Config\Cache), false)
#10 G:\Project\CI\MLM\mlm\public\index.php(44): CodeIgniter\CodeIgniter->run()
#11 {main}
CRITICAL - 2021-03-08 21:37:42 --> Invalid file: dashboard_views.php
#0 G:\Project\CI\MLM\mlm\vendor\codeigniter4\framework\system\View\View.php(203): CodeIgniter\Exceptions\FrameworkException::forInvalidFile('dashboard_views...')
#1 G:\Project\CI\MLM\mlm\vendor\codeigniter4\framework\system\Common.php(1217): CodeIgniter\View\View->render('dashboard_views', Array, true)
#2 G:\Project\CI\MLM\mlm\Modules\Template\Views\default-page.php(62): view('dashboard_views')
#3 G:\Project\CI\MLM\mlm\vendor\codeigniter4\framework\system\View\View.php(220): include('G:\\Project\\CI\\M...')
#4 G:\Project\CI\MLM\mlm\vendor\codeigniter4\framework\system\View\View.php(222): CodeIgniter\View\View->CodeIgniter\View\{closure}()
#5 G:\Project\CI\MLM\mlm\vendor\codeigniter4\framework\system\Common.php(1217): CodeIgniter\View\View->render('Modules\\Templat...', Array, true)
#6 G:\Project\CI\MLM\mlm\Modules\Admin\Controllers\Dashboard.php(62): view('Modules\\Templat...', Array)
#7 G:\Project\CI\MLM\mlm\vendor\codeigniter4\framework\system\CodeIgniter.php(935): Modules\Admin\Controllers\Dashboard->index()
#8 G:\Project\CI\MLM\mlm\vendor\codeigniter4\framework\system\CodeIgniter.php(431): CodeIgniter\CodeIgniter->runController(Object(Modules\Admin\Controllers\Dashboard))
#9 G:\Project\CI\MLM\mlm\vendor\codeigniter4\framework\system\CodeIgniter.php(332): CodeIgniter\CodeIgniter->handleRequest(NULL, Object(Config\Cache), false)
#10 G:\Project\CI\MLM\mlm\public\index.php(44): CodeIgniter\CodeIgniter->run()
#11 {main}
CRITICAL - 2021-03-08 21:44:04 --> Class 'Modules\Admin\Controllers\BaseController' not found
#0 G:\Project\CI\MLM\mlm\vendor\codeigniter4\framework\system\Autoloader\Autoloader.php(342): include_once()
#1 G:\Project\CI\MLM\mlm\vendor\codeigniter4\framework\system\Autoloader\Autoloader.php(274): CodeIgniter\Autoloader\Autoloader->includeFile('G:\\Project\\CI\\M...')
#2 G:\Project\CI\MLM\mlm\vendor\codeigniter4\framework\system\Autoloader\Autoloader.php(228): CodeIgniter\Autoloader\Autoloader->loadInNamespace('Modules\\Admin\\C...')
#3 [internal function]: CodeIgniter\Autoloader\Autoloader->loadClass('Modules\\Admin\\C...')
#4 [internal function]: spl_autoload_call('Modules\\Admin\\C...')
#5 G:\Project\CI\MLM\mlm\vendor\codeigniter4\framework\system\CodeIgniter.php(892): class_exists('\\Modules\\Admin\\...', true)
#6 G:\Project\CI\MLM\mlm\vendor\codeigniter4\framework\system\CodeIgniter.php(416): CodeIgniter\CodeIgniter->startController()
#7 G:\Project\CI\MLM\mlm\vendor\codeigniter4\framework\system\CodeIgniter.php(332): CodeIgniter\CodeIgniter->handleRequest(NULL, Object(Config\Cache), false)
#8 G:\Project\CI\MLM\mlm\public\index.php(44): CodeIgniter\CodeIgniter->run()
#9 {main}
CRITICAL - 2021-03-08 21:44:20 --> Class 'Modules\Admin\Controllers\BaseController' not found
#0 G:\Project\CI\MLM\mlm\vendor\codeigniter4\framework\system\Autoloader\Autoloader.php(342): include_once()
#1 G:\Project\CI\MLM\mlm\vendor\codeigniter4\framework\system\Autoloader\Autoloader.php(274): CodeIgniter\Autoloader\Autoloader->includeFile('G:\\Project\\CI\\M...')
#2 G:\Project\CI\MLM\mlm\vendor\codeigniter4\framework\system\Autoloader\Autoloader.php(228): CodeIgniter\Autoloader\Autoloader->loadInNamespace('Modules\\Admin\\C...')
#3 [internal function]: CodeIgniter\Autoloader\Autoloader->loadClass('Modules\\Admin\\C...')
#4 [internal function]: spl_autoload_call('Modules\\Admin\\C...')
#5 G:\Project\CI\MLM\mlm\vendor\codeigniter4\framework\system\CodeIgniter.php(892): class_exists('\\Modules\\Admin\\...', true)
#6 G:\Project\CI\MLM\mlm\vendor\codeigniter4\framework\system\CodeIgniter.php(416): CodeIgniter\CodeIgniter->startController()
#7 G:\Project\CI\MLM\mlm\vendor\codeigniter4\framework\system\CodeIgniter.php(332): CodeIgniter\CodeIgniter->handleRequest(NULL, Object(Config\Cache), false)
#8 G:\Project\CI\MLM\mlm\public\index.php(44): CodeIgniter\CodeIgniter->run()
#9 {main}
CRITICAL - 2021-03-08 21:44:28 --> Class 'Modules\Admin\Controllers\BaseController' not found
#0 G:\Project\CI\MLM\mlm\vendor\codeigniter4\framework\system\Autoloader\Autoloader.php(342): include_once()
#1 G:\Project\CI\MLM\mlm\vendor\codeigniter4\framework\system\Autoloader\Autoloader.php(274): CodeIgniter\Autoloader\Autoloader->includeFile('G:\\Project\\CI\\M...')
#2 G:\Project\CI\MLM\mlm\vendor\codeigniter4\framework\system\Autoloader\Autoloader.php(228): CodeIgniter\Autoloader\Autoloader->loadInNamespace('Modules\\Admin\\C...')
#3 [internal function]: CodeIgniter\Autoloader\Autoloader->loadClass('Modules\\Admin\\C...')
#4 [internal function]: spl_autoload_call('Modules\\Admin\\C...')
#5 G:\Project\CI\MLM\mlm\vendor\codeigniter4\framework\system\CodeIgniter.php(892): class_exists('\\Modules\\Admin\\...', true)
#6 G:\Project\CI\MLM\mlm\vendor\codeigniter4\framework\system\CodeIgniter.php(416): CodeIgniter\CodeIgniter->startController()
#7 G:\Project\CI\MLM\mlm\vendor\codeigniter4\framework\system\CodeIgniter.php(332): CodeIgniter\CodeIgniter->handleRequest(NULL, Object(Config\Cache), false)
#8 G:\Project\CI\MLM\mlm\public\index.php(44): CodeIgniter\CodeIgniter->run()
#9 {main}
CRITICAL - 2021-03-08 21:44:53 --> Class 'Modules\Admin\Controllers\Modules\Basecontroller\Controllers\BaseController' not found
#0 G:\Project\CI\MLM\mlm\vendor\codeigniter4\framework\system\Autoloader\Autoloader.php(342): include_once()
#1 G:\Project\CI\MLM\mlm\vendor\codeigniter4\framework\system\Autoloader\Autoloader.php(274): CodeIgniter\Autoloader\Autoloader->includeFile('G:\\Project\\CI\\M...')
#2 G:\Project\CI\MLM\mlm\vendor\codeigniter4\framework\system\Autoloader\Autoloader.php(228): CodeIgniter\Autoloader\Autoloader->loadInNamespace('Modules\\Admin\\C...')
#3 [internal function]: CodeIgniter\Autoloader\Autoloader->loadClass('Modules\\Admin\\C...')
#4 [internal function]: spl_autoload_call('Modules\\Admin\\C...')
#5 G:\Project\CI\MLM\mlm\vendor\codeigniter4\framework\system\CodeIgniter.php(892): class_exists('\\Modules\\Admin\\...', true)
#6 G:\Project\CI\MLM\mlm\vendor\codeigniter4\framework\system\CodeIgniter.php(416): CodeIgniter\CodeIgniter->startController()
#7 G:\Project\CI\MLM\mlm\vendor\codeigniter4\framework\system\CodeIgniter.php(332): CodeIgniter\CodeIgniter->handleRequest(NULL, Object(Config\Cache), false)
#8 G:\Project\CI\MLM\mlm\public\index.php(44): CodeIgniter\CodeIgniter->run()
#9 {main}
CRITICAL - 2021-03-08 21:56:55 --> Class 'CI_Controller' not found
#0 G:\Project\CI\MLM\mlm\vendor\codeigniter4\framework\system\Autoloader\Autoloader.php(342): include_once()
#1 G:\Project\CI\MLM\mlm\vendor\codeigniter4\framework\system\Autoloader\Autoloader.php(274): CodeIgniter\Autoloader\Autoloader->includeFile('G:\\Project\\CI\\M...')
#2 G:\Project\CI\MLM\mlm\vendor\codeigniter4\framework\system\Autoloader\Autoloader.php(228): CodeIgniter\Autoloader\Autoloader->loadInNamespace('Modules\\Auth\\Co...')
#3 [internal function]: CodeIgniter\Autoloader\Autoloader->loadClass('Modules\\Auth\\Co...')
#4 [internal function]: spl_autoload_call('Modules\\Auth\\Co...')
#5 G:\Project\CI\MLM\mlm\vendor\codeigniter4\framework\system\CodeIgniter.php(892): class_exists('\\Modules\\Auth\\C...', true)
#6 G:\Project\CI\MLM\mlm\vendor\codeigniter4\framework\system\CodeIgniter.php(416): CodeIgniter\CodeIgniter->startController()
#7 G:\Project\CI\MLM\mlm\vendor\codeigniter4\framework\system\CodeIgniter.php(332): CodeIgniter\CodeIgniter->handleRequest(NULL, Object(Config\Cache), false)
#8 G:\Project\CI\MLM\mlm\public\index.php(44): CodeIgniter\CodeIgniter->run()
#9 {main}
CRITICAL - 2021-03-08 21:57:20 --> Class 'Controller' not found
#0 G:\Project\CI\MLM\mlm\vendor\codeigniter4\framework\system\Autoloader\Autoloader.php(342): include_once()
#1 G:\Project\CI\MLM\mlm\vendor\codeigniter4\framework\system\Autoloader\Autoloader.php(274): CodeIgniter\Autoloader\Autoloader->includeFile('G:\\Project\\CI\\M...')
#2 G:\Project\CI\MLM\mlm\vendor\codeigniter4\framework\system\Autoloader\Autoloader.php(228): CodeIgniter\Autoloader\Autoloader->loadInNamespace('Modules\\Auth\\Co...')
#3 [internal function]: CodeIgniter\Autoloader\Autoloader->loadClass('Modules\\Auth\\Co...')
#4 [internal function]: spl_autoload_call('Modules\\Auth\\Co...')
#5 G:\Project\CI\MLM\mlm\vendor\codeigniter4\framework\system\CodeIgniter.php(892): class_exists('\\Modules\\Auth\\C...', true)
#6 G:\Project\CI\MLM\mlm\vendor\codeigniter4\framework\system\CodeIgniter.php(416): CodeIgniter\CodeIgniter->startController()
#7 G:\Project\CI\MLM\mlm\vendor\codeigniter4\framework\system\CodeIgniter.php(332): CodeIgniter\CodeIgniter->handleRequest(NULL, Object(Config\Cache), false)
#8 G:\Project\CI\MLM\mlm\public\index.php(44): CodeIgniter\CodeIgniter->run()
#9 {main}
CRITICAL - 2021-03-08 21:57:54 --> Cannot call constructor
#0 G:\Project\CI\MLM\mlm\vendor\codeigniter4\framework\system\CodeIgniter.php(907): Modules\Auth\Controllers\Auth->__construct()
#1 G:\Project\CI\MLM\mlm\vendor\codeigniter4\framework\system\CodeIgniter.php(421): CodeIgniter\CodeIgniter->createController()
#2 G:\Project\CI\MLM\mlm\vendor\codeigniter4\framework\system\CodeIgniter.php(332): CodeIgniter\CodeIgniter->handleRequest(NULL, Object(Config\Cache), false)
#3 G:\Project\CI\MLM\mlm\public\index.php(44): CodeIgniter\CodeIgniter->run()
#4 {main}
CRITICAL - 2021-03-08 21:58:22 --> Undefined property: Modules\Auth\Controllers\Auth::$load
#0 G:\Project\CI\MLM\mlm\Modules\Auth\Controllers\Auth.php(11): CodeIgniter\Debug\Exceptions->errorHandler(8, 'Undefined prope...', 'G:\\Project\\CI\\M...', 11, Array)
#1 G:\Project\CI\MLM\mlm\vendor\codeigniter4\framework\system\CodeIgniter.php(907): Modules\Auth\Controllers\Auth->__construct()
#2 G:\Project\CI\MLM\mlm\vendor\codeigniter4\framework\system\CodeIgniter.php(421): CodeIgniter\CodeIgniter->createController()
#3 G:\Project\CI\MLM\mlm\vendor\codeigniter4\framework\system\CodeIgniter.php(332): CodeIgniter\CodeIgniter->handleRequest(NULL, Object(Config\Cache), false)
#4 G:\Project\CI\MLM\mlm\public\index.php(44): CodeIgniter\CodeIgniter->run()
#5 {main}
CRITICAL - 2021-03-08 21:59:21 --> Call to undefined function App\Libraries\get_instance()
#0 G:\Project\CI\MLM\mlm\Modules\Auth\Controllers\Auth.php(11): App\Libraries\Joshua_auth->__construct()
#1 G:\Project\CI\MLM\mlm\vendor\codeigniter4\framework\system\CodeIgniter.php(907): Modules\Auth\Controllers\Auth->__construct()
#2 G:\Project\CI\MLM\mlm\vendor\codeigniter4\framework\system\CodeIgniter.php(421): CodeIgniter\CodeIgniter->createController()
#3 G:\Project\CI\MLM\mlm\vendor\codeigniter4\framework\system\CodeIgniter.php(332): CodeIgniter\CodeIgniter->handleRequest(NULL, Object(Config\Cache), false)
#4 G:\Project\CI\MLM\mlm\public\index.php(44): CodeIgniter\CodeIgniter->run()
#5 {main}
CRITICAL - 2021-03-08 21:59:42 --> Undefined property: App\Libraries\Joshua_auth::$ci
#0 G:\Project\CI\MLM\mlm\app\Libraries\Joshua_auth.php(20): CodeIgniter\Debug\Exceptions->errorHandler(8, 'Undefined prope...', 'G:\\Project\\CI\\M...', 20, Array)
#1 G:\Project\CI\MLM\mlm\Modules\Auth\Controllers\Auth.php(11): App\Libraries\Joshua_auth->__construct()
#2 G:\Project\CI\MLM\mlm\vendor\codeigniter4\framework\system\CodeIgniter.php(907): Modules\Auth\Controllers\Auth->__construct()
#3 G:\Project\CI\MLM\mlm\vendor\codeigniter4\framework\system\CodeIgniter.php(421): CodeIgniter\CodeIgniter->createController()
#4 G:\Project\CI\MLM\mlm\vendor\codeigniter4\framework\system\CodeIgniter.php(332): CodeIgniter\CodeIgniter->handleRequest(NULL, Object(Config\Cache), false)
#5 G:\Project\CI\MLM\mlm\public\index.php(44): CodeIgniter\CodeIgniter->run()
#6 {main}
CRITICAL - 2021-03-08 22:10:17 --> Class 'Modules\Admin\Models\authModel' not found
#0 G:\Project\CI\MLM\mlm\Modules\Auth\Controllers\Auth.php(11): App\Libraries\Joshua_auth->__construct()
#1 G:\Project\CI\MLM\mlm\vendor\codeigniter4\framework\system\CodeIgniter.php(907): Modules\Auth\Controllers\Auth->__construct()
#2 G:\Project\CI\MLM\mlm\vendor\codeigniter4\framework\system\CodeIgniter.php(421): CodeIgniter\CodeIgniter->createController()
#3 G:\Project\CI\MLM\mlm\vendor\codeigniter4\framework\system\CodeIgniter.php(332): CodeIgniter\CodeIgniter->handleRequest(NULL, Object(Config\Cache), false)
#4 G:\Project\CI\MLM\mlm\public\index.php(44): CodeIgniter\CodeIgniter->run()
#5 {main}
CRITICAL - 2021-03-08 22:10:19 --> Class 'Modules\Admin\Models\authModel' not found
#0 G:\Project\CI\MLM\mlm\Modules\Auth\Controllers\Auth.php(11): App\Libraries\Joshua_auth->__construct()
#1 G:\Project\CI\MLM\mlm\vendor\codeigniter4\framework\system\CodeIgniter.php(907): Modules\Auth\Controllers\Auth->__construct()
#2 G:\Project\CI\MLM\mlm\vendor\codeigniter4\framework\system\CodeIgniter.php(421): CodeIgniter\CodeIgniter->createController()
#3 G:\Project\CI\MLM\mlm\vendor\codeigniter4\framework\system\CodeIgniter.php(332): CodeIgniter\CodeIgniter->handleRequest(NULL, Object(Config\Cache), false)
#4 G:\Project\CI\MLM\mlm\public\index.php(44): CodeIgniter\CodeIgniter->run()
#5 {main}
CRITICAL - 2021-03-08 22:17:15 --> Undefined property: Modules\Auth\Controllers\Auth::$load
#0 G:\Project\CI\MLM\mlm\Modules\Auth\Controllers\Auth.php(13): CodeIgniter\Debug\Exceptions->errorHandler(8, 'Undefined prope...', 'G:\\Project\\CI\\M...', 13, Array)
#1 G:\Project\CI\MLM\mlm\vendor\codeigniter4\framework\system\CodeIgniter.php(907): Modules\Auth\Controllers\Auth->__construct()
#2 G:\Project\CI\MLM\mlm\vendor\codeigniter4\framework\system\CodeIgniter.php(421): CodeIgniter\CodeIgniter->createController()
#3 G:\Project\CI\MLM\mlm\vendor\codeigniter4\framework\system\CodeIgniter.php(332): CodeIgniter\CodeIgniter->handleRequest(NULL, Object(Config\Cache), false)
#4 G:\Project\CI\MLM\mlm\public\index.php(44): CodeIgniter\CodeIgniter->run()
#5 {main}
CRITICAL - 2021-03-08 22:20:39 --> Undefined property: Modules\Auth\Controllers\Auth::$joshua_auth
#0 G:\Project\CI\MLM\mlm\Modules\Auth\Controllers\Auth.php(21): CodeIgniter\Debug\Exceptions->errorHandler(8, 'Undefined prope...', 'G:\\Project\\CI\\M...', 21, Array)
#1 G:\Project\CI\MLM\mlm\vendor\codeigniter4\framework\system\CodeIgniter.php(935): Modules\Auth\Controllers\Auth->index()
#2 G:\Project\CI\MLM\mlm\vendor\codeigniter4\framework\system\CodeIgniter.php(431): CodeIgniter\CodeIgniter->runController(Object(Modules\Auth\Controllers\Auth))
#3 G:\Project\CI\MLM\mlm\vendor\codeigniter4\framework\system\CodeIgniter.php(332): CodeIgniter\CodeIgniter->handleRequest(NULL, Object(Config\Cache), false)
#4 G:\Project\CI\MLM\mlm\public\index.php(44): CodeIgniter\CodeIgniter->run()
#5 {main}
CRITICAL - 2021-03-08 22:21:12 --> Undefined property: Modules\Auth\Controllers\Auth::$joshua_auth
#0 G:\Project\CI\MLM\mlm\Modules\Auth\Controllers\Auth.php(22): CodeIgniter\Debug\Exceptions->errorHandler(8, 'Undefined prope...', 'G:\\Project\\CI\\M...', 22, Array)
#1 G:\Project\CI\MLM\mlm\vendor\codeigniter4\framework\system\CodeIgniter.php(935): Modules\Auth\Controllers\Auth->index()
#2 G:\Project\CI\MLM\mlm\vendor\codeigniter4\framework\system\CodeIgniter.php(431): CodeIgniter\CodeIgniter->runController(Object(Modules\Auth\Controllers\Auth))
#3 G:\Project\CI\MLM\mlm\vendor\codeigniter4\framework\system\CodeIgniter.php(332): CodeIgniter\CodeIgniter->handleRequest(NULL, Object(Config\Cache), false)
#4 G:\Project\CI\MLM\mlm\public\index.php(44): CodeIgniter\CodeIgniter->run()
#5 {main}
CRITICAL - 2021-03-08 22:22:13 --> Constant expression contains invalid operations
#0 [internal function]: CodeIgniter\Debug\Exceptions->shutdownHandler()
#1 {main}
CRITICAL - 2021-03-08 22:22:59 --> Undefined property: App\Libraries\Joshua_auth::$ci
#0 G:\Project\CI\MLM\mlm\app\Libraries\Joshua_auth.php(189): CodeIgniter\Debug\Exceptions->errorHandler(8, 'Undefined prope...', 'G:\\Project\\CI\\M...', 189, Array)
#1 G:\Project\CI\MLM\mlm\app\Libraries\Joshua_auth.php(34): App\Libraries\Joshua_auth->get_session_data('logged_in')
#2 G:\Project\CI\MLM\mlm\Modules\Auth\Controllers\Auth.php(22): App\Libraries\Joshua_auth->is_logged_in()
#3 G:\Project\CI\MLM\mlm\vendor\codeigniter4\framework\system\CodeIgniter.php(935): Modules\Auth\Controllers\Auth->index()
#4 G:\Project\CI\MLM\mlm\vendor\codeigniter4\framework\system\CodeIgniter.php(431): CodeIgniter\CodeIgniter->runController(Object(Modules\Auth\Controllers\Auth))
#5 G:\Project\CI\MLM\mlm\vendor\codeigniter4\framework\system\CodeIgniter.php(332): CodeIgniter\CodeIgniter->handleRequest(NULL, Object(Config\Cache), false)
#6 G:\Project\CI\MLM\mlm\public\index.php(44): CodeIgniter\CodeIgniter->run()
#7 {main}
CRITICAL - 2021-03-08 22:24:27 --> Call to undefined method CodeIgniter\Session\Session::userdata()
#0 G:\Project\CI\MLM\mlm\app\Libraries\Joshua_auth.php(35): App\Libraries\Joshua_auth->get_session_data('logged_in')
#1 G:\Project\CI\MLM\mlm\Modules\Auth\Controllers\Auth.php(22): App\Libraries\Joshua_auth->is_logged_in()
#2 G:\Project\CI\MLM\mlm\vendor\codeigniter4\framework\system\CodeIgniter.php(935): Modules\Auth\Controllers\Auth->index()
#3 G:\Project\CI\MLM\mlm\vendor\codeigniter4\framework\system\CodeIgniter.php(431): CodeIgniter\CodeIgniter->runController(Object(Modules\Auth\Controllers\Auth))
#4 G:\Project\CI\MLM\mlm\vendor\codeigniter4\framework\system\CodeIgniter.php(332): CodeIgniter\CodeIgniter->handleRequest(NULL, Object(Config\Cache), false)
#5 G:\Project\CI\MLM\mlm\public\index.php(44): CodeIgniter\CodeIgniter->run()
#6 {main}
CRITICAL - 2021-03-08 22:25:38 --> Undefined property: Modules\Auth\Controllers\Auth::$load
#0 G:\Project\CI\MLM\mlm\Modules\Auth\Controllers\Auth.php(31): CodeIgniter\Debug\Exceptions->errorHandler(8, 'Undefined prope...', 'G:\\Project\\CI\\M...', 31, Array)
#1 G:\Project\CI\MLM\mlm\vendor\codeigniter4\framework\system\CodeIgniter.php(935): Modules\Auth\Controllers\Auth->index()
#2 G:\Project\CI\MLM\mlm\vendor\codeigniter4\framework\system\CodeIgniter.php(431): CodeIgniter\CodeIgniter->runController(Object(Modules\Auth\Controllers\Auth))
#3 G:\Project\CI\MLM\mlm\vendor\codeigniter4\framework\system\CodeIgniter.php(332): CodeIgniter\CodeIgniter->handleRequest(NULL, Object(Config\Cache), false)
#4 G:\Project\CI\MLM\mlm\public\index.php(44): CodeIgniter\CodeIgniter->run()
#5 {main}
CRITICAL - 2021-03-08 22:28:15 --> Undefined property: Modules\Auth\Controllers\Auth::$validation
#0 G:\Project\CI\MLM\mlm\Modules\Auth\Controllers\Auth.php(36): CodeIgniter\Debug\Exceptions->errorHandler(8, 'Undefined prope...', 'G:\\Project\\CI\\M...', 36, Array)
#1 G:\Project\CI\MLM\mlm\vendor\codeigniter4\framework\system\CodeIgniter.php(935): Modules\Auth\Controllers\Auth->index()
#2 G:\Project\CI\MLM\mlm\vendor\codeigniter4\framework\system\CodeIgniter.php(431): CodeIgniter\CodeIgniter->runController(Object(Modules\Auth\Controllers\Auth))
#3 G:\Project\CI\MLM\mlm\vendor\codeigniter4\framework\system\CodeIgniter.php(332): CodeIgniter\CodeIgniter->handleRequest(NULL, Object(Config\Cache), false)
#4 G:\Project\CI\MLM\mlm\public\index.php(44): CodeIgniter\CodeIgniter->run()
#5 {main}
CRITICAL - 2021-03-08 22:29:14 --> Call to undefined function Modules\Auth\Controllers\validation_errors()
#0 G:\Project\CI\MLM\mlm\vendor\codeigniter4\framework\system\CodeIgniter.php(935): Modules\Auth\Controllers\Auth->index()
#1 G:\Project\CI\MLM\mlm\vendor\codeigniter4\framework\system\CodeIgniter.php(431): CodeIgniter\CodeIgniter->runController(Object(Modules\Auth\Controllers\Auth))
#2 G:\Project\CI\MLM\mlm\vendor\codeigniter4\framework\system\CodeIgniter.php(332): CodeIgniter\CodeIgniter->handleRequest(NULL, Object(Config\Cache), false)
#3 G:\Project\CI\MLM\mlm\public\index.php(44): CodeIgniter\CodeIgniter->run()
#4 {main}
CRITICAL - 2021-03-08 22:35:39 --> Array to string conversion
#0 G:\Project\CI\MLM\mlm\Modules\Auth\Controllers\Auth.php(43): CodeIgniter\Debug\Exceptions->errorHandler(8, 'Array to string...', 'G:\\Project\\CI\\M...', 43, Array)
#1 G:\Project\CI\MLM\mlm\vendor\codeigniter4\framework\system\CodeIgniter.php(935): Modules\Auth\Controllers\Auth->index()
#2 G:\Project\CI\MLM\mlm\vendor\codeigniter4\framework\system\CodeIgniter.php(431): CodeIgniter\CodeIgniter->runController(Object(Modules\Auth\Controllers\Auth))
#3 G:\Project\CI\MLM\mlm\vendor\codeigniter4\framework\system\CodeIgniter.php(332): CodeIgniter\CodeIgniter->handleRequest(NULL, Object(Config\Cache), false)
#4 G:\Project\CI\MLM\mlm\public\index.php(44): CodeIgniter\CodeIgniter->run()
#5 {main}
CRITICAL - 2021-03-08 22:37:03 --> Call to protected method CodeIgniter\View\Parser::parse() from context 'Modules\Auth\Controllers\Auth'
#0 G:\Project\CI\MLM\mlm\vendor\codeigniter4\framework\system\CodeIgniter.php(935): Modules\Auth\Controllers\Auth->index()
#1 G:\Project\CI\MLM\mlm\vendor\codeigniter4\framework\system\CodeIgniter.php(431): CodeIgniter\CodeIgniter->runController(Object(Modules\Auth\Controllers\Auth))
#2 G:\Project\CI\MLM\mlm\vendor\codeigniter4\framework\system\CodeIgniter.php(332): CodeIgniter\CodeIgniter->handleRequest(NULL, Object(Config\Cache), false)
#3 G:\Project\CI\MLM\mlm\public\index.php(44): CodeIgniter\CodeIgniter->run()
#4 {main}
CRITICAL - 2021-03-08 23:48:33 --> Undefined variable: validation
#0 G:\Project\CI\MLM\mlm\Modules\Template\Views\access-page.php(54): CodeIgniter\Debug\Exceptions->errorHandler(8, 'Undefined varia...', 'G:\\Project\\CI\\M...', 54, Array)
#1 G:\Project\CI\MLM\mlm\vendor\codeigniter4\framework\system\View\View.php(220): include('G:\\Project\\CI\\M...')
#2 G:\Project\CI\MLM\mlm\vendor\codeigniter4\framework\system\View\View.php(222): CodeIgniter\View\View->CodeIgniter\View\{closure}()
#3 G:\Project\CI\MLM\mlm\vendor\codeigniter4\framework\system\Common.php(1217): CodeIgniter\View\View->render('Modules\\Templat...', Array, true)
#4 G:\Project\CI\MLM\mlm\Modules\Auth\Controllers\Auth.php(70): view('Modules\\Templat...', Array)
#5 G:\Project\CI\MLM\mlm\vendor\codeigniter4\framework\system\CodeIgniter.php(935): Modules\Auth\Controllers\Auth->index()
#6 G:\Project\CI\MLM\mlm\vendor\codeigniter4\framework\system\CodeIgniter.php(431): CodeIgniter\CodeIgniter->runController(Object(Modules\Auth\Controllers\Auth))
#7 G:\Project\CI\MLM\mlm\vendor\codeigniter4\framework\system\CodeIgniter.php(332): CodeIgniter\CodeIgniter->handleRequest(NULL, Object(Config\Cache), false)
#8 G:\Project\CI\MLM\mlm\public\index.php(44): CodeIgniter\CodeIgniter->run()
#9 {main}
CRITICAL - 2021-03-08 23:48:39 --> Undefined variable: validation
#0 G:\Project\CI\MLM\mlm\Modules\Template\Views\access-page.php(54): CodeIgniter\Debug\Exceptions->errorHandler(8, 'Undefined varia...', 'G:\\Project\\CI\\M...', 54, Array)
#1 G:\Project\CI\MLM\mlm\vendor\codeigniter4\framework\system\View\View.php(220): include('G:\\Project\\CI\\M...')
#2 G:\Project\CI\MLM\mlm\vendor\codeigniter4\framework\system\View\View.php(222): CodeIgniter\View\View->CodeIgniter\View\{closure}()
#3 G:\Project\CI\MLM\mlm\vendor\codeigniter4\framework\system\Common.php(1217): CodeIgniter\View\View->render('Modules\\Templat...', Array, true)
#4 G:\Project\CI\MLM\mlm\Modules\Auth\Controllers\Auth.php(70): view('Modules\\Templat...', Array)
#5 G:\Project\CI\MLM\mlm\vendor\codeigniter4\framework\system\CodeIgniter.php(935): Modules\Auth\Controllers\Auth->index()
#6 G:\Project\CI\MLM\mlm\vendor\codeigniter4\framework\system\CodeIgniter.php(431): CodeIgniter\CodeIgniter->runController(Object(Modules\Auth\Controllers\Auth))
#7 G:\Project\CI\MLM\mlm\vendor\codeigniter4\framework\system\CodeIgniter.php(332): CodeIgniter\CodeIgniter->handleRequest(NULL, Object(Config\Cache), false)
#8 G:\Project\CI\MLM\mlm\public\index.php(44): CodeIgniter\CodeIgniter->run()
#9 {main}
CRITICAL - 2021-03-08 23:48:40 --> Undefined variable: validation
#0 G:\Project\CI\MLM\mlm\Modules\Template\Views\access-page.php(54): CodeIgniter\Debug\Exceptions->errorHandler(8, 'Undefined varia...', 'G:\\Project\\CI\\M...', 54, Array)
#1 G:\Project\CI\MLM\mlm\vendor\codeigniter4\framework\system\View\View.php(220): include('G:\\Project\\CI\\M...')
#2 G:\Project\CI\MLM\mlm\vendor\codeigniter4\framework\system\View\View.php(222): CodeIgniter\View\View->CodeIgniter\View\{closure}()
#3 G:\Project\CI\MLM\mlm\vendor\codeigniter4\framework\system\Common.php(1217): CodeIgniter\View\View->render('Modules\\Templat...', Array, true)
#4 G:\Project\CI\MLM\mlm\Modules\Auth\Controllers\Auth.php(70): view('Modules\\Templat...', Array)
#5 G:\Project\CI\MLM\mlm\vendor\codeigniter4\framework\system\CodeIgniter.php(935): Modules\Auth\Controllers\Auth->index()
#6 G:\Project\CI\MLM\mlm\vendor\codeigniter4\framework\system\CodeIgniter.php(431): CodeIgniter\CodeIgniter->runController(Object(Modules\Auth\Controllers\Auth))
#7 G:\Project\CI\MLM\mlm\vendor\codeigniter4\framework\system\CodeIgniter.php(332): CodeIgniter\CodeIgniter->handleRequest(NULL, Object(Config\Cache), false)
#8 G:\Project\CI\MLM\mlm\public\index.php(44): CodeIgniter\CodeIgniter->run()
#9 {main}
CRITICAL - 2021-03-08 23:48:41 --> Undefined variable: validation
#0 G:\Project\CI\MLM\mlm\Modules\Template\Views\access-page.php(54): CodeIgniter\Debug\Exceptions->errorHandler(8, 'Undefined varia...', 'G:\\Project\\CI\\M...', 54, Array)
#1 G:\Project\CI\MLM\mlm\vendor\codeigniter4\framework\system\View\View.php(220): include('G:\\Project\\CI\\M...')
#2 G:\Project\CI\MLM\mlm\vendor\codeigniter4\framework\system\View\View.php(222): CodeIgniter\View\View->CodeIgniter\View\{closure}()
#3 G:\Project\CI\MLM\mlm\vendor\codeigniter4\framework\system\Common.php(1217): CodeIgniter\View\View->render('Modules\\Templat...', Array, true)
#4 G:\Project\CI\MLM\mlm\Modules\Auth\Controllers\Auth.php(70): view('Modules\\Templat...', Array)
#5 G:\Project\CI\MLM\mlm\vendor\codeigniter4\framework\system\CodeIgniter.php(935): Modules\Auth\Controllers\Auth->index()
#6 G:\Project\CI\MLM\mlm\vendor\codeigniter4\framework\system\CodeIgniter.php(431): CodeIgniter\CodeIgniter->runController(Object(Modules\Auth\Controllers\Auth))
#7 G:\Project\CI\MLM\mlm\vendor\codeigniter4\framework\system\CodeIgniter.php(332): CodeIgniter\CodeIgniter->handleRequest(NULL, Object(Config\Cache), false)
#8 G:\Project\CI\MLM\mlm\public\index.php(44): CodeIgniter\CodeIgniter->run()
#9 {main}
CRITICAL - 2021-03-08 23:48:42 --> Undefined variable: validation
#0 G:\Project\CI\MLM\mlm\Modules\Template\Views\access-page.php(54): CodeIgniter\Debug\Exceptions->errorHandler(8, 'Undefined varia...', 'G:\\Project\\CI\\M...', 54, Array)
#1 G:\Project\CI\MLM\mlm\vendor\codeigniter4\framework\system\View\View.php(220): include('G:\\Project\\CI\\M...')
#2 G:\Project\CI\MLM\mlm\vendor\codeigniter4\framework\system\View\View.php(222): CodeIgniter\View\View->CodeIgniter\View\{closure}()
#3 G:\Project\CI\MLM\mlm\vendor\codeigniter4\framework\system\Common.php(1217): CodeIgniter\View\View->render('Modules\\Templat...', Array, true)
#4 G:\Project\CI\MLM\mlm\Modules\Auth\Controllers\Auth.php(70): view('Modules\\Templat...', Array)
#5 G:\Project\CI\MLM\mlm\vendor\codeigniter4\framework\system\CodeIgniter.php(935): Modules\Auth\Controllers\Auth->index()
#6 G:\Project\CI\MLM\mlm\vendor\codeigniter4\framework\system\CodeIgniter.php(431): CodeIgniter\CodeIgniter->runController(Object(Modules\Auth\Controllers\Auth))
#7 G:\Project\CI\MLM\mlm\vendor\codeigniter4\framework\system\CodeIgniter.php(332): CodeIgniter\CodeIgniter->handleRequest(NULL, Object(Config\Cache), false)
#8 G:\Project\CI\MLM\mlm\public\index.php(44): CodeIgniter\CodeIgniter->run()
#9 {main}
CRITICAL - 2021-03-08 23:48:51 --> Undefined variable: validation
#0 G:\Project\CI\MLM\mlm\Modules\Template\Views\access-page.php(54): CodeIgniter\Debug\Exceptions->errorHandler(8, 'Undefined varia...', 'G:\\Project\\CI\\M...', 54, Array)
#1 G:\Project\CI\MLM\mlm\vendor\codeigniter4\framework\system\View\View.php(220): include('G:\\Project\\CI\\M...')
#2 G:\Project\CI\MLM\mlm\vendor\codeigniter4\framework\system\View\View.php(222): CodeIgniter\View\View->CodeIgniter\View\{closure}()
#3 G:\Project\CI\MLM\mlm\vendor\codeigniter4\framework\system\Common.php(1217): CodeIgniter\View\View->render('Modules\\Templat...', Array, true)
#4 G:\Project\CI\MLM\mlm\Modules\Auth\Controllers\Auth.php(70): view('Modules\\Templat...', Array)
#5 G:\Project\CI\MLM\mlm\vendor\codeigniter4\framework\system\CodeIgniter.php(935): Modules\Auth\Controllers\Auth->index()
#6 G:\Project\CI\MLM\mlm\vendor\codeigniter4\framework\system\CodeIgniter.php(431): CodeIgniter\CodeIgniter->runController(Object(Modules\Auth\Controllers\Auth))
#7 G:\Project\CI\MLM\mlm\vendor\codeigniter4\framework\system\CodeIgniter.php(332): CodeIgniter\CodeIgniter->handleRequest(NULL, Object(Config\Cache), false)
#8 G:\Project\CI\MLM\mlm\public\index.php(44): CodeIgniter\CodeIgniter->run()
#9 {main}
CRITICAL - 2021-03-08 23:50:40 --> Object of class CodeIgniter\Validation\Validation could not be converted to string
#0 G:\Project\CI\MLM\mlm\vendor\codeigniter4\framework\system\View\Parser.php(283): CodeIgniter\Debug\Exceptions->errorHandler(4096, 'Object of class...', 'G:\\Project\\CI\\M...', 283, Array)
#1 G:\Project\CI\MLM\mlm\vendor\codeigniter4\framework\system\View\Parser.php(179): CodeIgniter\View\Parser->parse('<!-- DEBUG-VIEW...', Array, NULL)
#2 G:\Project\CI\MLM\mlm\Modules\Auth\Controllers\Auth.php(73): CodeIgniter\View\Parser->renderString('<!-- DEBUG-VIEW...')
#3 G:\Project\CI\MLM\mlm\vendor\codeigniter4\framework\system\CodeIgniter.php(935): Modules\Auth\Controllers\Auth->index()
#4 G:\Project\CI\MLM\mlm\vendor\codeigniter4\framework\system\CodeIgniter.php(431): CodeIgniter\CodeIgniter->runController(Object(Modules\Auth\Controllers\Auth))
#5 G:\Project\CI\MLM\mlm\vendor\codeigniter4\framework\system\CodeIgniter.php(332): CodeIgniter\CodeIgniter->handleRequest(NULL, Object(Config\Cache), false)
#6 G:\Project\CI\MLM\mlm\public\index.php(44): CodeIgniter\CodeIgniter->run()
#7 {main}
CRITICAL - 2021-03-08 23:51:18 --> Call to a member function listErrors() on null
#0 G:\Project\CI\MLM\mlm\vendor\codeigniter4\framework\system\View\View.php(220): include()
#1 G:\Project\CI\MLM\mlm\vendor\codeigniter4\framework\system\View\View.php(222): CodeIgniter\View\View->CodeIgniter\View\{closure}()
#2 G:\Project\CI\MLM\mlm\vendor\codeigniter4\framework\system\Common.php(1217): CodeIgniter\View\View->render('Modules\\Templat...', Array, true)
#3 G:\Project\CI\MLM\mlm\Modules\Auth\Controllers\Auth.php(71): view('Modules\\Templat...', Array)
#4 G:\Project\CI\MLM\mlm\vendor\codeigniter4\framework\system\CodeIgniter.php(935): Modules\Auth\Controllers\Auth->index()
#5 G:\Project\CI\MLM\mlm\vendor\codeigniter4\framework\system\CodeIgniter.php(431): CodeIgniter\CodeIgniter->runController(Object(Modules\Auth\Controllers\Auth))
#6 G:\Project\CI\MLM\mlm\vendor\codeigniter4\framework\system\CodeIgniter.php(332): CodeIgniter\CodeIgniter->handleRequest(NULL, Object(Config\Cache), false)
#7 G:\Project\CI\MLM\mlm\public\index.php(44): CodeIgniter\CodeIgniter->run()
#8 {main}
